#
# There is insufficient memory for the Java Runtime Environment to continue.
# Native memory allocation (malloc) failed to allocate 262160 bytes. Error detail: Chunk::new
# Possible reasons:
#   The system is out of physical RAM or swap space
#   This process is running with CompressedOops enabled, and the Java Heap may be blocking the growth of the native heap
# Possible solutions:
#   Reduce memory load on the system
#   Increase physical memory or swap space
#   Check if swap backing store is full
#   Decrease Java heap size (-Xmx/-Xms)
#   Decrease number of Java threads
#   Decrease Java thread stack sizes (-Xss)
#   Set larger code cache with -XX:ReservedCodeCacheSize=
#   JVM is running with Unscaled Compressed Oops mode in which the Java heap is
#     placed in the first 4GB address space. The Java Heap base address is the
#     maximum limit for the native heap growth. Please use -XX:HeapBaseMinAddress
#     to set the Java Heap base and to place the Java Heap above 4GB virtual address.
# This output file may be truncated or incomplete.
#
#  Out of Memory Error (arena.cpp:149), pid=21468, tid=7176
#
# JRE version: OpenJDK Runtime Environment (23.0.1+11) (build 23.0.1+11-39)
# Java VM: OpenJDK 64-Bit Server VM (23.0.1+11-39, mixed mode, sharing, tiered, compressed oops, compressed class ptrs, g1 gc, windows-amd64)
# No core dump will be written. Minidumps are not enabled by default on client versions of Windows
#

---------------  S U M M A R Y ------------

Command Line: --add-opens=java.base/java.lang=ALL-UNNAMED --add-opens=java.base/java.lang.invoke=ALL-UNNAMED --add-opens=java.base/java.util=ALL-UNNAMED --add-opens=java.prefs/java.util.prefs=ALL-UNNAMED --add-exports=jdk.compiler/com.sun.tools.javac.api=ALL-UNNAMED --add-exports=jdk.compiler/com.sun.tools.javac.util=ALL-UNNAMED --add-opens=java.base/java.util=ALL-UNNAMED --add-opens=java.prefs/java.util.prefs=ALL-UNNAMED --add-opens=java.base/java.nio.charset=ALL-UNNAMED --add-opens=java.base/java.net=ALL-UNNAMED --add-opens=java.base/java.util.concurrent.atomic=ALL-UNNAMED --add-opens=java.xml/javax.xml.namespace=ALL-UNNAMED -XX:MaxMetaspaceSize=384m -XX:+HeapDumpOnOutOfMemoryError -Xms256m -Xmx512m -Dfile.encoding=UTF-8 -Duser.country=KR -Duser.language=ko -Duser.variant -javaagent:C:\Users\alla0\.gradle\wrapper\dists\gradle-8.12.1-bin\eumc4uhoysa37zql93vfjkxy0\gradle-8.12.1\lib\agents\gradle-instrumentation-agent-8.12.1.jar org.gradle.launcher.daemon.bootstrap.GradleDaemon 8.12.1

Host: 11th Gen Intel(R) Core(TM) i5-1135G7 @ 2.40GHz, 8 cores, 7G,  Windows 11 , 64 bit Build 22621 (10.0.22621.4391)
Time: Fri Feb 14 20:29:08 2025  Windows 11 , 64 bit Build 22621 (10.0.22621.4391) elapsed time: 3.314590 seconds (0d 0h 0m 3s)

---------------  T H R E A D  ---------------

Current thread (0x00000209280318a0):  JavaThread "C2 CompilerThread0" daemon [_thread_in_native, id=7176, stack(0x000000dc39d00000,0x000000dc39e00000) (1024K)]


Current CompileTask:
C2:3314 2891   !   4       java.lang.ClassLoader::loadClass (121 bytes)

Stack: [0x000000dc39d00000,0x000000dc39e00000]
Native frames: (J=compiled Java code, j=interpreted, Vv=VM code, C=native code)
V  [jvm.dll+0x6e08b9]  (no source info available)
V  [jvm.dll+0x87dc83]  (no source info available)
V  [jvm.dll+0x88010e]  (no source info available)
V  [jvm.dll+0x8807e3]  (no source info available)
V  [jvm.dll+0x27aee6]  (no source info available)
V  [jvm.dll+0xbc06f]  (no source info available)
V  [jvm.dll+0xbc45b]  (no source info available)
V  [jvm.dll+0xbbf1b]  (no source info available)
V  [jvm.dll+0x6bc93c]  (no source info available)
V  [jvm.dll+0x24c1a9]  (no source info available)
V  [jvm.dll+0x70521b]  (no source info available)
V  [jvm.dll+0x243bed]  (no source info available)
V  [jvm.dll+0x1c33a0]  (no source info available)
V  [jvm.dll+0x253cf1]  (no source info available)
V  [jvm.dll+0x251faa]  (no source info available)
V  [jvm.dll+0x3ee036]  (no source info available)
V  [jvm.dll+0x824f8b]  (no source info available)
V  [jvm.dll+0x6df065]  (no source info available)
C  [ucrtbase.dll+0x29333]  (no source info available)
C  [KERNEL32.DLL+0x1259d]  (no source info available)
C  [ntdll.dll+0x5af38]  (no source info available)

Lock stack of current Java thread (top to bottom):


---------------  P R O C E S S  ---------------

Threads class SMR info:
_java_thread_list=0x000002092841bd40, length=24, elements={
0x00000209680f6450, 0x0000020928010c20, 0x0000020928011780, 0x0000020928012d40,
0x0000020928013a90, 0x000002092801e740, 0x00000209280252b0, 0x00000209280318a0,
0x0000020928032570, 0x0000020928114230, 0x00000209282f7fd0, 0x0000020929a30ca0,
0x0000020929b6dae0, 0x0000020929a78fe0, 0x0000020929c50230, 0x0000020929c5ba60,
0x0000020929c36270, 0x0000020929cb7ac0, 0x0000020929cb8150, 0x0000020929cb8e70,
0x0000020929cb9b90, 0x0000020929cb87e0, 0x0000020929cba220, 0x0000020929cb7430
}

Java Threads: ( => current thread )
  0x00000209680f6450 JavaThread "main"                              [_thread_blocked, id=1804, stack(0x000000dc38f00000,0x000000dc39000000) (1024K)]
  0x0000020928010c20 JavaThread "Reference Handler"          daemon [_thread_blocked, id=9036, stack(0x000000dc39700000,0x000000dc39800000) (1024K)]
  0x0000020928011780 JavaThread "Finalizer"                  daemon [_thread_blocked, id=29416, stack(0x000000dc39800000,0x000000dc39900000) (1024K)]
  0x0000020928012d40 JavaThread "Signal Dispatcher"          daemon [_thread_blocked, id=18684, stack(0x000000dc39900000,0x000000dc39a00000) (1024K)]
  0x0000020928013a90 JavaThread "Attach Listener"            daemon [_thread_blocked, id=29712, stack(0x000000dc39a00000,0x000000dc39b00000) (1024K)]
  0x000002092801e740 JavaThread "Service Thread"             daemon [_thread_blocked, id=27128, stack(0x000000dc39b00000,0x000000dc39c00000) (1024K)]
  0x00000209280252b0 JavaThread "Monitor Deflation Thread"   daemon [_thread_blocked, id=25552, stack(0x000000dc39c00000,0x000000dc39d00000) (1024K)]
=>0x00000209280318a0 JavaThread "C2 CompilerThread0"         daemon [_thread_in_native, id=7176, stack(0x000000dc39d00000,0x000000dc39e00000) (1024K)]
  0x0000020928032570 JavaThread "C1 CompilerThread0"         daemon [_thread_in_native, id=27840, stack(0x000000dc39e00000,0x000000dc39f00000) (1024K)]
  0x0000020928114230 JavaThread "Common-Cleaner"             daemon [_thread_blocked, id=18936, stack(0x000000dc39f00000,0x000000dc3a000000) (1024K)]
  0x00000209282f7fd0 JavaThread "Notification Thread"        daemon [_thread_blocked, id=20644, stack(0x000000dc3a000000,0x000000dc3a100000) (1024K)]
  0x0000020929a30ca0 JavaThread "Daemon health stats"               [_thread_blocked, id=19268, stack(0x000000dc3a600000,0x000000dc3a700000) (1024K)]
  0x0000020929b6dae0 JavaThread "Incoming local TCP Connector on port 56021"        [_thread_in_native, id=27260, stack(0x000000dc3a700000,0x000000dc3a800000) (1024K)]
  0x0000020929a78fe0 JavaThread "Daemon periodic checks"            [_thread_blocked, id=16752, stack(0x000000dc3a800000,0x000000dc3a900000) (1024K)]
  0x0000020929c50230 JavaThread "Daemon"                            [_thread_blocked, id=6832, stack(0x000000dc3a900000,0x000000dc3aa00000) (1024K)]
  0x0000020929c5ba60 JavaThread "Handler for socket connection from /127.0.0.1:56021 to /127.0.0.1:56022"        [_thread_in_native, id=18312, stack(0x000000dc3aa00000,0x000000dc3ab00000) (1024K)]
  0x0000020929c36270 JavaThread "Cancel handler"                    [_thread_blocked, id=26348, stack(0x000000dc3ab00000,0x000000dc3ac00000) (1024K)]
  0x0000020929cb7ac0 JavaThread "Daemon worker"                     [_thread_in_vm, id=27432, stack(0x000000dc3ac00000,0x000000dc3ad00000) (1024K)]
  0x0000020929cb8150 JavaThread "Asynchronous log dispatcher for DefaultDaemonConnection: socket connection from /127.0.0.1:56021 to /127.0.0.1:56022"        [_thread_blocked, id=32284, stack(0x000000dc3ad00000,0x000000dc3ae00000) (1024K)]
  0x0000020929cb8e70 JavaThread "Stdin handler"                     [_thread_blocked, id=5448, stack(0x000000dc3ae00000,0x000000dc3af00000) (1024K)]
  0x0000020929cb9b90 JavaThread "Daemon client event forwarder"        [_thread_blocked, id=8116, stack(0x000000dc3af00000,0x000000dc3b000000) (1024K)]
  0x0000020929cb87e0 JavaThread "Cache worker for journal cache (C:\Users\alla0\.gradle\caches\journal-1)"        [_thread_blocked, id=15052, stack(0x000000dc3b000000,0x000000dc3b100000) (1024K)]
  0x0000020929cba220 JavaThread "File lock request listener"        [_thread_in_native, id=29908, stack(0x000000dc3b100000,0x000000dc3b200000) (1024K)]
  0x0000020929cb7430 JavaThread "Cache worker for file hash cache (C:\Users\alla0\.gradle\caches\8.12.1\fileHashes)"        [_thread_blocked, id=30500, stack(0x000000dc3b200000,0x000000dc3b300000) (1024K)]
Total: 24

Other Threads:
  0x000002097623afd0 VMThread "VM Thread"                           [id=32408, stack(0x000000dc39600000,0x000000dc39700000) (1024K)]
  0x0000020976226d40 WatcherThread "VM Periodic Task Thread"        [id=26592, stack(0x000000dc39500000,0x000000dc39600000) (1024K)]
  0x000002096a36e960 WorkerThread "GC Thread#0"                     [id=5116, stack(0x000000dc39000000,0x000000dc39100000) (1024K)]
  0x00000209288d4560 WorkerThread "GC Thread#1"                     [id=29620, stack(0x000000dc3a100000,0x000000dc3a200000) (1024K)]
  0x00000209288d4910 WorkerThread "GC Thread#2"                     [id=3548, stack(0x000000dc3a200000,0x000000dc3a300000) (1024K)]
  0x00000209288d4cc0 WorkerThread "GC Thread#3"                     [id=17864, stack(0x000000dc3a300000,0x000000dc3a400000) (1024K)]
  0x00000209286c0ee0 WorkerThread "GC Thread#4"                     [id=29876, stack(0x000000dc3a400000,0x000000dc3a500000) (1024K)]
  0x00000209286c32a0 WorkerThread "GC Thread#5"                     [id=10432, stack(0x000000dc3a500000,0x000000dc3a600000) (1024K)]
  0x000002096a384ae0 ConcurrentGCThread "G1 Main Marker"            [id=14228, stack(0x000000dc39100000,0x000000dc39200000) (1024K)]
  0x000002096a385c30 WorkerThread "G1 Conc#0"                       [id=2188, stack(0x000000dc39200000,0x000000dc39300000) (1024K)]
  0x00000209760fb230 ConcurrentGCThread "G1 Refine#0"               [id=22944, stack(0x000000dc39300000,0x000000dc39400000) (1024K)]
  0x00000209760fcc60 ConcurrentGCThread "G1 Service"                [id=15452, stack(0x000000dc39400000,0x000000dc39500000) (1024K)]
Total: 12

Threads with active compile tasks:
C2 CompilerThread0  3346 2891   !   4       java.lang.ClassLoader::loadClass (121 bytes)
C1 CompilerThread0  3346 2913       3       java.lang.String::<init> (74 bytes)
Total: 2

VM state: not at safepoint (normal execution)

VM Mutex/Monitor currently owned by a thread: None

Heap address: 0x00000000e0000000, size: 512 MB, Compressed Oops mode: 32-bit

CDS archive(s) mapped at: [0x000002090f000000-0x000002090fd70000-0x000002090fd70000), size 14090240, SharedBaseAddress: 0x000002090f000000, ArchiveRelocationMode: 1.
Compressed class space mapped at: 0x0000020910000000-0x0000020924000000, reserved size: 335544320
Narrow klass base: 0x000002090f000000, Narrow klass shift: 0, Narrow klass range: 0x15000000

GC Precious Log:
 CardTable entry size: 512
 Card Set container configuration: InlinePtr #cards 5 size 8 Array Of Cards #cards 10 size 36 Howl #buckets 4 coarsen threshold 1843 Howl Bitmap #cards 512 size 80 coarsen threshold 460 Card regions per heap region 1 cards per card region 2048
 CPUs: 8 total, 8 available
 Memory: 7900M
 Large Page Support: Disabled
 NUMA Support: Disabled
 Compressed Oops: Enabled (32-bit)
 Heap Region Size: 1M
 Heap Min Capacity: 256M
 Heap Initial Capacity: 256M
 Heap Max Capacity: 512M
 Pre-touch: Disabled
 Parallel Workers: 8
 Concurrent Workers: 2
 Concurrent Refinement Workers: 8
 Periodic GC: Disabled

Heap:
 garbage-first heap   total reserved 524288K, committed 262144K, used 71960K [0x00000000e0000000, 0x0000000100000000)
  region size 1024K, 60 young (61440K), 5 survivors (5120K)
 Metaspace       used 15192K, committed 15680K, reserved 393216K
  class space    used 2126K, committed 2368K, reserved 327680K

Heap Regions: E=young(eden), S=young(survivor), O=old, HS=humongous(starts), HC=humongous(continues), CS=collection set, F=free, TAMS=top-at-mark-start, PB=parsable bottom
|   0|0x00000000e0000000, 0x00000000e0100000, 0x00000000e0100000|100%| O|  |TAMS 0x00000000e0000000| PB 0x00000000e0000000| Untracked |  0
|   1|0x00000000e0100000, 0x00000000e0200000, 0x00000000e0200000|100%| O|  |TAMS 0x00000000e0100000| PB 0x00000000e0100000| Untracked |  0
|   2|0x00000000e0200000, 0x00000000e0300000, 0x00000000e0300000|100%|HS|  |TAMS 0x00000000e0200000| PB 0x00000000e0200000| Complete |  0
|   3|0x00000000e0300000, 0x00000000e0400000, 0x00000000e0400000|100%|HC|  |TAMS 0x00000000e0300000| PB 0x00000000e0300000| Complete |  0
|   4|0x00000000e0400000, 0x00000000e0500000, 0x00000000e0500000|100%|HC|  |TAMS 0x00000000e0400000| PB 0x00000000e0400000| Complete |  0
|   5|0x00000000e0500000, 0x00000000e0600000, 0x00000000e0600000|100%| O|  |TAMS 0x00000000e0500000| PB 0x00000000e0500000| Untracked |  0
|   6|0x00000000e0600000, 0x00000000e0700000, 0x00000000e0700000|100%| O|  |TAMS 0x00000000e0600000| PB 0x00000000e0600000| Untracked |  0
|   7|0x00000000e0700000, 0x00000000e0800000, 0x00000000e0800000|100%| O|  |TAMS 0x00000000e0700000| PB 0x00000000e0700000| Untracked |  0
|   8|0x00000000e0800000, 0x00000000e0900000, 0x00000000e0900000|100%|HS|  |TAMS 0x00000000e0800000| PB 0x00000000e0800000| Complete |  0
|   9|0x00000000e0900000, 0x00000000e0900000, 0x00000000e0a00000|  0%| F|  |TAMS 0x00000000e0900000| PB 0x00000000e0900000| Untracked |  0
|  10|0x00000000e0a00000, 0x00000000e0b00000, 0x00000000e0b00000|100%| O|  |TAMS 0x00000000e0a00000| PB 0x00000000e0a00000| Untracked |  0
|  11|0x00000000e0b00000, 0x00000000e0c00000, 0x00000000e0c00000|100%| O|  |TAMS 0x00000000e0b00000| PB 0x00000000e0b00000| Untracked |  0
|  12|0x00000000e0c00000, 0x00000000e0d00000, 0x00000000e0d00000|100%| O|  |TAMS 0x00000000e0c00000| PB 0x00000000e0c00000| Untracked |  0
|  13|0x00000000e0d00000, 0x00000000e0d13a00, 0x00000000e0e00000|  7%| O|  |TAMS 0x00000000e0d00000| PB 0x00000000e0d00000| Untracked |  0
|  14|0x00000000e0e00000, 0x00000000e0e00000, 0x00000000e0f00000|  0%| F|  |TAMS 0x00000000e0e00000| PB 0x00000000e0e00000| Untracked |  0
|  15|0x00000000e0f00000, 0x00000000e0f00000, 0x00000000e1000000|  0%| F|  |TAMS 0x00000000e0f00000| PB 0x00000000e0f00000| Untracked |  0
|  16|0x00000000e1000000, 0x00000000e1000000, 0x00000000e1100000|  0%| F|  |TAMS 0x00000000e1000000| PB 0x00000000e1000000| Untracked |  0
|  17|0x00000000e1100000, 0x00000000e1100000, 0x00000000e1200000|  0%| F|  |TAMS 0x00000000e1100000| PB 0x00000000e1100000| Untracked |  0
|  18|0x00000000e1200000, 0x00000000e1200000, 0x00000000e1300000|  0%| F|  |TAMS 0x00000000e1200000| PB 0x00000000e1200000| Untracked |  0
|  19|0x00000000e1300000, 0x00000000e1300000, 0x00000000e1400000|  0%| F|  |TAMS 0x00000000e1300000| PB 0x00000000e1300000| Untracked |  0
|  20|0x00000000e1400000, 0x00000000e1400000, 0x00000000e1500000|  0%| F|  |TAMS 0x00000000e1400000| PB 0x00000000e1400000| Untracked |  0
|  21|0x00000000e1500000, 0x00000000e1500000, 0x00000000e1600000|  0%| F|  |TAMS 0x00000000e1500000| PB 0x00000000e1500000| Untracked |  0
|  22|0x00000000e1600000, 0x00000000e1600000, 0x00000000e1700000|  0%| F|  |TAMS 0x00000000e1600000| PB 0x00000000e1600000| Untracked |  0
|  23|0x00000000e1700000, 0x00000000e1700000, 0x00000000e1800000|  0%| F|  |TAMS 0x00000000e1700000| PB 0x00000000e1700000| Untracked |  0
|  24|0x00000000e1800000, 0x00000000e1800000, 0x00000000e1900000|  0%| F|  |TAMS 0x00000000e1800000| PB 0x00000000e1800000| Untracked |  0
|  25|0x00000000e1900000, 0x00000000e1900000, 0x00000000e1a00000|  0%| F|  |TAMS 0x00000000e1900000| PB 0x00000000e1900000| Untracked |  0
|  26|0x00000000e1a00000, 0x00000000e1a00000, 0x00000000e1b00000|  0%| F|  |TAMS 0x00000000e1a00000| PB 0x00000000e1a00000| Untracked |  0
|  27|0x00000000e1b00000, 0x00000000e1b00000, 0x00000000e1c00000|  0%| F|  |TAMS 0x00000000e1b00000| PB 0x00000000e1b00000| Untracked |  0
|  28|0x00000000e1c00000, 0x00000000e1c00000, 0x00000000e1d00000|  0%| F|  |TAMS 0x00000000e1c00000| PB 0x00000000e1c00000| Untracked |  0
|  29|0x00000000e1d00000, 0x00000000e1d00000, 0x00000000e1e00000|  0%| F|  |TAMS 0x00000000e1d00000| PB 0x00000000e1d00000| Untracked |  0
|  30|0x00000000e1e00000, 0x00000000e1e00000, 0x00000000e1f00000|  0%| F|  |TAMS 0x00000000e1e00000| PB 0x00000000e1e00000| Untracked |  0
|  31|0x00000000e1f00000, 0x00000000e1f00000, 0x00000000e2000000|  0%| F|  |TAMS 0x00000000e1f00000| PB 0x00000000e1f00000| Untracked |  0
|  32|0x00000000e2000000, 0x00000000e2000000, 0x00000000e2100000|  0%| F|  |TAMS 0x00000000e2000000| PB 0x00000000e2000000| Untracked |  0
|  33|0x00000000e2100000, 0x00000000e2100000, 0x00000000e2200000|  0%| F|  |TAMS 0x00000000e2100000| PB 0x00000000e2100000| Untracked |  0
|  34|0x00000000e2200000, 0x00000000e2200000, 0x00000000e2300000|  0%| F|  |TAMS 0x00000000e2200000| PB 0x00000000e2200000| Untracked |  0
|  35|0x00000000e2300000, 0x00000000e2300000, 0x00000000e2400000|  0%| F|  |TAMS 0x00000000e2300000| PB 0x00000000e2300000| Untracked |  0
|  36|0x00000000e2400000, 0x00000000e2400000, 0x00000000e2500000|  0%| F|  |TAMS 0x00000000e2400000| PB 0x00000000e2400000| Untracked |  0
|  37|0x00000000e2500000, 0x00000000e2500000, 0x00000000e2600000|  0%| F|  |TAMS 0x00000000e2500000| PB 0x00000000e2500000| Untracked |  0
|  38|0x00000000e2600000, 0x00000000e2600000, 0x00000000e2700000|  0%| F|  |TAMS 0x00000000e2600000| PB 0x00000000e2600000| Untracked |  0
|  39|0x00000000e2700000, 0x00000000e2700000, 0x00000000e2800000|  0%| F|  |TAMS 0x00000000e2700000| PB 0x00000000e2700000| Untracked |  0
|  40|0x00000000e2800000, 0x00000000e2800000, 0x00000000e2900000|  0%| F|  |TAMS 0x00000000e2800000| PB 0x00000000e2800000| Untracked |  0
|  41|0x00000000e2900000, 0x00000000e2900000, 0x00000000e2a00000|  0%| F|  |TAMS 0x00000000e2900000| PB 0x00000000e2900000| Untracked |  0
|  42|0x00000000e2a00000, 0x00000000e2a00000, 0x00000000e2b00000|  0%| F|  |TAMS 0x00000000e2a00000| PB 0x00000000e2a00000| Untracked |  0
|  43|0x00000000e2b00000, 0x00000000e2b00000, 0x00000000e2c00000|  0%| F|  |TAMS 0x00000000e2b00000| PB 0x00000000e2b00000| Untracked |  0
|  44|0x00000000e2c00000, 0x00000000e2c00000, 0x00000000e2d00000|  0%| F|  |TAMS 0x00000000e2c00000| PB 0x00000000e2c00000| Untracked |  0
|  45|0x00000000e2d00000, 0x00000000e2d00000, 0x00000000e2e00000|  0%| F|  |TAMS 0x00000000e2d00000| PB 0x00000000e2d00000| Untracked |  0
|  46|0x00000000e2e00000, 0x00000000e2e00000, 0x00000000e2f00000|  0%| F|  |TAMS 0x00000000e2e00000| PB 0x00000000e2e00000| Untracked |  0
|  47|0x00000000e2f00000, 0x00000000e2f00000, 0x00000000e3000000|  0%| F|  |TAMS 0x00000000e2f00000| PB 0x00000000e2f00000| Untracked |  0
|  48|0x00000000e3000000, 0x00000000e3000000, 0x00000000e3100000|  0%| F|  |TAMS 0x00000000e3000000| PB 0x00000000e3000000| Untracked |  0
|  49|0x00000000e3100000, 0x00000000e3100000, 0x00000000e3200000|  0%| F|  |TAMS 0x00000000e3100000| PB 0x00000000e3100000| Untracked |  0
|  50|0x00000000e3200000, 0x00000000e3200000, 0x00000000e3300000|  0%| F|  |TAMS 0x00000000e3200000| PB 0x00000000e3200000| Untracked |  0
|  51|0x00000000e3300000, 0x00000000e3300000, 0x00000000e3400000|  0%| F|  |TAMS 0x00000000e3300000| PB 0x00000000e3300000| Untracked |  0
|  52|0x00000000e3400000, 0x00000000e3400000, 0x00000000e3500000|  0%| F|  |TAMS 0x00000000e3400000| PB 0x00000000e3400000| Untracked |  0
|  53|0x00000000e3500000, 0x00000000e3500000, 0x00000000e3600000|  0%| F|  |TAMS 0x00000000e3500000| PB 0x00000000e3500000| Untracked |  0
|  54|0x00000000e3600000, 0x00000000e3600000, 0x00000000e3700000|  0%| F|  |TAMS 0x00000000e3600000| PB 0x00000000e3600000| Untracked |  0
|  55|0x00000000e3700000, 0x00000000e3700000, 0x00000000e3800000|  0%| F|  |TAMS 0x00000000e3700000| PB 0x00000000e3700000| Untracked |  0
|  56|0x00000000e3800000, 0x00000000e3800000, 0x00000000e3900000|  0%| F|  |TAMS 0x00000000e3800000| PB 0x00000000e3800000| Untracked |  0
|  57|0x00000000e3900000, 0x00000000e3900000, 0x00000000e3a00000|  0%| F|  |TAMS 0x00000000e3900000| PB 0x00000000e3900000| Untracked |  0
|  58|0x00000000e3a00000, 0x00000000e3a00000, 0x00000000e3b00000|  0%| F|  |TAMS 0x00000000e3a00000| PB 0x00000000e3a00000| Untracked |  0
|  59|0x00000000e3b00000, 0x00000000e3b00000, 0x00000000e3c00000|  0%| F|  |TAMS 0x00000000e3b00000| PB 0x00000000e3b00000| Untracked |  0
|  60|0x00000000e3c00000, 0x00000000e3c00000, 0x00000000e3d00000|  0%| F|  |TAMS 0x00000000e3c00000| PB 0x00000000e3c00000| Untracked |  0
|  61|0x00000000e3d00000, 0x00000000e3d00000, 0x00000000e3e00000|  0%| F|  |TAMS 0x00000000e3d00000| PB 0x00000000e3d00000| Untracked |  0
|  62|0x00000000e3e00000, 0x00000000e3e00000, 0x00000000e3f00000|  0%| F|  |TAMS 0x00000000e3e00000| PB 0x00000000e3e00000| Untracked |  0
|  63|0x00000000e3f00000, 0x00000000e3f00000, 0x00000000e4000000|  0%| F|  |TAMS 0x00000000e3f00000| PB 0x00000000e3f00000| Untracked |  0
|  64|0x00000000e4000000, 0x00000000e4000000, 0x00000000e4100000|  0%| F|  |TAMS 0x00000000e4000000| PB 0x00000000e4000000| Untracked |  0
|  65|0x00000000e4100000, 0x00000000e4100000, 0x00000000e4200000|  0%| F|  |TAMS 0x00000000e4100000| PB 0x00000000e4100000| Untracked |  0
|  66|0x00000000e4200000, 0x00000000e4200000, 0x00000000e4300000|  0%| F|  |TAMS 0x00000000e4200000| PB 0x00000000e4200000| Untracked |  0
|  67|0x00000000e4300000, 0x00000000e4300000, 0x00000000e4400000|  0%| F|  |TAMS 0x00000000e4300000| PB 0x00000000e4300000| Untracked |  0
|  68|0x00000000e4400000, 0x00000000e4400000, 0x00000000e4500000|  0%| F|  |TAMS 0x00000000e4400000| PB 0x00000000e4400000| Untracked |  0
|  69|0x00000000e4500000, 0x00000000e4500000, 0x00000000e4600000|  0%| F|  |TAMS 0x00000000e4500000| PB 0x00000000e4500000| Untracked |  0
|  70|0x00000000e4600000, 0x00000000e4600000, 0x00000000e4700000|  0%| F|  |TAMS 0x00000000e4600000| PB 0x00000000e4600000| Untracked |  0
|  71|0x00000000e4700000, 0x00000000e4700000, 0x00000000e4800000|  0%| F|  |TAMS 0x00000000e4700000| PB 0x00000000e4700000| Untracked |  0
|  72|0x00000000e4800000, 0x00000000e4800000, 0x00000000e4900000|  0%| F|  |TAMS 0x00000000e4800000| PB 0x00000000e4800000| Untracked |  0
|  73|0x00000000e4900000, 0x00000000e4900000, 0x00000000e4a00000|  0%| F|  |TAMS 0x00000000e4900000| PB 0x00000000e4900000| Untracked |  0
|  74|0x00000000e4a00000, 0x00000000e4a00000, 0x00000000e4b00000|  0%| F|  |TAMS 0x00000000e4a00000| PB 0x00000000e4a00000| Untracked |  0
|  75|0x00000000e4b00000, 0x00000000e4b00000, 0x00000000e4c00000|  0%| F|  |TAMS 0x00000000e4b00000| PB 0x00000000e4b00000| Untracked |  0
|  76|0x00000000e4c00000, 0x00000000e4c00000, 0x00000000e4d00000|  0%| F|  |TAMS 0x00000000e4c00000| PB 0x00000000e4c00000| Untracked |  0
|  77|0x00000000e4d00000, 0x00000000e4d00000, 0x00000000e4e00000|  0%| F|  |TAMS 0x00000000e4d00000| PB 0x00000000e4d00000| Untracked |  0
|  78|0x00000000e4e00000, 0x00000000e4e00000, 0x00000000e4f00000|  0%| F|  |TAMS 0x00000000e4e00000| PB 0x00000000e4e00000| Untracked |  0
|  79|0x00000000e4f00000, 0x00000000e4f00000, 0x00000000e5000000|  0%| F|  |TAMS 0x00000000e4f00000| PB 0x00000000e4f00000| Untracked |  0
|  80|0x00000000e5000000, 0x00000000e5000000, 0x00000000e5100000|  0%| F|  |TAMS 0x00000000e5000000| PB 0x00000000e5000000| Untracked |  0
|  81|0x00000000e5100000, 0x00000000e5100000, 0x00000000e5200000|  0%| F|  |TAMS 0x00000000e5100000| PB 0x00000000e5100000| Untracked |  0
|  82|0x00000000e5200000, 0x00000000e5200000, 0x00000000e5300000|  0%| F|  |TAMS 0x00000000e5200000| PB 0x00000000e5200000| Untracked |  0
|  83|0x00000000e5300000, 0x00000000e5300000, 0x00000000e5400000|  0%| F|  |TAMS 0x00000000e5300000| PB 0x00000000e5300000| Untracked |  0
|  84|0x00000000e5400000, 0x00000000e5400000, 0x00000000e5500000|  0%| F|  |TAMS 0x00000000e5400000| PB 0x00000000e5400000| Untracked |  0
|  85|0x00000000e5500000, 0x00000000e5500000, 0x00000000e5600000|  0%| F|  |TAMS 0x00000000e5500000| PB 0x00000000e5500000| Untracked |  0
|  86|0x00000000e5600000, 0x00000000e5600000, 0x00000000e5700000|  0%| F|  |TAMS 0x00000000e5600000| PB 0x00000000e5600000| Untracked |  0
|  87|0x00000000e5700000, 0x00000000e5700000, 0x00000000e5800000|  0%| F|  |TAMS 0x00000000e5700000| PB 0x00000000e5700000| Untracked |  0
|  88|0x00000000e5800000, 0x00000000e5800000, 0x00000000e5900000|  0%| F|  |TAMS 0x00000000e5800000| PB 0x00000000e5800000| Untracked |  0
|  89|0x00000000e5900000, 0x00000000e5900000, 0x00000000e5a00000|  0%| F|  |TAMS 0x00000000e5900000| PB 0x00000000e5900000| Untracked |  0
|  90|0x00000000e5a00000, 0x00000000e5a00000, 0x00000000e5b00000|  0%| F|  |TAMS 0x00000000e5a00000| PB 0x00000000e5a00000| Untracked |  0
|  91|0x00000000e5b00000, 0x00000000e5b00000, 0x00000000e5c00000|  0%| F|  |TAMS 0x00000000e5b00000| PB 0x00000000e5b00000| Untracked |  0
|  92|0x00000000e5c00000, 0x00000000e5c00000, 0x00000000e5d00000|  0%| F|  |TAMS 0x00000000e5c00000| PB 0x00000000e5c00000| Untracked |  0
|  93|0x00000000e5d00000, 0x00000000e5d00000, 0x00000000e5e00000|  0%| F|  |TAMS 0x00000000e5d00000| PB 0x00000000e5d00000| Untracked |  0
|  94|0x00000000e5e00000, 0x00000000e5e00000, 0x00000000e5f00000|  0%| F|  |TAMS 0x00000000e5e00000| PB 0x00000000e5e00000| Untracked |  0
|  95|0x00000000e5f00000, 0x00000000e5f00000, 0x00000000e6000000|  0%| F|  |TAMS 0x00000000e5f00000| PB 0x00000000e5f00000| Untracked |  0
|  96|0x00000000e6000000, 0x00000000e6000000, 0x00000000e6100000|  0%| F|  |TAMS 0x00000000e6000000| PB 0x00000000e6000000| Untracked |  0
|  97|0x00000000e6100000, 0x00000000e6100000, 0x00000000e6200000|  0%| F|  |TAMS 0x00000000e6100000| PB 0x00000000e6100000| Untracked |  0
|  98|0x00000000e6200000, 0x00000000e6200000, 0x00000000e6300000|  0%| F|  |TAMS 0x00000000e6200000| PB 0x00000000e6200000| Untracked |  0
|  99|0x00000000e6300000, 0x00000000e6300000, 0x00000000e6400000|  0%| F|  |TAMS 0x00000000e6300000| PB 0x00000000e6300000| Untracked |  0
| 100|0x00000000e6400000, 0x00000000e6400000, 0x00000000e6500000|  0%| F|  |TAMS 0x00000000e6400000| PB 0x00000000e6400000| Untracked |  0
| 101|0x00000000e6500000, 0x00000000e6500000, 0x00000000e6600000|  0%| F|  |TAMS 0x00000000e6500000| PB 0x00000000e6500000| Untracked |  0
| 102|0x00000000e6600000, 0x00000000e6600000, 0x00000000e6700000|  0%| F|  |TAMS 0x00000000e6600000| PB 0x00000000e6600000| Untracked |  0
| 103|0x00000000e6700000, 0x00000000e6700000, 0x00000000e6800000|  0%| F|  |TAMS 0x00000000e6700000| PB 0x00000000e6700000| Untracked |  0
| 104|0x00000000e6800000, 0x00000000e6800000, 0x00000000e6900000|  0%| F|  |TAMS 0x00000000e6800000| PB 0x00000000e6800000| Untracked |  0
| 105|0x00000000e6900000, 0x00000000e6900000, 0x00000000e6a00000|  0%| F|  |TAMS 0x00000000e6900000| PB 0x00000000e6900000| Untracked |  0
| 106|0x00000000e6a00000, 0x00000000e6a00000, 0x00000000e6b00000|  0%| F|  |TAMS 0x00000000e6a00000| PB 0x00000000e6a00000| Untracked |  0
| 107|0x00000000e6b00000, 0x00000000e6b00000, 0x00000000e6c00000|  0%| F|  |TAMS 0x00000000e6b00000| PB 0x00000000e6b00000| Untracked |  0
| 108|0x00000000e6c00000, 0x00000000e6c00000, 0x00000000e6d00000|  0%| F|  |TAMS 0x00000000e6c00000| PB 0x00000000e6c00000| Untracked |  0
| 109|0x00000000e6d00000, 0x00000000e6d00000, 0x00000000e6e00000|  0%| F|  |TAMS 0x00000000e6d00000| PB 0x00000000e6d00000| Untracked |  0
| 110|0x00000000e6e00000, 0x00000000e6e00000, 0x00000000e6f00000|  0%| F|  |TAMS 0x00000000e6e00000| PB 0x00000000e6e00000| Untracked |  0
| 111|0x00000000e6f00000, 0x00000000e6f00000, 0x00000000e7000000|  0%| F|  |TAMS 0x00000000e6f00000| PB 0x00000000e6f00000| Untracked |  0
| 112|0x00000000e7000000, 0x00000000e7000000, 0x00000000e7100000|  0%| F|  |TAMS 0x00000000e7000000| PB 0x00000000e7000000| Untracked |  0
| 113|0x00000000e7100000, 0x00000000e7100000, 0x00000000e7200000|  0%| F|  |TAMS 0x00000000e7100000| PB 0x00000000e7100000| Untracked |  0
| 114|0x00000000e7200000, 0x00000000e7200000, 0x00000000e7300000|  0%| F|  |TAMS 0x00000000e7200000| PB 0x00000000e7200000| Untracked |  0
| 115|0x00000000e7300000, 0x00000000e7300000, 0x00000000e7400000|  0%| F|  |TAMS 0x00000000e7300000| PB 0x00000000e7300000| Untracked |  0
| 116|0x00000000e7400000, 0x00000000e7400000, 0x00000000e7500000|  0%| F|  |TAMS 0x00000000e7400000| PB 0x00000000e7400000| Untracked |  0
| 117|0x00000000e7500000, 0x00000000e7500000, 0x00000000e7600000|  0%| F|  |TAMS 0x00000000e7500000| PB 0x00000000e7500000| Untracked |  0
| 118|0x00000000e7600000, 0x00000000e7600000, 0x00000000e7700000|  0%| F|  |TAMS 0x00000000e7600000| PB 0x00000000e7600000| Untracked |  0
| 119|0x00000000e7700000, 0x00000000e7700000, 0x00000000e7800000|  0%| F|  |TAMS 0x00000000e7700000| PB 0x00000000e7700000| Untracked |  0
| 120|0x00000000e7800000, 0x00000000e7800000, 0x00000000e7900000|  0%| F|  |TAMS 0x00000000e7800000| PB 0x00000000e7800000| Untracked |  0
| 121|0x00000000e7900000, 0x00000000e7900000, 0x00000000e7a00000|  0%| F|  |TAMS 0x00000000e7900000| PB 0x00000000e7900000| Untracked |  0
| 122|0x00000000e7a00000, 0x00000000e7a00000, 0x00000000e7b00000|  0%| F|  |TAMS 0x00000000e7a00000| PB 0x00000000e7a00000| Untracked |  0
| 123|0x00000000e7b00000, 0x00000000e7b00000, 0x00000000e7c00000|  0%| F|  |TAMS 0x00000000e7b00000| PB 0x00000000e7b00000| Untracked |  0
| 124|0x00000000e7c00000, 0x00000000e7c00000, 0x00000000e7d00000|  0%| F|  |TAMS 0x00000000e7c00000| PB 0x00000000e7c00000| Untracked |  0
| 125|0x00000000e7d00000, 0x00000000e7d00000, 0x00000000e7e00000|  0%| F|  |TAMS 0x00000000e7d00000| PB 0x00000000e7d00000| Untracked |  0
| 126|0x00000000e7e00000, 0x00000000e7e00000, 0x00000000e7f00000|  0%| F|  |TAMS 0x00000000e7e00000| PB 0x00000000e7e00000| Untracked |  0
| 127|0x00000000e7f00000, 0x00000000e7f00000, 0x00000000e8000000|  0%| F|  |TAMS 0x00000000e7f00000| PB 0x00000000e7f00000| Untracked |  0
| 128|0x00000000e8000000, 0x00000000e8000000, 0x00000000e8100000|  0%| F|  |TAMS 0x00000000e8000000| PB 0x00000000e8000000| Untracked |  0
| 129|0x00000000e8100000, 0x00000000e8100000, 0x00000000e8200000|  0%| F|  |TAMS 0x00000000e8100000| PB 0x00000000e8100000| Untracked |  0
| 130|0x00000000e8200000, 0x00000000e8200000, 0x00000000e8300000|  0%| F|  |TAMS 0x00000000e8200000| PB 0x00000000e8200000| Untracked |  0
| 131|0x00000000e8300000, 0x00000000e8300000, 0x00000000e8400000|  0%| F|  |TAMS 0x00000000e8300000| PB 0x00000000e8300000| Untracked |  0
| 132|0x00000000e8400000, 0x00000000e8400000, 0x00000000e8500000|  0%| F|  |TAMS 0x00000000e8400000| PB 0x00000000e8400000| Untracked |  0
| 133|0x00000000e8500000, 0x00000000e8500000, 0x00000000e8600000|  0%| F|  |TAMS 0x00000000e8500000| PB 0x00000000e8500000| Untracked |  0
| 134|0x00000000e8600000, 0x00000000e8600000, 0x00000000e8700000|  0%| F|  |TAMS 0x00000000e8600000| PB 0x00000000e8600000| Untracked |  0
| 135|0x00000000e8700000, 0x00000000e8700000, 0x00000000e8800000|  0%| F|  |TAMS 0x00000000e8700000| PB 0x00000000e8700000| Untracked |  0
| 136|0x00000000e8800000, 0x00000000e8800000, 0x00000000e8900000|  0%| F|  |TAMS 0x00000000e8800000| PB 0x00000000e8800000| Untracked |  0
| 137|0x00000000e8900000, 0x00000000e8900000, 0x00000000e8a00000|  0%| F|  |TAMS 0x00000000e8900000| PB 0x00000000e8900000| Untracked |  0
| 138|0x00000000e8a00000, 0x00000000e8a00000, 0x00000000e8b00000|  0%| F|  |TAMS 0x00000000e8a00000| PB 0x00000000e8a00000| Untracked |  0
| 139|0x00000000e8b00000, 0x00000000e8b00000, 0x00000000e8c00000|  0%| F|  |TAMS 0x00000000e8b00000| PB 0x00000000e8b00000| Untracked |  0
| 140|0x00000000e8c00000, 0x00000000e8c00000, 0x00000000e8d00000|  0%| F|  |TAMS 0x00000000e8c00000| PB 0x00000000e8c00000| Untracked |  0
| 141|0x00000000e8d00000, 0x00000000e8d00000, 0x00000000e8e00000|  0%| F|  |TAMS 0x00000000e8d00000| PB 0x00000000e8d00000| Untracked |  0
| 142|0x00000000e8e00000, 0x00000000e8e00000, 0x00000000e8f00000|  0%| F|  |TAMS 0x00000000e8e00000| PB 0x00000000e8e00000| Untracked |  0
| 143|0x00000000e8f00000, 0x00000000e8f00000, 0x00000000e9000000|  0%| F|  |TAMS 0x00000000e8f00000| PB 0x00000000e8f00000| Untracked |  0
| 144|0x00000000e9000000, 0x00000000e9000000, 0x00000000e9100000|  0%| F|  |TAMS 0x00000000e9000000| PB 0x00000000e9000000| Untracked |  0
| 145|0x00000000e9100000, 0x00000000e9100000, 0x00000000e9200000|  0%| F|  |TAMS 0x00000000e9100000| PB 0x00000000e9100000| Untracked |  0
| 146|0x00000000e9200000, 0x00000000e9200000, 0x00000000e9300000|  0%| F|  |TAMS 0x00000000e9200000| PB 0x00000000e9200000| Untracked |  0
| 147|0x00000000e9300000, 0x00000000e9300000, 0x00000000e9400000|  0%| F|  |TAMS 0x00000000e9300000| PB 0x00000000e9300000| Untracked |  0
| 148|0x00000000e9400000, 0x00000000e9400000, 0x00000000e9500000|  0%| F|  |TAMS 0x00000000e9400000| PB 0x00000000e9400000| Untracked |  0
| 149|0x00000000e9500000, 0x00000000e9500000, 0x00000000e9600000|  0%| F|  |TAMS 0x00000000e9500000| PB 0x00000000e9500000| Untracked |  0
| 150|0x00000000e9600000, 0x00000000e9600000, 0x00000000e9700000|  0%| F|  |TAMS 0x00000000e9600000| PB 0x00000000e9600000| Untracked |  0
| 151|0x00000000e9700000, 0x00000000e9700000, 0x00000000e9800000|  0%| F|  |TAMS 0x00000000e9700000| PB 0x00000000e9700000| Untracked |  0
| 152|0x00000000e9800000, 0x00000000e9800000, 0x00000000e9900000|  0%| F|  |TAMS 0x00000000e9800000| PB 0x00000000e9800000| Untracked |  0
| 153|0x00000000e9900000, 0x00000000e9900000, 0x00000000e9a00000|  0%| F|  |TAMS 0x00000000e9900000| PB 0x00000000e9900000| Untracked |  0
| 154|0x00000000e9a00000, 0x00000000e9a00000, 0x00000000e9b00000|  0%| F|  |TAMS 0x00000000e9a00000| PB 0x00000000e9a00000| Untracked |  0
| 155|0x00000000e9b00000, 0x00000000e9b00000, 0x00000000e9c00000|  0%| F|  |TAMS 0x00000000e9b00000| PB 0x00000000e9b00000| Untracked |  0
| 156|0x00000000e9c00000, 0x00000000e9c00000, 0x00000000e9d00000|  0%| F|  |TAMS 0x00000000e9c00000| PB 0x00000000e9c00000| Untracked |  0
| 157|0x00000000e9d00000, 0x00000000e9d00000, 0x00000000e9e00000|  0%| F|  |TAMS 0x00000000e9d00000| PB 0x00000000e9d00000| Untracked |  0
| 158|0x00000000e9e00000, 0x00000000e9e00000, 0x00000000e9f00000|  0%| F|  |TAMS 0x00000000e9e00000| PB 0x00000000e9e00000| Untracked |  0
| 159|0x00000000e9f00000, 0x00000000e9f00000, 0x00000000ea000000|  0%| F|  |TAMS 0x00000000e9f00000| PB 0x00000000e9f00000| Untracked |  0
| 160|0x00000000ea000000, 0x00000000ea000000, 0x00000000ea100000|  0%| F|  |TAMS 0x00000000ea000000| PB 0x00000000ea000000| Untracked |  0
| 161|0x00000000ea100000, 0x00000000ea100000, 0x00000000ea200000|  0%| F|  |TAMS 0x00000000ea100000| PB 0x00000000ea100000| Untracked |  0
| 162|0x00000000ea200000, 0x00000000ea200000, 0x00000000ea300000|  0%| F|  |TAMS 0x00000000ea200000| PB 0x00000000ea200000| Untracked |  0
| 163|0x00000000ea300000, 0x00000000ea300000, 0x00000000ea400000|  0%| F|  |TAMS 0x00000000ea300000| PB 0x00000000ea300000| Untracked |  0
| 164|0x00000000ea400000, 0x00000000ea400000, 0x00000000ea500000|  0%| F|  |TAMS 0x00000000ea400000| PB 0x00000000ea400000| Untracked |  0
| 165|0x00000000ea500000, 0x00000000ea500000, 0x00000000ea600000|  0%| F|  |TAMS 0x00000000ea500000| PB 0x00000000ea500000| Untracked |  0
| 166|0x00000000ea600000, 0x00000000ea600000, 0x00000000ea700000|  0%| F|  |TAMS 0x00000000ea600000| PB 0x00000000ea600000| Untracked |  0
| 167|0x00000000ea700000, 0x00000000ea700000, 0x00000000ea800000|  0%| F|  |TAMS 0x00000000ea700000| PB 0x00000000ea700000| Untracked |  0
| 168|0x00000000ea800000, 0x00000000ea800000, 0x00000000ea900000|  0%| F|  |TAMS 0x00000000ea800000| PB 0x00000000ea800000| Untracked |  0
| 169|0x00000000ea900000, 0x00000000ea900000, 0x00000000eaa00000|  0%| F|  |TAMS 0x00000000ea900000| PB 0x00000000ea900000| Untracked |  0
| 170|0x00000000eaa00000, 0x00000000eaa00000, 0x00000000eab00000|  0%| F|  |TAMS 0x00000000eaa00000| PB 0x00000000eaa00000| Untracked |  0
| 171|0x00000000eab00000, 0x00000000eab00000, 0x00000000eac00000|  0%| F|  |TAMS 0x00000000eab00000| PB 0x00000000eab00000| Untracked |  0
| 172|0x00000000eac00000, 0x00000000eac00000, 0x00000000ead00000|  0%| F|  |TAMS 0x00000000eac00000| PB 0x00000000eac00000| Untracked |  0
| 173|0x00000000ead00000, 0x00000000ead00000, 0x00000000eae00000|  0%| F|  |TAMS 0x00000000ead00000| PB 0x00000000ead00000| Untracked |  0
| 174|0x00000000eae00000, 0x00000000eae00000, 0x00000000eaf00000|  0%| F|  |TAMS 0x00000000eae00000| PB 0x00000000eae00000| Untracked |  0
| 175|0x00000000eaf00000, 0x00000000eaf00000, 0x00000000eb000000|  0%| F|  |TAMS 0x00000000eaf00000| PB 0x00000000eaf00000| Untracked |  0
| 176|0x00000000eb000000, 0x00000000eb000000, 0x00000000eb100000|  0%| F|  |TAMS 0x00000000eb000000| PB 0x00000000eb000000| Untracked |  0
| 177|0x00000000eb100000, 0x00000000eb100000, 0x00000000eb200000|  0%| F|  |TAMS 0x00000000eb100000| PB 0x00000000eb100000| Untracked |  0
| 178|0x00000000eb200000, 0x00000000eb200000, 0x00000000eb300000|  0%| F|  |TAMS 0x00000000eb200000| PB 0x00000000eb200000| Untracked |  0
| 179|0x00000000eb300000, 0x00000000eb300000, 0x00000000eb400000|  0%| F|  |TAMS 0x00000000eb300000| PB 0x00000000eb300000| Untracked |  0
| 180|0x00000000eb400000, 0x00000000eb400000, 0x00000000eb500000|  0%| F|  |TAMS 0x00000000eb400000| PB 0x00000000eb400000| Untracked |  0
| 181|0x00000000eb500000, 0x00000000eb500000, 0x00000000eb600000|  0%| F|  |TAMS 0x00000000eb500000| PB 0x00000000eb500000| Untracked |  0
| 182|0x00000000eb600000, 0x00000000eb600000, 0x00000000eb700000|  0%| F|  |TAMS 0x00000000eb600000| PB 0x00000000eb600000| Untracked |  0
| 183|0x00000000eb700000, 0x00000000eb700000, 0x00000000eb800000|  0%| F|  |TAMS 0x00000000eb700000| PB 0x00000000eb700000| Untracked |  0
| 184|0x00000000eb800000, 0x00000000eb800000, 0x00000000eb900000|  0%| F|  |TAMS 0x00000000eb800000| PB 0x00000000eb800000| Untracked |  0
| 185|0x00000000eb900000, 0x00000000eb900000, 0x00000000eba00000|  0%| F|  |TAMS 0x00000000eb900000| PB 0x00000000eb900000| Untracked |  0
| 186|0x00000000eba00000, 0x00000000eba00000, 0x00000000ebb00000|  0%| F|  |TAMS 0x00000000eba00000| PB 0x00000000eba00000| Untracked |  0
| 187|0x00000000ebb00000, 0x00000000ebb00000, 0x00000000ebc00000|  0%| F|  |TAMS 0x00000000ebb00000| PB 0x00000000ebb00000| Untracked |  0
| 188|0x00000000ebc00000, 0x00000000ebc00000, 0x00000000ebd00000|  0%| F|  |TAMS 0x00000000ebc00000| PB 0x00000000ebc00000| Untracked |  0
| 189|0x00000000ebd00000, 0x00000000ebd00000, 0x00000000ebe00000|  0%| F|  |TAMS 0x00000000ebd00000| PB 0x00000000ebd00000| Untracked |  0
| 190|0x00000000ebe00000, 0x00000000ebe00000, 0x00000000ebf00000|  0%| F|  |TAMS 0x00000000ebe00000| PB 0x00000000ebe00000| Untracked |  0
| 191|0x00000000ebf00000, 0x00000000ebf00000, 0x00000000ec000000|  0%| F|  |TAMS 0x00000000ebf00000| PB 0x00000000ebf00000| Untracked |  0
| 192|0x00000000ec000000, 0x00000000ec000000, 0x00000000ec100000|  0%| F|  |TAMS 0x00000000ec000000| PB 0x00000000ec000000| Untracked |  0
| 193|0x00000000ec100000, 0x00000000ec100000, 0x00000000ec200000|  0%| F|  |TAMS 0x00000000ec100000| PB 0x00000000ec100000| Untracked |  0
| 194|0x00000000ec200000, 0x00000000ec200000, 0x00000000ec300000|  0%| F|  |TAMS 0x00000000ec200000| PB 0x00000000ec200000| Untracked |  0
| 195|0x00000000ec300000, 0x00000000ec300000, 0x00000000ec400000|  0%| F|  |TAMS 0x00000000ec300000| PB 0x00000000ec300000| Untracked |  0
| 196|0x00000000ec400000, 0x00000000ec500000, 0x00000000ec500000|100%| E|  |TAMS 0x00000000ec400000| PB 0x00000000ec400000| Complete |  0
| 197|0x00000000ec500000, 0x00000000ec600000, 0x00000000ec600000|100%| E|CS|TAMS 0x00000000ec500000| PB 0x00000000ec500000| Complete |  0
| 198|0x00000000ec600000, 0x00000000ec700000, 0x00000000ec700000|100%| E|CS|TAMS 0x00000000ec600000| PB 0x00000000ec600000| Complete |  0
| 199|0x00000000ec700000, 0x00000000ec800000, 0x00000000ec800000|100%| E|CS|TAMS 0x00000000ec700000| PB 0x00000000ec700000| Complete |  0
| 200|0x00000000ec800000, 0x00000000ec900000, 0x00000000ec900000|100%| E|CS|TAMS 0x00000000ec800000| PB 0x00000000ec800000| Complete |  0
| 201|0x00000000ec900000, 0x00000000eca00000, 0x00000000eca00000|100%| E|CS|TAMS 0x00000000ec900000| PB 0x00000000ec900000| Complete |  0
| 202|0x00000000eca00000, 0x00000000ecb00000, 0x00000000ecb00000|100%| E|CS|TAMS 0x00000000eca00000| PB 0x00000000eca00000| Complete |  0
| 203|0x00000000ecb00000, 0x00000000ecb32880, 0x00000000ecc00000| 19%| S|CS|TAMS 0x00000000ecb00000| PB 0x00000000ecb00000| Complete |  0
| 204|0x00000000ecc00000, 0x00000000ecd00000, 0x00000000ecd00000|100%| S|CS|TAMS 0x00000000ecc00000| PB 0x00000000ecc00000| Complete |  0
| 205|0x00000000ecd00000, 0x00000000ece00000, 0x00000000ece00000|100%| S|CS|TAMS 0x00000000ecd00000| PB 0x00000000ecd00000| Complete |  0
| 206|0x00000000ece00000, 0x00000000ecf00000, 0x00000000ecf00000|100%| S|CS|TAMS 0x00000000ece00000| PB 0x00000000ece00000| Complete |  0
| 207|0x00000000ecf00000, 0x00000000ed000000, 0x00000000ed000000|100%| S|CS|TAMS 0x00000000ecf00000| PB 0x00000000ecf00000| Complete |  0
| 208|0x00000000ed000000, 0x00000000ed100000, 0x00000000ed100000|100%| E|CS|TAMS 0x00000000ed000000| PB 0x00000000ed000000| Complete |  0
| 209|0x00000000ed100000, 0x00000000ed200000, 0x00000000ed200000|100%| E|CS|TAMS 0x00000000ed100000| PB 0x00000000ed100000| Complete |  0
| 210|0x00000000ed200000, 0x00000000ed300000, 0x00000000ed300000|100%| E|CS|TAMS 0x00000000ed200000| PB 0x00000000ed200000| Complete |  0
| 211|0x00000000ed300000, 0x00000000ed400000, 0x00000000ed400000|100%| E|CS|TAMS 0x00000000ed300000| PB 0x00000000ed300000| Complete |  0
| 212|0x00000000ed400000, 0x00000000ed500000, 0x00000000ed500000|100%| E|CS|TAMS 0x00000000ed400000| PB 0x00000000ed400000| Complete |  0
| 213|0x00000000ed500000, 0x00000000ed600000, 0x00000000ed600000|100%| E|CS|TAMS 0x00000000ed500000| PB 0x00000000ed500000| Complete |  0
| 214|0x00000000ed600000, 0x00000000ed700000, 0x00000000ed700000|100%| E|CS|TAMS 0x00000000ed600000| PB 0x00000000ed600000| Complete |  0
| 215|0x00000000ed700000, 0x00000000ed800000, 0x00000000ed800000|100%| E|CS|TAMS 0x00000000ed700000| PB 0x00000000ed700000| Complete |  0
| 216|0x00000000ed800000, 0x00000000ed900000, 0x00000000ed900000|100%| E|CS|TAMS 0x00000000ed800000| PB 0x00000000ed800000| Complete |  0
| 217|0x00000000ed900000, 0x00000000eda00000, 0x00000000eda00000|100%| E|CS|TAMS 0x00000000ed900000| PB 0x00000000ed900000| Complete |  0
| 218|0x00000000eda00000, 0x00000000edb00000, 0x00000000edb00000|100%| E|CS|TAMS 0x00000000eda00000| PB 0x00000000eda00000| Complete |  0
| 219|0x00000000edb00000, 0x00000000edc00000, 0x00000000edc00000|100%| E|CS|TAMS 0x00000000edb00000| PB 0x00000000edb00000| Complete |  0
| 220|0x00000000edc00000, 0x00000000edd00000, 0x00000000edd00000|100%| E|CS|TAMS 0x00000000edc00000| PB 0x00000000edc00000| Complete |  0
| 221|0x00000000edd00000, 0x00000000ede00000, 0x00000000ede00000|100%| E|CS|TAMS 0x00000000edd00000| PB 0x00000000edd00000| Complete |  0
| 222|0x00000000ede00000, 0x00000000edf00000, 0x00000000edf00000|100%| E|CS|TAMS 0x00000000ede00000| PB 0x00000000ede00000| Complete |  0
| 223|0x00000000edf00000, 0x00000000ee000000, 0x00000000ee000000|100%| E|CS|TAMS 0x00000000edf00000| PB 0x00000000edf00000| Complete |  0
| 224|0x00000000ee000000, 0x00000000ee100000, 0x00000000ee100000|100%| E|CS|TAMS 0x00000000ee000000| PB 0x00000000ee000000| Complete |  0
| 225|0x00000000ee100000, 0x00000000ee200000, 0x00000000ee200000|100%| E|CS|TAMS 0x00000000ee100000| PB 0x00000000ee100000| Complete |  0
| 226|0x00000000ee200000, 0x00000000ee300000, 0x00000000ee300000|100%| E|CS|TAMS 0x00000000ee200000| PB 0x00000000ee200000| Complete |  0
| 227|0x00000000ee300000, 0x00000000ee400000, 0x00000000ee400000|100%| E|CS|TAMS 0x00000000ee300000| PB 0x00000000ee300000| Complete |  0
| 228|0x00000000ee400000, 0x00000000ee500000, 0x00000000ee500000|100%| E|CS|TAMS 0x00000000ee400000| PB 0x00000000ee400000| Complete |  0
| 229|0x00000000ee500000, 0x00000000ee600000, 0x00000000ee600000|100%| E|CS|TAMS 0x00000000ee500000| PB 0x00000000ee500000| Complete |  0
| 230|0x00000000ee600000, 0x00000000ee700000, 0x00000000ee700000|100%| E|CS|TAMS 0x00000000ee600000| PB 0x00000000ee600000| Complete |  0
| 231|0x00000000ee700000, 0x00000000ee800000, 0x00000000ee800000|100%| E|CS|TAMS 0x00000000ee700000| PB 0x00000000ee700000| Complete |  0
| 232|0x00000000ee800000, 0x00000000ee900000, 0x00000000ee900000|100%| E|CS|TAMS 0x00000000ee800000| PB 0x00000000ee800000| Complete |  0
| 233|0x00000000ee900000, 0x00000000eea00000, 0x00000000eea00000|100%| E|CS|TAMS 0x00000000ee900000| PB 0x00000000ee900000| Complete |  0
| 234|0x00000000eea00000, 0x00000000eeb00000, 0x00000000eeb00000|100%| E|CS|TAMS 0x00000000eea00000| PB 0x00000000eea00000| Complete |  0
| 235|0x00000000eeb00000, 0x00000000eec00000, 0x00000000eec00000|100%| E|CS|TAMS 0x00000000eeb00000| PB 0x00000000eeb00000| Complete |  0
| 236|0x00000000eec00000, 0x00000000eed00000, 0x00000000eed00000|100%| E|CS|TAMS 0x00000000eec00000| PB 0x00000000eec00000| Complete |  0
| 237|0x00000000eed00000, 0x00000000eee00000, 0x00000000eee00000|100%| E|CS|TAMS 0x00000000eed00000| PB 0x00000000eed00000| Complete |  0
| 238|0x00000000eee00000, 0x00000000eef00000, 0x00000000eef00000|100%| E|CS|TAMS 0x00000000eee00000| PB 0x00000000eee00000| Complete |  0
| 239|0x00000000eef00000, 0x00000000ef000000, 0x00000000ef000000|100%| E|CS|TAMS 0x00000000eef00000| PB 0x00000000eef00000| Complete |  0
| 240|0x00000000ef000000, 0x00000000ef100000, 0x00000000ef100000|100%| E|CS|TAMS 0x00000000ef000000| PB 0x00000000ef000000| Complete |  0
| 241|0x00000000ef100000, 0x00000000ef200000, 0x00000000ef200000|100%| E|CS|TAMS 0x00000000ef100000| PB 0x00000000ef100000| Complete |  0
| 242|0x00000000ef200000, 0x00000000ef300000, 0x00000000ef300000|100%| E|CS|TAMS 0x00000000ef200000| PB 0x00000000ef200000| Complete |  0
| 243|0x00000000ef300000, 0x00000000ef400000, 0x00000000ef400000|100%| E|CS|TAMS 0x00000000ef300000| PB 0x00000000ef300000| Complete |  0
| 244|0x00000000ef400000, 0x00000000ef500000, 0x00000000ef500000|100%| E|CS|TAMS 0x00000000ef400000| PB 0x00000000ef400000| Complete |  0
| 245|0x00000000ef500000, 0x00000000ef600000, 0x00000000ef600000|100%| E|CS|TAMS 0x00000000ef500000| PB 0x00000000ef500000| Complete |  0
| 246|0x00000000ef600000, 0x00000000ef700000, 0x00000000ef700000|100%| E|CS|TAMS 0x00000000ef600000| PB 0x00000000ef600000| Complete |  0
| 247|0x00000000ef700000, 0x00000000ef800000, 0x00000000ef800000|100%| E|CS|TAMS 0x00000000ef700000| PB 0x00000000ef700000| Complete |  0
| 248|0x00000000ef800000, 0x00000000ef900000, 0x00000000ef900000|100%| E|CS|TAMS 0x00000000ef800000| PB 0x00000000ef800000| Complete |  0
| 249|0x00000000ef900000, 0x00000000efa00000, 0x00000000efa00000|100%| E|CS|TAMS 0x00000000ef900000| PB 0x00000000ef900000| Complete |  0
| 250|0x00000000efa00000, 0x00000000efb00000, 0x00000000efb00000|100%| E|CS|TAMS 0x00000000efa00000| PB 0x00000000efa00000| Complete |  0
| 251|0x00000000efb00000, 0x00000000efc00000, 0x00000000efc00000|100%| E|CS|TAMS 0x00000000efb00000| PB 0x00000000efb00000| Complete |  0
| 252|0x00000000efc00000, 0x00000000efd00000, 0x00000000efd00000|100%| E|CS|TAMS 0x00000000efc00000| PB 0x00000000efc00000| Complete |  0
| 253|0x00000000efd00000, 0x00000000efe00000, 0x00000000efe00000|100%| E|CS|TAMS 0x00000000efd00000| PB 0x00000000efd00000| Complete |  0
| 254|0x00000000efe00000, 0x00000000eff00000, 0x00000000eff00000|100%| E|CS|TAMS 0x00000000efe00000| PB 0x00000000efe00000| Complete |  0
| 255|0x00000000eff00000, 0x00000000f0000000, 0x00000000f0000000|100%| E|CS|TAMS 0x00000000eff00000| PB 0x00000000eff00000| Complete |  0

Card table byte_map: [0x0000020972ec0000,0x0000020972fc0000] _byte_map_base: 0x00000209727c0000

Marking Bits: (CMBitMap*) 0x000002096a36ef10
 Bits: [0x0000020972fc0000, 0x00000209737c0000)

Polling page: 0x0000020968240000

Metaspace:

Usage:
  Non-class:     12.76 MB used.
      Class:      2.08 MB used.
       Both:     14.84 MB used.

Virtual space:
  Non-class space:       64.00 MB reserved,      13.00 MB ( 20%) committed,  1 nodes.
      Class space:      320.00 MB reserved,       2.31 MB ( <1%) committed,  1 nodes.
             Both:      384.00 MB reserved,      15.31 MB (  4%) committed. 

Chunk freelists:
   Non-Class:  3.00 MB
       Class:  13.72 MB
        Both:  16.73 MB

MaxMetaspaceSize: 384.00 MB
CompressedClassSpaceSize: 320.00 MB
Initial GC threshold: 21.00 MB
Current GC threshold: 21.00 MB
CDS: on
 - commit_granule_bytes: 65536.
 - commit_granule_words: 8192.
 - virtual_space_node_default_size: 8388608.
 - enlarge_chunks_in_place: 1.
 - use_allocation_guard: 0.


Internal statistics:

num_allocs_failed_limit: 0.
num_arena_births: 514.
num_arena_deaths: 0.
num_vsnodes_births: 2.
num_vsnodes_deaths: 0.
num_space_committed: 245.
num_space_uncommitted: 0.
num_chunks_returned_to_freelist: 0.
num_chunks_taken_from_freelist: 997.
num_chunk_merges: 0.
num_chunk_splits: 657.
num_chunks_enlarged: 465.
num_inconsistent_stats: 0.

CodeHeap 'non-profiled nmethods': size=120064Kb used=1030Kb max_used=1030Kb free=119033Kb
 bounds [0x0000020907ac0000, 0x0000020907d30000, 0x000002090f000000]
CodeHeap 'profiled nmethods': size=120000Kb used=4415Kb max_used=4415Kb free=115584Kb
 bounds [0x0000020900000000, 0x0000020900450000, 0x0000020907530000]
CodeHeap 'non-nmethods': size=5696Kb used=1613Kb max_used=1627Kb free=4082Kb
 bounds [0x0000020907530000, 0x00000209077a0000, 0x0000020907ac0000]
CodeCache: size=245760Kb, used=7058Kb, max_used=7072Kb, free=238699Kb
 total_blobs=3481, nmethods=2908, adapters=478, full_count=0
Compilation: enabled, stopped_count=0, restarted_count=0

Compilation events (20 events):
Event: 3.303 Thread 0x0000020928032570 2905       3       org.gradle.util.internal.DefaultGradleVersion::compareTo (9 bytes)
Event: 3.303 Thread 0x0000020928032570 nmethod 2905 0x0000020900448f88 code [0x00000209004490c0, 0x00000209004492d0]
Event: 3.303 Thread 0x0000020928032570 2903       1       java.lang.Character::charValue (5 bytes)
Event: 3.303 Thread 0x0000020928032570 nmethod 2903 0x0000020907bc1708 code [0x0000020907bc1820, 0x0000020907bc18f0]
Event: 3.303 Thread 0x0000020928032570 2904       3       java.lang.StringLatin1::compareTo (41 bytes)
Event: 3.303 Thread 0x0000020928032570 nmethod 2904 0x0000020900449308 code [0x0000020900449460, 0x00000209004497b8]
Event: 3.303 Thread 0x0000020928032570 2906       3       java.util.TreeMap::setColor (10 bytes)
Event: 3.303 Thread 0x0000020928032570 nmethod 2906 0x0000020900449808 code [0x0000020900449920, 0x0000020900449a40]
Event: 3.304 Thread 0x0000020928032570 2907       3       java.lang.invoke.InfoFromMemberName::getModifiers (8 bytes)
Event: 3.304 Thread 0x0000020928032570 nmethod 2907 0x0000020900449b08 code [0x0000020900449c20, 0x0000020900449d98]
Event: 3.308 Thread 0x0000020928032570 2908       3       org.gradle.internal.service.DefaultServiceRegistry::assertValidServiceType (51 bytes)
Event: 3.308 Thread 0x0000020928032570 nmethod 2908 0x0000020900449e08 code [0x0000020900449fa0, 0x000002090044a4e8]
Event: 3.308 Thread 0x0000020928032570 2909       3       org.gradle.internal.service.DefaultServiceRegistry$OwnServices::getProviders (26 bytes)
Event: 3.308 Thread 0x0000020928032570 nmethod 2909 0x000002090044a588 code [0x000002090044a6c0, 0x000002090044aa20]
Event: 3.308 Thread 0x0000020928032570 2911       3       org.gradle.internal.service.DefaultServiceRegistry$OwnServices::getService (317 bytes)
Event: 3.309 Thread 0x0000020928032570 nmethod 2911 0x000002090044aa88 code [0x000002090044af20, 0x000002090044db90]
Event: 3.309 Thread 0x0000020928032570 2910       3       org.gradle.internal.service.DefaultServiceRegistry::find (151 bytes)
Event: 3.310 Thread 0x0000020928032570 nmethod 2910 0x000002090044dc88 code [0x000002090044dfc0, 0x000002090044fb28]
Event: 3.310 Thread 0x0000020928032570 2912       3       java.lang.invoke.LambdaFormBuffer::insertExpression (30 bytes)
Event: 3.310 Thread 0x0000020928032570 nmethod 2912 0x000002090044fc08 code [0x000002090044fd20, 0x000002090044fe78]

GC Heap History (6 events):
Event: 0.477 GC heap before
{Heap before GC invocations=0 (full 0):
 garbage-first heap   total reserved 524288K, committed 262144K, used 23552K [0x00000000e0000000, 0x0000000100000000)
  region size 1024K, 24 young (24576K), 0 survivors (0K)
 Metaspace       used 1135K, committed 1280K, reserved 393216K
  class space    used 84K, committed 128K, reserved 327680K
}
Event: 0.487 GC heap after
{Heap after GC invocations=1 (full 0):
 garbage-first heap   total reserved 524288K, committed 262144K, used 4950K [0x00000000e0000000, 0x0000000100000000)
  region size 1024K, 3 young (3072K), 3 survivors (3072K)
 Metaspace       used 1135K, committed 1280K, reserved 393216K
  class space    used 84K, committed 128K, reserved 327680K
}
Event: 1.168 GC heap before
{Heap before GC invocations=1 (full 0):
 garbage-first heap   total reserved 524288K, committed 262144K, used 30550K [0x00000000e0000000, 0x0000000100000000)
  region size 1024K, 26 young (26624K), 3 survivors (3072K)
 Metaspace       used 4655K, committed 4864K, reserved 393216K
  class space    used 603K, committed 704K, reserved 327680K
}
Event: 1.171 GC heap after
{Heap after GC invocations=2 (full 0):
 garbage-first heap   total reserved 524288K, committed 262144K, used 11567K [0x00000000e0000000, 0x0000000100000000)
  region size 1024K, 4 young (4096K), 4 survivors (4096K)
 Metaspace       used 4655K, committed 4864K, reserved 393216K
  class space    used 603K, committed 704K, reserved 327680K
}
Event: 1.902 GC heap before
{Heap before GC invocations=2 (full 0):
 garbage-first heap   total reserved 524288K, committed 262144K, used 57647K [0x00000000e0000000, 0x0000000100000000)
  region size 1024K, 48 young (49152K), 4 survivors (4096K)
 Metaspace       used 4767K, committed 4992K, reserved 393216K
  class space    used 605K, committed 704K, reserved 327680K
}
Event: 1.905 GC heap after
{Heap after GC invocations=3 (full 0):
 garbage-first heap   total reserved 524288K, committed 262144K, used 16664K [0x00000000e0000000, 0x0000000100000000)
  region size 1024K, 5 young (5120K), 5 survivors (5120K)
 Metaspace       used 4767K, committed 4992K, reserved 393216K
  class space    used 605K, committed 704K, reserved 327680K
}

Dll operation events (15 events):
Event: 0.012 Loaded shared library C:\Users\alla0\.jdks\openjdk-23.0.1\bin\java.dll
Event: 0.046 Loaded shared library C:\Users\alla0\.jdks\openjdk-23.0.1\bin\jsvml.dll
Event: 0.078 Loaded shared library C:\Users\alla0\.jdks\openjdk-23.0.1\bin\zip.dll
Event: 0.081 Loaded shared library C:\Users\alla0\.jdks\openjdk-23.0.1\bin\instrument.dll
Event: 0.084 Loaded shared library C:\Users\alla0\.jdks\openjdk-23.0.1\bin\net.dll
Event: 0.087 Loaded shared library C:\Users\alla0\.jdks\openjdk-23.0.1\bin\nio.dll
Event: 0.089 Loaded shared library C:\Users\alla0\.jdks\openjdk-23.0.1\bin\zip.dll
Event: 0.343 Loaded shared library C:\Users\alla0\.jdks\openjdk-23.0.1\bin\jimage.dll
Event: 0.544 Loaded shared library C:\Users\alla0\.jdks\openjdk-23.0.1\bin\verify.dll
Event: 0.686 Loaded shared library C:\Users\alla0\.gradle\native\1def1411415f61bf3af743bc5b6707747c0891f09f0c88961ee8f79bc544acac\windows-amd64\native-platform.dll
Event: 0.694 Loaded shared library C:\Users\alla0\.gradle\native\0.2.6\x86_64-windows-gnu\gradle-fileevents.dll
Event: 2.178 Loaded shared library C:\Users\alla0\.jdks\openjdk-23.0.1\bin\management.dll
Event: 2.193 Loaded shared library C:\Users\alla0\.jdks\openjdk-23.0.1\bin\management_ext.dll
Event: 2.405 Loaded shared library C:\Users\alla0\.jdks\openjdk-23.0.1\bin\extnet.dll
Event: 2.865 Loaded shared library C:\Users\alla0\.jdks\openjdk-23.0.1\bin\sunmscapi.dll

Deoptimization events (20 events):
Event: 2.943 Thread 0x0000020929cb7ac0 DEOPT PACKING pc=0x0000020907b5eb10 sp=0x000000dc3acff170
Event: 2.943 Thread 0x0000020929cb7ac0 DEOPT UNPACKING pc=0x0000020907587982 sp=0x000000dc3acff0d8 mode 2
Event: 2.985 Thread 0x0000020929cb7ac0 DEOPT PACKING pc=0x00000209000b721c sp=0x000000dc3acf9230
Event: 2.985 Thread 0x0000020929cb7ac0 DEOPT UNPACKING pc=0x00000209075884c2 sp=0x000000dc3acf8730 mode 0
Event: 3.095 Thread 0x0000020929cb7ac0 Uncommon trap: trap_request=0xffffff45 fr.pc=0x0000020907b5052c relative=0x00000000000001cc
Event: 3.095 Thread 0x0000020929cb7ac0 Uncommon trap: reason=unstable_if action=reinterpret pc=0x0000020907b5052c method=java.util.HashMap.getNode(Ljava/lang/Object;)Ljava/util/HashMap$Node; @ 66 c2
Event: 3.095 Thread 0x0000020929cb7ac0 DEOPT PACKING pc=0x0000020907b5052c sp=0x000000dc3acfcc10
Event: 3.095 Thread 0x0000020929cb7ac0 DEOPT UNPACKING pc=0x0000020907587982 sp=0x000000dc3acfcb30 mode 2
Event: 3.095 Thread 0x0000020929cb7ac0 Uncommon trap: trap_request=0xffffff45 fr.pc=0x0000020907b354e8 relative=0x0000000000000188
Event: 3.095 Thread 0x0000020929cb7ac0 Uncommon trap: reason=unstable_if action=reinterpret pc=0x0000020907b354e8 method=java.util.HashMap.getNode(Ljava/lang/Object;)Ljava/util/HashMap$Node; @ 66 c2
Event: 3.095 Thread 0x0000020929cb7ac0 DEOPT PACKING pc=0x0000020907b354e8 sp=0x000000dc3acfcbb0
Event: 3.095 Thread 0x0000020929cb7ac0 DEOPT UNPACKING pc=0x0000020907587982 sp=0x000000dc3acfcb30 mode 2
Event: 3.102 Thread 0x0000020929cb7ac0 Uncommon trap: trap_request=0xffffff45 fr.pc=0x0000020907b83e1c relative=0x000000000000025c
Event: 3.102 Thread 0x0000020929cb7ac0 Uncommon trap: reason=unstable_if action=reinterpret pc=0x0000020907b83e1c method=java.util.concurrent.ConcurrentHashMap.get(Ljava/lang/Object;)Ljava/lang/Object; @ 76 c2
Event: 3.102 Thread 0x0000020929cb7ac0 DEOPT PACKING pc=0x0000020907b83e1c sp=0x000000dc3acfc170
Event: 3.102 Thread 0x0000020929cb7ac0 DEOPT UNPACKING pc=0x0000020907587982 sp=0x000000dc3acfc0e8 mode 2
Event: 3.124 Thread 0x0000020929cb7ac0 Uncommon trap: trap_request=0xffffffcc fr.pc=0x0000020907baba8c relative=0x000000000000034c
Event: 3.124 Thread 0x0000020929cb7ac0 Uncommon trap: reason=intrinsic_or_type_checked_inlining action=make_not_entrant pc=0x0000020907baba8c method=java.util.Arrays.copyOf([Ljava/lang/Object;ILjava/lang/Class;)[Ljava/lang/Object; @ 35 c2
Event: 3.124 Thread 0x0000020929cb7ac0 DEOPT PACKING pc=0x0000020907baba8c sp=0x000000dc3acfcda0
Event: 3.124 Thread 0x0000020929cb7ac0 DEOPT UNPACKING pc=0x0000020907587982 sp=0x000000dc3acfcd30 mode 2

Classes loaded (20 events):
Event: 3.254 Loading class java/nio/file/attribute/PosixFilePermissions$1
Event: 3.254 Loading class java/nio/file/attribute/PosixFilePermissions$1 done
Event: 3.272 Loading class java/util/concurrent/ArrayBlockingQueue
Event: 3.272 Loading class java/util/concurrent/ArrayBlockingQueue done
Event: 3.272 Loading class java/util/concurrent/locks/ReentrantLock$FairSync
Event: 3.272 Loading class java/util/concurrent/locks/ReentrantLock$FairSync done
Event: 3.275 Loading class sun/misc/Unsafe
Event: 3.276 Loading class sun/misc/Unsafe done
Event: 3.276 Loading class sun/misc/Unsafe$MemoryAccessOption
Event: 3.276 Loading class sun/misc/Unsafe$MemoryAccessOption done
Event: 3.282 Loading class java/lang/management/MemoryType
Event: 3.282 Loading class java/lang/management/MemoryType done
Event: 3.282 Loading class java/net/DatagramPacket
Event: 3.282 Loading class java/net/DatagramPacket done
Event: 3.282 Loading class java/lang/management/MemoryUsage
Event: 3.282 Loading class java/lang/management/MemoryUsage done
Event: 3.283 Loading class java/util/concurrent/LinkedBlockingDeque$Node
Event: 3.283 Loading class java/util/concurrent/LinkedBlockingDeque$Node done
Event: 3.283 Loading class sun/nio/ch/DatagramChannelImpl$DatagramPackets
Event: 3.283 Loading class sun/nio/ch/DatagramChannelImpl$DatagramPackets done

Classes unloaded (0 events):
No events

Classes redefined (0 events):
No events

Internal exceptions (20 events):
Event: 2.422 Thread 0x00000209680f6450 Exception <a 'java/lang/NoSuchMethodError'{0x00000000eeee7b30}: 'java.lang.Object java.lang.invoke.DirectMethodHandle$Holder.invokeVirtual(java.lang.Object, java.lang.Object, java.lang.Object, java.lang.Object, java.lang.Object, java.lang.Object, java.lang.Object)'> (0x00000000eeee7b30) 
thrown [s\open\src\hotspot\share\interpreter\linkResolver.cpp, line 796]
Event: 2.436 Thread 0x00000209680f6450 Exception <a 'java/lang/NoSuchMethodError'{0x00000000eed772a0}: 'java.lang.Object java.lang.invoke.DirectMethodHandle$Holder.invokeVirtual(java.lang.Object, java.lang.Object, java.lang.Object, java.lang.Object, java.lang.Object, java.lang.Object, java.lang.Object, java.lang.Object, java.lang.Object)'> (0x00000000eed772a0) 
thrown [s\open\src\hotspot\share\interpreter\linkResolver.cpp, line 796]
Event: 2.494 Thread 0x00000209680f6450 Exception <a 'java/lang/NoSuchMethodError'{0x00000000eeb16560}: 'java.lang.Object java.lang.invoke.DirectMethodHandle$Holder.invokeStaticInit(java.lang.Object, int, int, int, int)'> (0x00000000eeb16560) 
thrown [s\open\src\hotspot\share\interpreter\linkResolver.cpp, line 796]
Event: 2.757 Thread 0x00000209680f6450 Exception <a 'java/lang/NoSuchMethodError'{0x00000000eebc8a78}: 'java.lang.Object java.lang.invoke.DirectMethodHandle$Holder.invokeStaticInit(java.lang.Object, java.lang.Object, int, int, int, int)'> (0x00000000eebc8a78) 
thrown [s\open\src\hotspot\share\interpreter\linkResolver.cpp, line 796]
Event: 2.798 Thread 0x00000209680f6450 Exception <a 'java/lang/NoSuchMethodError'{0x00000000ee9e3a38}: 'int java.lang.invoke.DirectMethodHandle$Holder.invokeStatic(java.lang.Object, int, java.lang.Object)'> (0x00000000ee9e3a38) 
thrown [s\open\src\hotspot\share\interpreter\linkResolver.cpp, line 796]
Event: 2.803 Thread 0x00000209680f6450 Exception <a 'java/io/IOException'{0x00000000ee80fd08}> (0x00000000ee80fd08) 
thrown [s\open\src\hotspot\share\prims\jni.cpp, line 520]
Event: 2.808 Thread 0x00000209680f6450 Implicit null exception at 0x0000020907b02094 to 0x0000020907b0274c
Event: 3.002 Thread 0x0000020929cb7ac0 Exception <a 'java/lang/NoSuchMethodError'{0x00000000edfca250}: 'long java.lang.invoke.DirectMethodHandle$Holder.invokeInterface(java.lang.Object, java.lang.Object)'> (0x00000000edfca250) 
thrown [s\open\src\hotspot\share\interpreter\linkResolver.cpp, line 796]
Event: 3.063 Thread 0x0000020929cb7ac0 Exception <a 'java/lang/NoSuchMethodError'{0x00000000eda2fec8}: 'void java.lang.invoke.DirectMethodHandle$Holder.invokeStatic(java.lang.Object, java.lang.Object)'> (0x00000000eda2fec8) 
thrown [s\open\src\hotspot\share\interpreter\linkResolver.cpp, line 796]
Event: 3.070 Thread 0x0000020929cb7ac0 Exception <a 'java/lang/NoSuchMethodError'{0x00000000eda740f0}: 'java.lang.Object java.lang.invoke.DirectMethodHandle$Holder.invokeVirtual(java.lang.Object, java.lang.Object, java.lang.Object, java.lang.Object, java.lang.Object, java.lang.Object, java.lang.Object, java.lang.Object, java.lang.Object, java.lang.Object, java.lang.Object, java.lang.Object)'> (0x00000000eda740f0) 
thrown [s\open\src\hotspot\share\interpreter\linkResolver.cpp, line 796]
Event: 3.070 Thread 0x0000020929cb7ac0 Exception <a 'java/lang/NoSuchMethodError'{0x00000000eda79120}: 'java.lang.Object java.lang.invoke.DirectMethodHandle$Holder.invokeSpecial(java.lang.Object, java.lang.Object, java.lang.Object, java.lang.Object, java.lang.Object, java.lang.Object, java.lang.Object, java.lang.Object, java.lang.Object, java.lang.Object, java.lang.Object, java.lang.Object, java.lang.Object)'> (0x00000000eda79120) 
thrown [s\open\src\hotspot\share\interpreter\linkResolver.cpp, line 796]
Event: 3.106 Thread 0x0000020929cb7ac0 Exception <a 'java/lang/NoSuchMethodError'{0x00000000ed872528}: 'int java.lang.invoke.DirectMethodHandle$Holder.invokeVirtual(java.lang.Object, java.lang.Object, java.lang.Object)'> (0x00000000ed872528) 
thrown [s\open\src\hotspot\share\interpreter\linkResolver.cpp, line 796]
Event: 3.135 Thread 0x0000020929cb7ac0 Exception <a 'java/lang/NoSuchMethodError'{0x00000000ed6d0928}: 'java.lang.Object java.lang.invoke.DirectMethodHandle$Holder.newInvokeSpecial(java.lang.Object, java.lang.Object, java.lang.Object, java.lang.Object, java.lang.Object, java.lang.Object)'> (0x00000000ed6d0928) 
thrown [s\open\src\hotspot\share\interpreter\linkResolver.cpp, line 796]
Event: 3.174 Thread 0x0000020929cb7ac0 Exception <a 'java/lang/NoSuchMethodError'{0x00000000ed39eab8}: 'void java.lang.invoke.DelegatingMethodHandle$Holder.reinvoke_L(java.lang.Object, java.lang.Object, java.lang.Object, java.lang.Object, java.lang.Object, java.lang.Object, java.lang.Object, java.lang.Object, java.lang.Object, java.lang.Object)'> (0x00000000ed39eab8) 
thrown [s\open\src\hotspot\share\interpreter\linkResolver.cpp, line 796]
Event: 3.174 Thread 0x0000020929cb7ac0 Exception <a 'java/lang/NoSuchMethodError'{0x00000000ed3a65a8}: 'java.lang.Object java.lang.invoke.Invokers$Holder.invoker(java.lang.Object, java.lang.Object, java.lang.Object, java.lang.Object, java.lang.Object, java.lang.Object, java.lang.Object, java.lang.Object, java.lang.Object, java.lang.Object)'> (0x00000000ed3a65a8) 
thrown [s\open\src\hotspot\share\interpreter\linkResolver.cpp, line 796]
Event: 3.230 Thread 0x0000020929cb7ac0 Exception <a 'java/lang/NoSuchMethodError'{0x00000000ecaf34e0}: 'void java.lang.invoke.DirectMethodHandle$Holder.invokeVirtual(java.lang.Object, java.lang.Object, java.lang.Object, java.lang.Object, java.lang.Object)'> (0x00000000ecaf34e0) 
thrown [s\open\src\hotspot\share\interpreter\linkResolver.cpp, line 796]
Event: 3.230 Thread 0x0000020929cb7ac0 Exception <a 'java/lang/NoSuchMethodError'{0x00000000ecaf7350}: 'void java.lang.invoke.DirectMethodHandle$Holder.invokeSpecial(java.lang.Object, java.lang.Object, java.lang.Object, java.lang.Object, java.lang.Object, java.lang.Object)'> (0x00000000ecaf7350) 
thrown [s\open\src\hotspot\share\interpreter\linkResolver.cpp, line 796]
Event: 3.256 Thread 0x0000020929cb7ac0 Exception <a 'java/lang/NoSuchMethodError'{0x00000000ec8e4468}: 'void java.lang.invoke.DirectMethodHandle$Holder.invokeInterface(java.lang.Object, java.lang.Object)'> (0x00000000ec8e4468) 
thrown [s\open\src\hotspot\share\interpreter\linkResolver.cpp, line 796]
Event: 3.257 Thread 0x0000020929cb7ac0 Exception <a 'java/lang/IncompatibleClassChangeError'{0x00000000ec8e7c38}: Found class java.lang.Object, but interface was expected> (0x00000000ec8e7c38) 
thrown [s\open\src\hotspot\share\interpreter\linkResolver.cpp, line 863]
Event: 3.274 Thread 0x0000020929cb7ac0 Exception <a 'java/lang/NoSuchMethodError'{0x00000000ec60ccc0}: 'java.lang.Object java.lang.invoke.DirectMethodHandle$Holder.newInvokeSpecial(java.lang.Object, java.lang.Object, int)'> (0x00000000ec60ccc0) 
thrown [s\open\src\hotspot\share\interpreter\linkResolver.cpp, line 796]

VM Operations (20 events):
Event: 2.134 Executing VM operation: HandshakeAllThreads (Deoptimize)
Event: 2.134 Executing VM operation: HandshakeAllThreads (Deoptimize) done
Event: 2.275 Executing VM operation: HandshakeAllThreads (Deoptimize)
Event: 2.275 Executing VM operation: HandshakeAllThreads (Deoptimize) done
Event: 2.278 Executing VM operation: HandshakeAllThreads (Deoptimize)
Event: 2.278 Executing VM operation: HandshakeAllThreads (Deoptimize) done
Event: 2.278 Executing VM operation: HandshakeAllThreads (Deoptimize)
Event: 2.278 Executing VM operation: HandshakeAllThreads (Deoptimize) done
Event: 2.328 Executing VM operation: HandshakeAllThreads (Deoptimize)
Event: 2.328 Executing VM operation: HandshakeAllThreads (Deoptimize) done
Event: 2.419 Executing VM operation: HandshakeAllThreads (Deoptimize)
Event: 2.419 Executing VM operation: HandshakeAllThreads (Deoptimize) done
Event: 2.456 Executing VM operation: HandshakeAllThreads (Deoptimize)
Event: 2.456 Executing VM operation: HandshakeAllThreads (Deoptimize) done
Event: 2.629 Executing VM operation: HandshakeAllThreads (Deoptimize)
Event: 2.629 Executing VM operation: HandshakeAllThreads (Deoptimize) done
Event: 2.837 Executing VM operation: HandshakeAllThreads (Deoptimize)
Event: 2.837 Executing VM operation: HandshakeAllThreads (Deoptimize) done
Event: 3.272 Executing VM operation: HandshakeAllThreads (Deoptimize)
Event: 3.272 Executing VM operation: HandshakeAllThreads (Deoptimize) done

Memory protections (0 events):
No events

Nmethod flushes (0 events):
No events

Events (20 events):
Event: 0.044 Thread 0x00000209680f6450 Thread added: 0x0000020928013a90
Event: 0.044 Thread 0x00000209680f6450 Thread added: 0x000002092801e740
Event: 0.044 Thread 0x00000209680f6450 Thread added: 0x00000209280252b0
Event: 0.044 Thread 0x00000209680f6450 Thread added: 0x00000209280318a0
Event: 0.044 Thread 0x00000209680f6450 Thread added: 0x0000020928032570
Event: 0.060 Thread 0x00000209680f6450 Thread added: 0x0000020928114230
Event: 0.099 Thread 0x00000209680f6450 Thread added: 0x00000209282f7fd0
Event: 2.279 Thread 0x00000209680f6450 Thread added: 0x0000020929a30ca0
Event: 2.770 Thread 0x00000209680f6450 Thread added: 0x0000020929b6dae0
Event: 2.816 Thread 0x00000209680f6450 Thread added: 0x0000020929a78fe0
Event: 2.890 Thread 0x0000020929b6dae0 Thread added: 0x0000020929c50230
Event: 2.894 Thread 0x0000020929c50230 Thread added: 0x0000020929c5ba60
Event: 2.931 Thread 0x0000020929c50230 Thread added: 0x0000020929c36270
Event: 2.940 Thread 0x0000020929c50230 Thread added: 0x0000020929cb7ac0
Event: 2.950 Thread 0x0000020929cb7ac0 Thread added: 0x0000020929cb8150
Event: 2.955 Thread 0x0000020929cb7ac0 Thread added: 0x0000020929cb8e70
Event: 2.958 Thread 0x0000020929cb7ac0 Thread added: 0x0000020929cb9b90
Event: 3.273 Thread 0x0000020929cb7ac0 Thread added: 0x0000020929cb87e0
Event: 3.281 Thread 0x0000020929cb7ac0 Thread added: 0x0000020929cba220
Event: 3.311 Thread 0x0000020929cb7ac0 Thread added: 0x0000020929cb7430


Dynamic libraries:
0x00007ff7575a0000 - 0x00007ff7575ae000 	C:\Users\alla0\.jdks\openjdk-23.0.1\bin\java.exe
0x00007ffa87d70000 - 0x00007ffa87f87000 	C:\WINDOWS\SYSTEM32\ntdll.dll
0x00007ffa504e0000 - 0x00007ffa504fa000 	C:\Program Files\Avast Software\Avast\aswhook.dll
0x00007ffa86500000 - 0x00007ffa865c4000 	C:\WINDOWS\System32\KERNEL32.DLL
0x00007ffa85540000 - 0x00007ffa858fa000 	C:\WINDOWS\System32\KERNELBASE.dll
0x00007ffa85370000 - 0x00007ffa85481000 	C:\WINDOWS\System32\ucrtbase.dll
0x00007ffa6cc00000 - 0x00007ffa6cc17000 	C:\Users\alla0\.jdks\openjdk-23.0.1\bin\jli.dll
0x00007ffa6b370000 - 0x00007ffa6b38b000 	C:\Users\alla0\.jdks\openjdk-23.0.1\bin\VCRUNTIME140.dll
0x00007ffa85d10000 - 0x00007ffa85ebe000 	C:\WINDOWS\System32\USER32.dll
0x00007ffa85490000 - 0x00007ffa854b6000 	C:\WINDOWS\System32\win32u.dll
0x00007ffa87190000 - 0x00007ffa871b9000 	C:\WINDOWS\System32\GDI32.dll
0x00007ffa851a0000 - 0x00007ffa852bb000 	C:\WINDOWS\System32\gdi32full.dll
0x00007ffa85900000 - 0x00007ffa8599a000 	C:\WINDOWS\System32\msvcp_win.dll
0x00007ffa707e0000 - 0x00007ffa70a72000 	C:\WINDOWS\WinSxS\amd64_microsoft.windows.common-controls_6595b64144ccf1df_6.0.22621.4541_none_2710d1c57384c085\COMCTL32.dll
0x00007ffa865e0000 - 0x00007ffa86687000 	C:\WINDOWS\System32\msvcrt.dll
0x00007ffa85cd0000 - 0x00007ffa85d01000 	C:\WINDOWS\System32\IMM32.DLL
0x00007ffa70650000 - 0x00007ffa7065c000 	C:\Users\alla0\.jdks\openjdk-23.0.1\bin\vcruntime140_1.dll
0x00007ffa58500000 - 0x00007ffa5858e000 	C:\Users\alla0\.jdks\openjdk-23.0.1\bin\msvcp140.dll
0x00007ff9fb070000 - 0x00007ff9fbdbf000 	C:\Users\alla0\.jdks\openjdk-23.0.1\bin\server\jvm.dll
0x00007ffa86840000 - 0x00007ffa868f2000 	C:\WINDOWS\System32\ADVAPI32.dll
0x00007ffa86e90000 - 0x00007ffa86f37000 	C:\WINDOWS\System32\sechost.dll
0x00007ffa85340000 - 0x00007ffa85368000 	C:\WINDOWS\System32\bcrypt.dll
0x00007ffa87c10000 - 0x00007ffa87d24000 	C:\WINDOWS\System32\RPCRT4.dll
0x00007ffa87010000 - 0x00007ffa87081000 	C:\WINDOWS\System32\WS2_32.dll
0x00007ffa80680000 - 0x00007ffa806b4000 	C:\WINDOWS\SYSTEM32\WINMM.dll
0x00007ffa84960000 - 0x00007ffa849ad000 	C:\WINDOWS\SYSTEM32\POWRPROF.dll
0x00007ffa79e70000 - 0x00007ffa79e7a000 	C:\WINDOWS\SYSTEM32\VERSION.dll
0x00007ffa848e0000 - 0x00007ffa848f3000 	C:\WINDOWS\SYSTEM32\UMPDC.dll
0x00007ffa84070000 - 0x00007ffa84088000 	C:\WINDOWS\SYSTEM32\kernel.appcore.dll
0x00007ffa70550000 - 0x00007ffa7055a000 	C:\Users\alla0\.jdks\openjdk-23.0.1\bin\jimage.dll
0x00007ffa82910000 - 0x00007ffa82b42000 	C:\WINDOWS\SYSTEM32\DBGHELP.DLL
0x00007ffa86a90000 - 0x00007ffa86e21000 	C:\WINDOWS\System32\combase.dll
0x00007ffa85bf0000 - 0x00007ffa85cc7000 	C:\WINDOWS\System32\OLEAUT32.dll
0x00007ffa79ec0000 - 0x00007ffa79ef2000 	C:\WINDOWS\SYSTEM32\dbgcore.DLL
0x00007ffa854c0000 - 0x00007ffa8553b000 	C:\WINDOWS\System32\bcryptPrimitives.dll
0x00007ffa702f0000 - 0x00007ffa702ff000 	C:\Users\alla0\.jdks\openjdk-23.0.1\bin\instrument.dll
0x00007ffa6b330000 - 0x00007ffa6b34e000 	C:\Users\alla0\.jdks\openjdk-23.0.1\bin\java.dll
0x00007ffa86690000 - 0x00007ffa86835000 	C:\WINDOWS\System32\ole32.dll
0x00007ffa87380000 - 0x00007ffa87bf9000 	C:\WINDOWS\System32\SHELL32.dll
0x00007ffa82f70000 - 0x00007ffa83879000 	C:\WINDOWS\SYSTEM32\windows.storage.dll
0x00007ffa82e30000 - 0x00007ffa82f6f000 	C:\WINDOWS\SYSTEM32\wintypes.dll
0x00007ffa85a60000 - 0x00007ffa85b5a000 	C:\WINDOWS\System32\SHCORE.dll
0x00007ffa86fb0000 - 0x00007ffa8700e000 	C:\WINDOWS\System32\shlwapi.dll
0x00007ffa84f60000 - 0x00007ffa84f8b000 	C:\WINDOWS\SYSTEM32\profapi.dll
0x00007ffa3d260000 - 0x00007ffa3d337000 	C:\Users\alla0\.jdks\openjdk-23.0.1\bin\jsvml.dll
0x00007ffa6b310000 - 0x00007ffa6b327000 	C:\Users\alla0\.jdks\openjdk-23.0.1\bin\zip.dll
0x00007ffa6fd60000 - 0x00007ffa6fd70000 	C:\Users\alla0\.jdks\openjdk-23.0.1\bin\net.dll
0x00007ffa844f0000 - 0x00007ffa84559000 	C:\WINDOWS\system32\mswsock.dll
0x00007ffa65590000 - 0x00007ffa655a6000 	C:\Users\alla0\.jdks\openjdk-23.0.1\bin\nio.dll
0x00007ffa7fb90000 - 0x00007ffa7fba0000 	C:\Users\alla0\.jdks\openjdk-23.0.1\bin\verify.dll
0x00007ffa369e0000 - 0x00007ffa36a07000 	C:\Users\alla0\.gradle\native\1def1411415f61bf3af743bc5b6707747c0891f09f0c88961ee8f79bc544acac\windows-amd64\native-platform.dll
0x00007ffa63250000 - 0x00007ffa632c8000 	C:\Users\alla0\.gradle\native\0.2.6\x86_64-windows-gnu\gradle-fileevents.dll
0x00007ffa70ac0000 - 0x00007ffa70aca000 	C:\Users\alla0\.jdks\openjdk-23.0.1\bin\management.dll
0x00007ffa70790000 - 0x00007ffa7079b000 	C:\Users\alla0\.jdks\openjdk-23.0.1\bin\management_ext.dll
0x00007ffa865d0000 - 0x00007ffa865d8000 	C:\WINDOWS\System32\PSAPI.DLL
0x00007ffa83ae0000 - 0x00007ffa83b0d000 	C:\WINDOWS\SYSTEM32\IPHLPAPI.DLL
0x00007ffa864d0000 - 0x00007ffa864d9000 	C:\WINDOWS\System32\NSI.dll
0x00007ffa70780000 - 0x00007ffa70789000 	C:\Users\alla0\.jdks\openjdk-23.0.1\bin\extnet.dll
0x00007ffa847b0000 - 0x00007ffa847cb000 	C:\WINDOWS\SYSTEM32\CRYPTSP.dll
0x00007ffa83fd0000 - 0x00007ffa84005000 	C:\WINDOWS\system32\rsaenh.dll
0x00007ffa84650000 - 0x00007ffa84678000 	C:\WINDOWS\SYSTEM32\USERENV.dll
0x00007ffa847d0000 - 0x00007ffa847dc000 	C:\WINDOWS\SYSTEM32\CRYPTBASE.dll
0x00007ffa6f980000 - 0x00007ffa6f98e000 	C:\Users\alla0\.jdks\openjdk-23.0.1\bin\sunmscapi.dll
0x00007ffa85030000 - 0x00007ffa85196000 	C:\WINDOWS\System32\CRYPT32.dll
0x00007ffa849f0000 - 0x00007ffa84a1d000 	C:\WINDOWS\SYSTEM32\ncrypt.dll
0x00007ffa849b0000 - 0x00007ffa849e7000 	C:\WINDOWS\SYSTEM32\NTASN1.dll
0x00007ffa51590000 - 0x00007ffa51598000 	C:\WINDOWS\system32\wshunix.dll

dbghelp: loaded successfully - version: 4.0.5 - missing functions: none
symbol engine: initialized successfully - sym options: 0x614 - pdb path: .;C:\Users\alla0\.jdks\openjdk-23.0.1\bin;C:\WINDOWS\SYSTEM32;C:\Program Files\Avast Software\Avast;C:\WINDOWS\WinSxS\amd64_microsoft.windows.common-controls_6595b64144ccf1df_6.0.22621.4541_none_2710d1c57384c085;C:\Users\alla0\.jdks\openjdk-23.0.1\bin\server;C:\Users\alla0\.gradle\native\1def1411415f61bf3af743bc5b6707747c0891f09f0c88961ee8f79bc544acac\windows-amd64;C:\Users\alla0\.gradle\native\0.2.6\x86_64-windows-gnu

VM Arguments:
jvm_args: --add-opens=java.base/java.lang=ALL-UNNAMED --add-opens=java.base/java.lang.invoke=ALL-UNNAMED --add-opens=java.base/java.util=ALL-UNNAMED --add-opens=java.prefs/java.util.prefs=ALL-UNNAMED --add-exports=jdk.compiler/com.sun.tools.javac.api=ALL-UNNAMED --add-exports=jdk.compiler/com.sun.tools.javac.util=ALL-UNNAMED --add-opens=java.base/java.util=ALL-UNNAMED --add-opens=java.prefs/java.util.prefs=ALL-UNNAMED --add-opens=java.base/java.nio.charset=ALL-UNNAMED --add-opens=java.base/java.net=ALL-UNNAMED --add-opens=java.base/java.util.concurrent.atomic=ALL-UNNAMED --add-opens=java.xml/javax.xml.namespace=ALL-UNNAMED -XX:MaxMetaspaceSize=384m -XX:+HeapDumpOnOutOfMemoryError -Xms256m -Xmx512m -Dfile.encoding=UTF-8 -Duser.country=KR -Duser.language=ko -Duser.variant -javaagent:C:\Users\alla0\.gradle\wrapper\dists\gradle-8.12.1-bin\eumc4uhoysa37zql93vfjkxy0\gradle-8.12.1\lib\agents\gradle-instrumentation-agent-8.12.1.jar 
java_command: org.gradle.launcher.daemon.bootstrap.GradleDaemon 8.12.1
java_class_path (initial): C:\Users\alla0\.gradle\wrapper\dists\gradle-8.12.1-bin\eumc4uhoysa37zql93vfjkxy0\gradle-8.12.1\lib\gradle-daemon-main-8.12.1.jar
Launcher Type: SUN_STANDARD

[Global flags]
     intx CICompilerCount                          = 4                                         {product} {ergonomic}
   size_t CompressedClassSpaceSize                 = 335544320                                 {product} {ergonomic}
     uint ConcGCThreads                            = 2                                         {product} {ergonomic}
     uint G1ConcRefinementThreads                  = 8                                         {product} {ergonomic}
   size_t G1HeapRegionSize                         = 1048576                                   {product} {ergonomic}
     bool HeapDumpOnOutOfMemoryError               = true                                   {manageable} {command line}
   size_t InitialHeapSize                          = 268435456                                 {product} {command line}
   size_t MarkStackSize                            = 4194304                                   {product} {ergonomic}
   size_t MarkStackSizeMax                         = 536870912                                 {product} {ergonomic}
   size_t MaxHeapSize                              = 536870912                                 {product} {command line}
   size_t MaxMetaspaceSize                         = 402653184                                 {product} {command line}
   size_t MaxNewSize                               = 321912832                                 {product} {ergonomic}
   size_t MinHeapDeltaBytes                        = 1048576                                   {product} {ergonomic}
   size_t MinHeapSize                              = 268435456                                 {product} {command line}
    uintx NonNMethodCodeHeapSize                   = 5832704                                {pd product} {ergonomic}
    uintx NonProfiledCodeHeapSize                  = 122945536                              {pd product} {ergonomic}
    uintx ProfiledCodeHeapSize                     = 122880000                              {pd product} {ergonomic}
    uintx ReservedCodeCacheSize                    = 251658240                              {pd product} {ergonomic}
     bool SegmentedCodeCache                       = true                                      {product} {ergonomic}
   size_t SoftMaxHeapSize                          = 536870912                              {manageable} {ergonomic}
     bool UseCompressedOops                        = true                           {product lp64_product} {ergonomic}
     bool UseG1GC                                  = true                                      {product} {ergonomic}
     bool UseLargePagesIndividualAllocation        = false                                  {pd product} {ergonomic}

Logging:
Log output configuration:
 #0: stdout all=warning uptime,level,tags foldmultilines=false
 #1: stderr all=off uptime,level,tags foldmultilines=false

Environment Variables:
PATH=C:\Program Files\Common Files\Oracle\Java\javapath;C:\WINDOWS\system32;C:\WINDOWS;C:\WINDOWS\System32\Wbem;C:\WINDOWS\System32\WindowsPowerShell\v1.0\;C:\WINDOWS\System32\OpenSSH\;C:\Program Files (x86)\IVI Foundation\VISA\WinNT\Bin;C:\Users\alla0\OneDrive\ \gradle-8.7-all;C:\Users\alla0\OneDrive\ \gradle-8.7-all\gradle-8.7;C:\Users\alla0\OneDrive\ \gradle-8.7-all\gradle-8.7\bin;C:\Program Files\Git\cmd;C:\Users\alla0\AppData\Local\Microsoft\WindowsApps;C:\Users\alla0\AppData\Local\Programs\Microsoft VS Code\bin;C:\MinGW\bin;C:\Program Files\MySQL\MySQL Server 8.0\bin;;C:\Program Files\JetBrains\IntelliJ IDEA 2024.3.1.1\bin;
USERNAME=alla0
OS=Windows_NT
PROCESSOR_IDENTIFIER=Intel64 Family 6 Model 140 Stepping 1, GenuineIntel
TMP=C:\Users\alla0\AppData\Local\Temp
TEMP=C:\Users\alla0\AppData\Local\Temp




Periodic native trim disabled

---------------  S Y S T E M  ---------------

OS:
 Windows 11 , 64 bit Build 22621 (10.0.22621.4391)
OS uptime: 3 days 3:00 hours

CPU: total 8 (initial active 8) (4 cores per cpu, 2 threads per core) family 6 model 140 stepping 1 microcode 0x8a, cx8, cmov, fxsr, ht, mmx, 3dnowpref, sse, sse2, sse3, ssse3, sse4.1, sse4.2, popcnt, lzcnt, tsc, tscinvbit, avx, avx2, aes, erms, clmul, bmi1, bmi2, adx, avx512f, avx512dq, avx512cd, avx512bw, avx512vl, sha, fma, vzeroupper, avx512_vpopcntdq, avx512_vpclmulqdq, avx512_vaes, avx512_vnni, clflush, clflushopt, clwb, avx512_vbmi2, avx512_vbmi, rdtscp, rdpid, fsrm, gfni, avx512_bitalg, f16c, pku, cet_ibt, cet_ss, avx512_ifma
Processor Information for the first 8 processors :
  Max Mhz: 2419, Current Mhz: 2419, Mhz Limit: 2419

Memory: 4k page, system-wide physical 7900M (331M free)
TotalPageFile size 32476M (AvailPageFile size 4M)
current process WorkingSet (physical memory assigned to process): 160M, peak: 160M
current process commit charge ("private bytes"): 391M, peak: 391M

vm_info: OpenJDK 64-Bit Server VM (23.0.1+11-39) for windows-amd64 JRE (23.0.1+11-39), built on 2024-09-30T07:20:43Z with MS VC++ 17.6 (VS2022)

END.
