#
# There is insufficient memory for the Java Runtime Environment to continue.
# Native memory allocation (malloc) failed to allocate 756976 bytes. Error detail: Chunk::new
# Possible reasons:
#   The system is out of physical RAM or swap space
#   This process is running with CompressedOops enabled, and the Java Heap may be blocking the growth of the native heap
# Possible solutions:
#   Reduce memory load on the system
#   Increase physical memory or swap space
#   Check if swap backing store is full
#   Decrease Java heap size (-Xmx/-Xms)
#   Decrease number of Java threads
#   Decrease Java thread stack sizes (-Xss)
#   Set larger code cache with -XX:ReservedCodeCacheSize=
#   JVM is running with Unscaled Compressed Oops mode in which the Java heap is
#     placed in the first 4GB address space. The Java Heap base address is the
#     maximum limit for the native heap growth. Please use -XX:HeapBaseMinAddress
#     to set the Java Heap base and to place the Java Heap above 4GB virtual address.
# This output file may be truncated or incomplete.
#
#  Out of Memory Error (arena.cpp:149), pid=25804, tid=32744
#
# JRE version: OpenJDK Runtime Environment (23.0.1+11) (build 23.0.1+11-39)
# Java VM: OpenJDK 64-Bit Server VM (23.0.1+11-39, mixed mode, sharing, tiered, compressed oops, compressed class ptrs, g1 gc, windows-amd64)
# No core dump will be written. Minidumps are not enabled by default on client versions of Windows
#

---------------  S U M M A R Y ------------

Command Line: --add-opens=java.base/java.lang=ALL-UNNAMED --add-opens=java.base/java.lang.invoke=ALL-UNNAMED --add-opens=java.base/java.util=ALL-UNNAMED --add-opens=java.prefs/java.util.prefs=ALL-UNNAMED --add-exports=jdk.compiler/com.sun.tools.javac.api=ALL-UNNAMED --add-exports=jdk.compiler/com.sun.tools.javac.util=ALL-UNNAMED --add-opens=java.base/java.util=ALL-UNNAMED --add-opens=java.prefs/java.util.prefs=ALL-UNNAMED --add-opens=java.base/java.nio.charset=ALL-UNNAMED --add-opens=java.base/java.net=ALL-UNNAMED --add-opens=java.base/java.util.concurrent.atomic=ALL-UNNAMED --add-opens=java.xml/javax.xml.namespace=ALL-UNNAMED -XX:MaxMetaspaceSize=384m -XX:+HeapDumpOnOutOfMemoryError -Xms256m -Xmx512m -Dfile.encoding=UTF-8 -Duser.country=KR -Duser.language=ko -Duser.variant -javaagent:C:\Users\alla0\.gradle\wrapper\dists\gradle-8.12.1-bin\eumc4uhoysa37zql93vfjkxy0\gradle-8.12.1\lib\agents\gradle-instrumentation-agent-8.12.1.jar org.gradle.launcher.daemon.bootstrap.GradleDaemon 8.12.1

Host: 11th Gen Intel(R) Core(TM) i5-1135G7 @ 2.40GHz, 8 cores, 7G,  Windows 11 , 64 bit Build 22621 (10.0.22621.4391)
Time: Tue Feb 11 16:50:20 2025  Windows 11 , 64 bit Build 22621 (10.0.22621.4391) elapsed time: 4.531877 seconds (0d 0h 0m 4s)

---------------  T H R E A D  ---------------

Current thread (0x0000028ad2a33660):  JavaThread "C2 CompilerThread0" daemon [_thread_in_native, id=32744, stack(0x000000ec0d000000,0x000000ec0d100000) (1024K)]


Current CompileTask:
C2:4532 3752   !   4       java.net.URLClassLoader$1::run (81 bytes)

Stack: [0x000000ec0d000000,0x000000ec0d100000]
Native frames: (J=compiled Java code, j=interpreted, Vv=VM code, C=native code)
V  [jvm.dll+0x6e08b9]  (no source info available)
V  [jvm.dll+0x87dc83]  (no source info available)
V  [jvm.dll+0x88010e]  (no source info available)
V  [jvm.dll+0x8807e3]  (no source info available)
V  [jvm.dll+0x27aee6]  (no source info available)
V  [jvm.dll+0xbc06f]  (no source info available)
V  [jvm.dll+0xbc2cb]  (no source info available)
V  [jvm.dll+0x2ee94d]  (no source info available)
V  [jvm.dll+0x6063d9]  (no source info available)
V  [jvm.dll+0x24ddf2]  (no source info available)
V  [jvm.dll+0x2467f7]  (no source info available)
V  [jvm.dll+0x243d04]  (no source info available)
V  [jvm.dll+0x1c33a0]  (no source info available)
V  [jvm.dll+0x253cf1]  (no source info available)
V  [jvm.dll+0x251faa]  (no source info available)
V  [jvm.dll+0x3ee036]  (no source info available)
V  [jvm.dll+0x824f8b]  (no source info available)
V  [jvm.dll+0x6df065]  (no source info available)
C  [ucrtbase.dll+0x29333]  (no source info available)
C  [KERNEL32.DLL+0x1259d]  (no source info available)
C  [ntdll.dll+0x5af38]  (no source info available)

Lock stack of current Java thread (top to bottom):


---------------  P R O C E S S  ---------------

Threads class SMR info:
_java_thread_list=0x0000028aef436800, length=31, elements={
0x0000028ab57526d0, 0x0000028ad2a244c0, 0x0000028ad2a251e0, 0x0000028ad2a26860,
0x0000028ad2a28520, 0x0000028ad2a2d1b0, 0x0000028ad2a2fd10, 0x0000028ad2a33660,
0x0000028ad2a10ed0, 0x0000028ad2af91e0, 0x0000028ad2c46d50, 0x0000028aed7c4bb0,
0x0000028aed726c40, 0x0000028aed964700, 0x0000028aed846000, 0x0000028aed924060,
0x0000028aed9286e0, 0x0000028aed849f90, 0x0000028aed860230, 0x0000028aed8992e0,
0x0000028aed89a690, 0x0000028aed89a000, 0x0000028aed897f30, 0x0000028aed898c50,
0x0000028aed897210, 0x0000028aed899970, 0x0000028aef647270, 0x0000028aef647900,
0x0000028aef64a6f0, 0x0000028aef649340, 0x0000028aef648620
}

Java Threads: ( => current thread )
  0x0000028ab57526d0 JavaThread "main"                              [_thread_blocked, id=7696, stack(0x000000ec0c200000,0x000000ec0c300000) (1024K)]
  0x0000028ad2a244c0 JavaThread "Reference Handler"          daemon [_thread_blocked, id=12312, stack(0x000000ec0ca00000,0x000000ec0cb00000) (1024K)]
  0x0000028ad2a251e0 JavaThread "Finalizer"                  daemon [_thread_blocked, id=34420, stack(0x000000ec0cb00000,0x000000ec0cc00000) (1024K)]
  0x0000028ad2a26860 JavaThread "Signal Dispatcher"          daemon [_thread_blocked, id=29396, stack(0x000000ec0cc00000,0x000000ec0cd00000) (1024K)]
  0x0000028ad2a28520 JavaThread "Attach Listener"            daemon [_thread_blocked, id=31208, stack(0x000000ec0cd00000,0x000000ec0ce00000) (1024K)]
  0x0000028ad2a2d1b0 JavaThread "Service Thread"             daemon [_thread_blocked, id=29536, stack(0x000000ec0ce00000,0x000000ec0cf00000) (1024K)]
  0x0000028ad2a2fd10 JavaThread "Monitor Deflation Thread"   daemon [_thread_blocked, id=16556, stack(0x000000ec0cf00000,0x000000ec0d000000) (1024K)]
=>0x0000028ad2a33660 JavaThread "C2 CompilerThread0"         daemon [_thread_in_native, id=32744, stack(0x000000ec0d000000,0x000000ec0d100000) (1024K)]
  0x0000028ad2a10ed0 JavaThread "C1 CompilerThread0"         daemon [_thread_in_vm, id=22428, stack(0x000000ec0d100000,0x000000ec0d200000) (1024K)]
  0x0000028ad2af91e0 JavaThread "Common-Cleaner"             daemon [_thread_blocked, id=33756, stack(0x000000ec0d200000,0x000000ec0d300000) (1024K)]
  0x0000028ad2c46d50 JavaThread "Notification Thread"        daemon [_thread_blocked, id=1288, stack(0x000000ec0d300000,0x000000ec0d400000) (1024K)]
  0x0000028aed7c4bb0 JavaThread "C2 CompilerThread1"         daemon [_thread_in_native, id=17892, stack(0x000000ec0d900000,0x000000ec0da00000) (1024K)]
  0x0000028aed726c40 JavaThread "Daemon health stats"               [_thread_blocked, id=11232, stack(0x000000ec0da00000,0x000000ec0db00000) (1024K)]
  0x0000028aed964700 JavaThread "Incoming local TCP Connector on port 50246"        [_thread_in_native, id=10224, stack(0x000000ec0db00000,0x000000ec0dc00000) (1024K)]
  0x0000028aed846000 JavaThread "Daemon periodic checks"            [_thread_blocked, id=33892, stack(0x000000ec0dc00000,0x000000ec0dd00000) (1024K)]
  0x0000028aed924060 JavaThread "Daemon"                            [_thread_blocked, id=34656, stack(0x000000ec0dd00000,0x000000ec0de00000) (1024K)]
  0x0000028aed9286e0 JavaThread "Handler for socket connection from /127.0.0.1:50246 to /127.0.0.1:50247"        [_thread_in_native, id=32760, stack(0x000000ec0de00000,0x000000ec0df00000) (1024K)]
  0x0000028aed849f90 JavaThread "Cancel handler"                    [_thread_blocked, id=18160, stack(0x000000ec0df00000,0x000000ec0e000000) (1024K)]
  0x0000028aed860230 JavaThread "Daemon worker"                     [_thread_in_vm, id=26764, stack(0x000000ec0e000000,0x000000ec0e100000) (1024K)]
  0x0000028aed8992e0 JavaThread "Asynchronous log dispatcher for DefaultDaemonConnection: socket connection from /127.0.0.1:50246 to /127.0.0.1:50247"        [_thread_blocked, id=32792, stack(0x000000ec0e100000,0x000000ec0e200000) (1024K)]
  0x0000028aed89a690 JavaThread "Stdin handler"                     [_thread_blocked, id=21384, stack(0x000000ec0e200000,0x000000ec0e300000) (1024K)]
  0x0000028aed89a000 JavaThread "Daemon client event forwarder"        [_thread_blocked, id=25076, stack(0x000000ec0e300000,0x000000ec0e400000) (1024K)]
  0x0000028aed897f30 JavaThread "Cache worker for journal cache (C:\Users\alla0\.gradle\caches\journal-1)"        [_thread_blocked, id=15288, stack(0x000000ec0e400000,0x000000ec0e500000) (1024K)]
  0x0000028aed898c50 JavaThread "File lock request listener"        [_thread_in_native, id=17112, stack(0x000000ec0e500000,0x000000ec0e600000) (1024K)]
  0x0000028aed897210 JavaThread "Cache worker for file hash cache (C:\Users\alla0\.gradle\caches\8.12.1\fileHashes)"        [_thread_blocked, id=10620, stack(0x000000ec0e600000,0x000000ec0e700000) (1024K)]
  0x0000028aed899970 JavaThread "Cache worker for file hash cache (C:\likelion\WinterProject\.gradle\8.12.1\fileHashes)"        [_thread_blocked, id=34332, stack(0x000000ec0ea00000,0x000000ec0eb00000) (1024K)]
  0x0000028aef647270 JavaThread "Cache worker for Build Output Cleanup Cache (C:\likelion\WinterProject\.gradle\buildOutputCleanup)"        [_thread_blocked, id=34684, stack(0x000000ec0eb00000,0x000000ec0ec00000) (1024K)]
  0x0000028aef647900 JavaThread "File watcher server"        daemon [_thread_in_native, id=24460, stack(0x000000ec0ec00000,0x000000ec0ed00000) (1024K)]
  0x0000028aef64a6f0 JavaThread "File watcher consumer"      daemon [_thread_blocked, id=32624, stack(0x000000ec0ed00000,0x000000ec0ee00000) (1024K)]
  0x0000028aef649340 JavaThread "jar transforms"                    [_thread_blocked, id=27456, stack(0x000000ec0ee00000,0x000000ec0ef00000) (1024K)]
  0x0000028aef648620 JavaThread "jar transforms Thread 2"           [_thread_blocked, id=32944, stack(0x000000ec0ef00000,0x000000ec0f000000) (1024K)]
Total: 31

Other Threads:
  0x0000028ad29fd600 VMThread "VM Thread"                           [id=8024, stack(0x000000ec0c900000,0x000000ec0ca00000) (1024K)]
  0x0000028ad29e5710 WatcherThread "VM Periodic Task Thread"        [id=18796, stack(0x000000ec0c800000,0x000000ec0c900000) (1024K)]
  0x0000028ab7a61c90 WorkerThread "GC Thread#0"                     [id=26252, stack(0x000000ec0c300000,0x000000ec0c400000) (1024K)]
  0x0000028ad2e12f90 WorkerThread "GC Thread#1"                     [id=24420, stack(0x000000ec0d400000,0x000000ec0d500000) (1024K)]
  0x0000028aec4d4570 WorkerThread "GC Thread#2"                     [id=20212, stack(0x000000ec0d500000,0x000000ec0d600000) (1024K)]
  0x0000028aec4e4c70 WorkerThread "GC Thread#3"                     [id=9836, stack(0x000000ec0d600000,0x000000ec0d700000) (1024K)]
  0x0000028aec2e26a0 WorkerThread "GC Thread#4"                     [id=25080, stack(0x000000ec0d700000,0x000000ec0d800000) (1024K)]
  0x0000028aec2e2e60 WorkerThread "GC Thread#5"                     [id=31080, stack(0x000000ec0d800000,0x000000ec0d900000) (1024K)]
  0x0000028aed6b7990 WorkerThread "GC Thread#6"                     [id=17552, stack(0x000000ec0e700000,0x000000ec0e800000) (1024K)]
  0x0000028aed6b6e80 WorkerThread "GC Thread#7"                     [id=30972, stack(0x000000ec0e800000,0x000000ec0e900000) (1024K)]
  0x0000028ab7a693b0 ConcurrentGCThread "G1 Main Marker"            [id=27344, stack(0x000000ec0c400000,0x000000ec0c500000) (1024K)]
  0x0000028ab7a6a560 WorkerThread "G1 Conc#0"                       [id=12036, stack(0x000000ec0c500000,0x000000ec0c600000) (1024K)]
  0x0000028aeeb8d2a0 WorkerThread "G1 Conc#1"                       [id=33240, stack(0x000000ec0e900000,0x000000ec0ea00000) (1024K)]
  0x0000028ad28be230 ConcurrentGCThread "G1 Refine#0"               [id=24564, stack(0x000000ec0c600000,0x000000ec0c700000) (1024K)]
  0x0000028ad28becd0 ConcurrentGCThread "G1 Service"                [id=1760, stack(0x000000ec0c700000,0x000000ec0c800000) (1024K)]
Total: 15

Threads with active compile tasks:
C2 CompilerThread0  4713 3752   !   4       java.net.URLClassLoader$1::run (81 bytes)
C2 CompilerThread1  4713 3751   !   4       java.net.URLClassLoader::findClass (47 bytes)
Total: 2

VM state: not at safepoint (normal execution)

VM Mutex/Monitor currently owned by a thread: None

Heap address: 0x00000000e0000000, size: 512 MB, Compressed Oops mode: 32-bit

CDS archive(s) mapped at: [0x0000028ad3000000-0x0000028ad3d70000-0x0000028ad3d70000), size 14090240, SharedBaseAddress: 0x0000028ad3000000, ArchiveRelocationMode: 1.
Compressed class space mapped at: 0x0000028ad4000000-0x0000028ae8000000, reserved size: 335544320
Narrow klass base: 0x0000028ad3000000, Narrow klass shift: 0, Narrow klass range: 0x15000000

GC Precious Log:
 CardTable entry size: 512
 Card Set container configuration: InlinePtr #cards 5 size 8 Array Of Cards #cards 10 size 36 Howl #buckets 4 coarsen threshold 1843 Howl Bitmap #cards 512 size 80 coarsen threshold 460 Card regions per heap region 1 cards per card region 2048
 CPUs: 8 total, 8 available
 Memory: 7900M
 Large Page Support: Disabled
 NUMA Support: Disabled
 Compressed Oops: Enabled (32-bit)
 Heap Region Size: 1M
 Heap Min Capacity: 256M
 Heap Initial Capacity: 256M
 Heap Max Capacity: 512M
 Pre-touch: Disabled
 Parallel Workers: 8
 Concurrent Workers: 2
 Concurrent Refinement Workers: 8
 Periodic GC: Disabled

Heap:
 garbage-first heap   total reserved 524288K, committed 262144K, used 84179K [0x00000000e0000000, 0x0000000100000000)
  region size 1024K, 68 young (69632K), 8 survivors (8192K)
 Metaspace       used 30203K, committed 31232K, reserved 393216K
  class space    used 4505K, committed 4992K, reserved 327680K

Heap Regions: E=young(eden), S=young(survivor), O=old, HS=humongous(starts), HC=humongous(continues), CS=collection set, F=free, TAMS=top-at-mark-start, PB=parsable bottom
|   0|0x00000000e0000000, 0x00000000e0100000, 0x00000000e0100000|100%| O|  |TAMS 0x00000000e0000000| PB 0x00000000e0000000| Untracked |  0
|   1|0x00000000e0100000, 0x00000000e0200000, 0x00000000e0200000|100%| O|Cm|TAMS 0x00000000e0100000| PB 0x00000000e0100000| Complete |  0
|   2|0x00000000e0200000, 0x00000000e0300000, 0x00000000e0300000|100%|HS|  |TAMS 0x00000000e0200000| PB 0x00000000e0200000| Complete |  0
|   3|0x00000000e0300000, 0x00000000e0400000, 0x00000000e0400000|100%|HC|  |TAMS 0x00000000e0300000| PB 0x00000000e0300000| Complete |  0
|   4|0x00000000e0400000, 0x00000000e0500000, 0x00000000e0500000|100%|HC|  |TAMS 0x00000000e0400000| PB 0x00000000e0400000| Complete |  0
|   5|0x00000000e0500000, 0x00000000e0600000, 0x00000000e0600000|100%| O|  |TAMS 0x00000000e0500000| PB 0x00000000e0500000| Untracked |  0
|   6|0x00000000e0600000, 0x00000000e0700000, 0x00000000e0700000|100%| O|  |TAMS 0x00000000e0600000| PB 0x00000000e0600000| Untracked |  0
|   7|0x00000000e0700000, 0x00000000e0800000, 0x00000000e0800000|100%| O|  |TAMS 0x00000000e0700000| PB 0x00000000e0700000| Untracked |  0
|   8|0x00000000e0800000, 0x00000000e0900000, 0x00000000e0900000|100%|HS|  |TAMS 0x00000000e0800000| PB 0x00000000e0800000| Complete |  0
|   9|0x00000000e0900000, 0x00000000e0a00000, 0x00000000e0a00000|100%| O|  |TAMS 0x00000000e0900000| PB 0x00000000e0900000| Untracked |  0
|  10|0x00000000e0a00000, 0x00000000e0b00000, 0x00000000e0b00000|100%| O|  |TAMS 0x00000000e0a00000| PB 0x00000000e0a00000| Untracked |  0
|  11|0x00000000e0b00000, 0x00000000e0c00000, 0x00000000e0c00000|100%| O|  |TAMS 0x00000000e0b00000| PB 0x00000000e0b00000| Untracked |  0
|  12|0x00000000e0c00000, 0x00000000e0d00000, 0x00000000e0d00000|100%| O|  |TAMS 0x00000000e0c00000| PB 0x00000000e0c00000| Untracked |  0
|  13|0x00000000e0d00000, 0x00000000e0e00000, 0x00000000e0e00000|100%| O|  |TAMS 0x00000000e0d00000| PB 0x00000000e0d00000| Untracked |  0
|  14|0x00000000e0e00000, 0x00000000e0f00000, 0x00000000e0f00000|100%| O|  |TAMS 0x00000000e0e00000| PB 0x00000000e0e00000| Untracked |  0
|  15|0x00000000e0f00000, 0x00000000e1000000, 0x00000000e1000000|100%| O|  |TAMS 0x00000000e0f00000| PB 0x00000000e0f00000| Untracked |  0
|  16|0x00000000e1000000, 0x00000000e1100000, 0x00000000e1100000|100%| O|  |TAMS 0x00000000e1000000| PB 0x00000000e1000000| Untracked |  0
|  17|0x00000000e1100000, 0x00000000e11104a0, 0x00000000e1200000|  6%| O|  |TAMS 0x00000000e1100000| PB 0x00000000e1100000| Untracked |  0
|  18|0x00000000e1200000, 0x00000000e1200000, 0x00000000e1300000|  0%| F|  |TAMS 0x00000000e1200000| PB 0x00000000e1200000| Untracked |  0
|  19|0x00000000e1300000, 0x00000000e1300000, 0x00000000e1400000|  0%| F|  |TAMS 0x00000000e1300000| PB 0x00000000e1300000| Untracked |  0
|  20|0x00000000e1400000, 0x00000000e1400000, 0x00000000e1500000|  0%| F|  |TAMS 0x00000000e1400000| PB 0x00000000e1400000| Untracked |  0
|  21|0x00000000e1500000, 0x00000000e1500000, 0x00000000e1600000|  0%| F|  |TAMS 0x00000000e1500000| PB 0x00000000e1500000| Untracked |  0
|  22|0x00000000e1600000, 0x00000000e1600000, 0x00000000e1700000|  0%| F|  |TAMS 0x00000000e1600000| PB 0x00000000e1600000| Untracked |  0
|  23|0x00000000e1700000, 0x00000000e1700000, 0x00000000e1800000|  0%| F|  |TAMS 0x00000000e1700000| PB 0x00000000e1700000| Untracked |  0
|  24|0x00000000e1800000, 0x00000000e1800000, 0x00000000e1900000|  0%| F|  |TAMS 0x00000000e1800000| PB 0x00000000e1800000| Untracked |  0
|  25|0x00000000e1900000, 0x00000000e1900000, 0x00000000e1a00000|  0%| F|  |TAMS 0x00000000e1900000| PB 0x00000000e1900000| Untracked |  0
|  26|0x00000000e1a00000, 0x00000000e1a00000, 0x00000000e1b00000|  0%| F|  |TAMS 0x00000000e1a00000| PB 0x00000000e1a00000| Untracked |  0
|  27|0x00000000e1b00000, 0x00000000e1b00000, 0x00000000e1c00000|  0%| F|  |TAMS 0x00000000e1b00000| PB 0x00000000e1b00000| Untracked |  0
|  28|0x00000000e1c00000, 0x00000000e1c00000, 0x00000000e1d00000|  0%| F|  |TAMS 0x00000000e1c00000| PB 0x00000000e1c00000| Untracked |  0
|  29|0x00000000e1d00000, 0x00000000e1d00000, 0x00000000e1e00000|  0%| F|  |TAMS 0x00000000e1d00000| PB 0x00000000e1d00000| Untracked |  0
|  30|0x00000000e1e00000, 0x00000000e1e00000, 0x00000000e1f00000|  0%| F|  |TAMS 0x00000000e1e00000| PB 0x00000000e1e00000| Untracked |  0
|  31|0x00000000e1f00000, 0x00000000e1f00000, 0x00000000e2000000|  0%| F|  |TAMS 0x00000000e1f00000| PB 0x00000000e1f00000| Untracked |  0
|  32|0x00000000e2000000, 0x00000000e2000000, 0x00000000e2100000|  0%| F|  |TAMS 0x00000000e2000000| PB 0x00000000e2000000| Untracked |  0
|  33|0x00000000e2100000, 0x00000000e2100000, 0x00000000e2200000|  0%| F|  |TAMS 0x00000000e2100000| PB 0x00000000e2100000| Untracked |  0
|  34|0x00000000e2200000, 0x00000000e2200000, 0x00000000e2300000|  0%| F|  |TAMS 0x00000000e2200000| PB 0x00000000e2200000| Untracked |  0
|  35|0x00000000e2300000, 0x00000000e2300000, 0x00000000e2400000|  0%| F|  |TAMS 0x00000000e2300000| PB 0x00000000e2300000| Untracked |  0
|  36|0x00000000e2400000, 0x00000000e2400000, 0x00000000e2500000|  0%| F|  |TAMS 0x00000000e2400000| PB 0x00000000e2400000| Untracked |  0
|  37|0x00000000e2500000, 0x00000000e2500000, 0x00000000e2600000|  0%| F|  |TAMS 0x00000000e2500000| PB 0x00000000e2500000| Untracked |  0
|  38|0x00000000e2600000, 0x00000000e2600000, 0x00000000e2700000|  0%| F|  |TAMS 0x00000000e2600000| PB 0x00000000e2600000| Untracked |  0
|  39|0x00000000e2700000, 0x00000000e2700000, 0x00000000e2800000|  0%| F|  |TAMS 0x00000000e2700000| PB 0x00000000e2700000| Untracked |  0
|  40|0x00000000e2800000, 0x00000000e2800000, 0x00000000e2900000|  0%| F|  |TAMS 0x00000000e2800000| PB 0x00000000e2800000| Untracked |  0
|  41|0x00000000e2900000, 0x00000000e2900000, 0x00000000e2a00000|  0%| F|  |TAMS 0x00000000e2900000| PB 0x00000000e2900000| Untracked |  0
|  42|0x00000000e2a00000, 0x00000000e2a00000, 0x00000000e2b00000|  0%| F|  |TAMS 0x00000000e2a00000| PB 0x00000000e2a00000| Untracked |  0
|  43|0x00000000e2b00000, 0x00000000e2b00000, 0x00000000e2c00000|  0%| F|  |TAMS 0x00000000e2b00000| PB 0x00000000e2b00000| Untracked |  0
|  44|0x00000000e2c00000, 0x00000000e2c00000, 0x00000000e2d00000|  0%| F|  |TAMS 0x00000000e2c00000| PB 0x00000000e2c00000| Untracked |  0
|  45|0x00000000e2d00000, 0x00000000e2d00000, 0x00000000e2e00000|  0%| F|  |TAMS 0x00000000e2d00000| PB 0x00000000e2d00000| Untracked |  0
|  46|0x00000000e2e00000, 0x00000000e2e00000, 0x00000000e2f00000|  0%| F|  |TAMS 0x00000000e2e00000| PB 0x00000000e2e00000| Untracked |  0
|  47|0x00000000e2f00000, 0x00000000e2f00000, 0x00000000e3000000|  0%| F|  |TAMS 0x00000000e2f00000| PB 0x00000000e2f00000| Untracked |  0
|  48|0x00000000e3000000, 0x00000000e3000000, 0x00000000e3100000|  0%| F|  |TAMS 0x00000000e3000000| PB 0x00000000e3000000| Untracked |  0
|  49|0x00000000e3100000, 0x00000000e3100000, 0x00000000e3200000|  0%| F|  |TAMS 0x00000000e3100000| PB 0x00000000e3100000| Untracked |  0
|  50|0x00000000e3200000, 0x00000000e3200000, 0x00000000e3300000|  0%| F|  |TAMS 0x00000000e3200000| PB 0x00000000e3200000| Untracked |  0
|  51|0x00000000e3300000, 0x00000000e3300000, 0x00000000e3400000|  0%| F|  |TAMS 0x00000000e3300000| PB 0x00000000e3300000| Untracked |  0
|  52|0x00000000e3400000, 0x00000000e3400000, 0x00000000e3500000|  0%| F|  |TAMS 0x00000000e3400000| PB 0x00000000e3400000| Untracked |  0
|  53|0x00000000e3500000, 0x00000000e3500000, 0x00000000e3600000|  0%| F|  |TAMS 0x00000000e3500000| PB 0x00000000e3500000| Untracked |  0
|  54|0x00000000e3600000, 0x00000000e3600000, 0x00000000e3700000|  0%| F|  |TAMS 0x00000000e3600000| PB 0x00000000e3600000| Untracked |  0
|  55|0x00000000e3700000, 0x00000000e3700000, 0x00000000e3800000|  0%| F|  |TAMS 0x00000000e3700000| PB 0x00000000e3700000| Untracked |  0
|  56|0x00000000e3800000, 0x00000000e3800000, 0x00000000e3900000|  0%| F|  |TAMS 0x00000000e3800000| PB 0x00000000e3800000| Untracked |  0
|  57|0x00000000e3900000, 0x00000000e3900000, 0x00000000e3a00000|  0%| F|  |TAMS 0x00000000e3900000| PB 0x00000000e3900000| Untracked |  0
|  58|0x00000000e3a00000, 0x00000000e3a00000, 0x00000000e3b00000|  0%| F|  |TAMS 0x00000000e3a00000| PB 0x00000000e3a00000| Untracked |  0
|  59|0x00000000e3b00000, 0x00000000e3b00000, 0x00000000e3c00000|  0%| F|  |TAMS 0x00000000e3b00000| PB 0x00000000e3b00000| Untracked |  0
|  60|0x00000000e3c00000, 0x00000000e3c00000, 0x00000000e3d00000|  0%| F|  |TAMS 0x00000000e3c00000| PB 0x00000000e3c00000| Untracked |  0
|  61|0x00000000e3d00000, 0x00000000e3d00000, 0x00000000e3e00000|  0%| F|  |TAMS 0x00000000e3d00000| PB 0x00000000e3d00000| Untracked |  0
|  62|0x00000000e3e00000, 0x00000000e3e00000, 0x00000000e3f00000|  0%| F|  |TAMS 0x00000000e3e00000| PB 0x00000000e3e00000| Untracked |  0
|  63|0x00000000e3f00000, 0x00000000e3f00000, 0x00000000e4000000|  0%| F|  |TAMS 0x00000000e3f00000| PB 0x00000000e3f00000| Untracked |  0
|  64|0x00000000e4000000, 0x00000000e4000000, 0x00000000e4100000|  0%| F|  |TAMS 0x00000000e4000000| PB 0x00000000e4000000| Untracked |  0
|  65|0x00000000e4100000, 0x00000000e4100000, 0x00000000e4200000|  0%| F|  |TAMS 0x00000000e4100000| PB 0x00000000e4100000| Untracked |  0
|  66|0x00000000e4200000, 0x00000000e4200000, 0x00000000e4300000|  0%| F|  |TAMS 0x00000000e4200000| PB 0x00000000e4200000| Untracked |  0
|  67|0x00000000e4300000, 0x00000000e4300000, 0x00000000e4400000|  0%| F|  |TAMS 0x00000000e4300000| PB 0x00000000e4300000| Untracked |  0
|  68|0x00000000e4400000, 0x00000000e4400000, 0x00000000e4500000|  0%| F|  |TAMS 0x00000000e4400000| PB 0x00000000e4400000| Untracked |  0
|  69|0x00000000e4500000, 0x00000000e4500000, 0x00000000e4600000|  0%| F|  |TAMS 0x00000000e4500000| PB 0x00000000e4500000| Untracked |  0
|  70|0x00000000e4600000, 0x00000000e4600000, 0x00000000e4700000|  0%| F|  |TAMS 0x00000000e4600000| PB 0x00000000e4600000| Untracked |  0
|  71|0x00000000e4700000, 0x00000000e4700000, 0x00000000e4800000|  0%| F|  |TAMS 0x00000000e4700000| PB 0x00000000e4700000| Untracked |  0
|  72|0x00000000e4800000, 0x00000000e4800000, 0x00000000e4900000|  0%| F|  |TAMS 0x00000000e4800000| PB 0x00000000e4800000| Untracked |  0
|  73|0x00000000e4900000, 0x00000000e4900000, 0x00000000e4a00000|  0%| F|  |TAMS 0x00000000e4900000| PB 0x00000000e4900000| Untracked |  0
|  74|0x00000000e4a00000, 0x00000000e4a00000, 0x00000000e4b00000|  0%| F|  |TAMS 0x00000000e4a00000| PB 0x00000000e4a00000| Untracked |  0
|  75|0x00000000e4b00000, 0x00000000e4b00000, 0x00000000e4c00000|  0%| F|  |TAMS 0x00000000e4b00000| PB 0x00000000e4b00000| Untracked |  0
|  76|0x00000000e4c00000, 0x00000000e4c00000, 0x00000000e4d00000|  0%| F|  |TAMS 0x00000000e4c00000| PB 0x00000000e4c00000| Untracked |  0
|  77|0x00000000e4d00000, 0x00000000e4d00000, 0x00000000e4e00000|  0%| F|  |TAMS 0x00000000e4d00000| PB 0x00000000e4d00000| Untracked |  0
|  78|0x00000000e4e00000, 0x00000000e4e00000, 0x00000000e4f00000|  0%| F|  |TAMS 0x00000000e4e00000| PB 0x00000000e4e00000| Untracked |  0
|  79|0x00000000e4f00000, 0x00000000e4f00000, 0x00000000e5000000|  0%| F|  |TAMS 0x00000000e4f00000| PB 0x00000000e4f00000| Untracked |  0
|  80|0x00000000e5000000, 0x00000000e5000000, 0x00000000e5100000|  0%| F|  |TAMS 0x00000000e5000000| PB 0x00000000e5000000| Untracked |  0
|  81|0x00000000e5100000, 0x00000000e5100000, 0x00000000e5200000|  0%| F|  |TAMS 0x00000000e5100000| PB 0x00000000e5100000| Untracked |  0
|  82|0x00000000e5200000, 0x00000000e5200000, 0x00000000e5300000|  0%| F|  |TAMS 0x00000000e5200000| PB 0x00000000e5200000| Untracked |  0
|  83|0x00000000e5300000, 0x00000000e5300000, 0x00000000e5400000|  0%| F|  |TAMS 0x00000000e5300000| PB 0x00000000e5300000| Untracked |  0
|  84|0x00000000e5400000, 0x00000000e5400000, 0x00000000e5500000|  0%| F|  |TAMS 0x00000000e5400000| PB 0x00000000e5400000| Untracked |  0
|  85|0x00000000e5500000, 0x00000000e5500000, 0x00000000e5600000|  0%| F|  |TAMS 0x00000000e5500000| PB 0x00000000e5500000| Untracked |  0
|  86|0x00000000e5600000, 0x00000000e5600000, 0x00000000e5700000|  0%| F|  |TAMS 0x00000000e5600000| PB 0x00000000e5600000| Untracked |  0
|  87|0x00000000e5700000, 0x00000000e5700000, 0x00000000e5800000|  0%| F|  |TAMS 0x00000000e5700000| PB 0x00000000e5700000| Untracked |  0
|  88|0x00000000e5800000, 0x00000000e5800000, 0x00000000e5900000|  0%| F|  |TAMS 0x00000000e5800000| PB 0x00000000e5800000| Untracked |  0
|  89|0x00000000e5900000, 0x00000000e5900000, 0x00000000e5a00000|  0%| F|  |TAMS 0x00000000e5900000| PB 0x00000000e5900000| Untracked |  0
|  90|0x00000000e5a00000, 0x00000000e5a00000, 0x00000000e5b00000|  0%| F|  |TAMS 0x00000000e5a00000| PB 0x00000000e5a00000| Untracked |  0
|  91|0x00000000e5b00000, 0x00000000e5b00000, 0x00000000e5c00000|  0%| F|  |TAMS 0x00000000e5b00000| PB 0x00000000e5b00000| Untracked |  0
|  92|0x00000000e5c00000, 0x00000000e5c00000, 0x00000000e5d00000|  0%| F|  |TAMS 0x00000000e5c00000| PB 0x00000000e5c00000| Untracked |  0
|  93|0x00000000e5d00000, 0x00000000e5d00000, 0x00000000e5e00000|  0%| F|  |TAMS 0x00000000e5d00000| PB 0x00000000e5d00000| Untracked |  0
|  94|0x00000000e5e00000, 0x00000000e5e00000, 0x00000000e5f00000|  0%| F|  |TAMS 0x00000000e5e00000| PB 0x00000000e5e00000| Untracked |  0
|  95|0x00000000e5f00000, 0x00000000e5f00000, 0x00000000e6000000|  0%| F|  |TAMS 0x00000000e5f00000| PB 0x00000000e5f00000| Untracked |  0
|  96|0x00000000e6000000, 0x00000000e6000000, 0x00000000e6100000|  0%| F|  |TAMS 0x00000000e6000000| PB 0x00000000e6000000| Untracked |  0
|  97|0x00000000e6100000, 0x00000000e6100000, 0x00000000e6200000|  0%| F|  |TAMS 0x00000000e6100000| PB 0x00000000e6100000| Untracked |  0
|  98|0x00000000e6200000, 0x00000000e6200000, 0x00000000e6300000|  0%| F|  |TAMS 0x00000000e6200000| PB 0x00000000e6200000| Untracked |  0
|  99|0x00000000e6300000, 0x00000000e6300000, 0x00000000e6400000|  0%| F|  |TAMS 0x00000000e6300000| PB 0x00000000e6300000| Untracked |  0
| 100|0x00000000e6400000, 0x00000000e6400000, 0x00000000e6500000|  0%| F|  |TAMS 0x00000000e6400000| PB 0x00000000e6400000| Untracked |  0
| 101|0x00000000e6500000, 0x00000000e6500000, 0x00000000e6600000|  0%| F|  |TAMS 0x00000000e6500000| PB 0x00000000e6500000| Untracked |  0
| 102|0x00000000e6600000, 0x00000000e6600000, 0x00000000e6700000|  0%| F|  |TAMS 0x00000000e6600000| PB 0x00000000e6600000| Untracked |  0
| 103|0x00000000e6700000, 0x00000000e6700000, 0x00000000e6800000|  0%| F|  |TAMS 0x00000000e6700000| PB 0x00000000e6700000| Untracked |  0
| 104|0x00000000e6800000, 0x00000000e6800000, 0x00000000e6900000|  0%| F|  |TAMS 0x00000000e6800000| PB 0x00000000e6800000| Untracked |  0
| 105|0x00000000e6900000, 0x00000000e6900000, 0x00000000e6a00000|  0%| F|  |TAMS 0x00000000e6900000| PB 0x00000000e6900000| Untracked |  0
| 106|0x00000000e6a00000, 0x00000000e6a00000, 0x00000000e6b00000|  0%| F|  |TAMS 0x00000000e6a00000| PB 0x00000000e6a00000| Untracked |  0
| 107|0x00000000e6b00000, 0x00000000e6b00000, 0x00000000e6c00000|  0%| F|  |TAMS 0x00000000e6b00000| PB 0x00000000e6b00000| Untracked |  0
| 108|0x00000000e6c00000, 0x00000000e6c00000, 0x00000000e6d00000|  0%| F|  |TAMS 0x00000000e6c00000| PB 0x00000000e6c00000| Untracked |  0
| 109|0x00000000e6d00000, 0x00000000e6d00000, 0x00000000e6e00000|  0%| F|  |TAMS 0x00000000e6d00000| PB 0x00000000e6d00000| Untracked |  0
| 110|0x00000000e6e00000, 0x00000000e6e00000, 0x00000000e6f00000|  0%| F|  |TAMS 0x00000000e6e00000| PB 0x00000000e6e00000| Untracked |  0
| 111|0x00000000e6f00000, 0x00000000e6f00000, 0x00000000e7000000|  0%| F|  |TAMS 0x00000000e6f00000| PB 0x00000000e6f00000| Untracked |  0
| 112|0x00000000e7000000, 0x00000000e7000000, 0x00000000e7100000|  0%| F|  |TAMS 0x00000000e7000000| PB 0x00000000e7000000| Untracked |  0
| 113|0x00000000e7100000, 0x00000000e7100000, 0x00000000e7200000|  0%| F|  |TAMS 0x00000000e7100000| PB 0x00000000e7100000| Untracked |  0
| 114|0x00000000e7200000, 0x00000000e7200000, 0x00000000e7300000|  0%| F|  |TAMS 0x00000000e7200000| PB 0x00000000e7200000| Untracked |  0
| 115|0x00000000e7300000, 0x00000000e7300000, 0x00000000e7400000|  0%| F|  |TAMS 0x00000000e7300000| PB 0x00000000e7300000| Untracked |  0
| 116|0x00000000e7400000, 0x00000000e7400000, 0x00000000e7500000|  0%| F|  |TAMS 0x00000000e7400000| PB 0x00000000e7400000| Untracked |  0
| 117|0x00000000e7500000, 0x00000000e7500000, 0x00000000e7600000|  0%| F|  |TAMS 0x00000000e7500000| PB 0x00000000e7500000| Untracked |  0
| 118|0x00000000e7600000, 0x00000000e7600000, 0x00000000e7700000|  0%| F|  |TAMS 0x00000000e7600000| PB 0x00000000e7600000| Untracked |  0
| 119|0x00000000e7700000, 0x00000000e7700000, 0x00000000e7800000|  0%| F|  |TAMS 0x00000000e7700000| PB 0x00000000e7700000| Untracked |  0
| 120|0x00000000e7800000, 0x00000000e7800000, 0x00000000e7900000|  0%| F|  |TAMS 0x00000000e7800000| PB 0x00000000e7800000| Untracked |  0
| 121|0x00000000e7900000, 0x00000000e7900000, 0x00000000e7a00000|  0%| F|  |TAMS 0x00000000e7900000| PB 0x00000000e7900000| Untracked |  0
| 122|0x00000000e7a00000, 0x00000000e7a00000, 0x00000000e7b00000|  0%| F|  |TAMS 0x00000000e7a00000| PB 0x00000000e7a00000| Untracked |  0
| 123|0x00000000e7b00000, 0x00000000e7b00000, 0x00000000e7c00000|  0%| F|  |TAMS 0x00000000e7b00000| PB 0x00000000e7b00000| Untracked |  0
| 124|0x00000000e7c00000, 0x00000000e7c00000, 0x00000000e7d00000|  0%| F|  |TAMS 0x00000000e7c00000| PB 0x00000000e7c00000| Untracked |  0
| 125|0x00000000e7d00000, 0x00000000e7d00000, 0x00000000e7e00000|  0%| F|  |TAMS 0x00000000e7d00000| PB 0x00000000e7d00000| Untracked |  0
| 126|0x00000000e7e00000, 0x00000000e7e00000, 0x00000000e7f00000|  0%| F|  |TAMS 0x00000000e7e00000| PB 0x00000000e7e00000| Untracked |  0
| 127|0x00000000e7f00000, 0x00000000e7f00000, 0x00000000e8000000|  0%| F|  |TAMS 0x00000000e7f00000| PB 0x00000000e7f00000| Untracked |  0
| 128|0x00000000e8000000, 0x00000000e8000000, 0x00000000e8100000|  0%| F|  |TAMS 0x00000000e8000000| PB 0x00000000e8000000| Untracked |  0
| 129|0x00000000e8100000, 0x00000000e8100000, 0x00000000e8200000|  0%| F|  |TAMS 0x00000000e8100000| PB 0x00000000e8100000| Untracked |  0
| 130|0x00000000e8200000, 0x00000000e8200000, 0x00000000e8300000|  0%| F|  |TAMS 0x00000000e8200000| PB 0x00000000e8200000| Untracked |  0
| 131|0x00000000e8300000, 0x00000000e8300000, 0x00000000e8400000|  0%| F|  |TAMS 0x00000000e8300000| PB 0x00000000e8300000| Untracked |  0
| 132|0x00000000e8400000, 0x00000000e8400000, 0x00000000e8500000|  0%| F|  |TAMS 0x00000000e8400000| PB 0x00000000e8400000| Untracked |  0
| 133|0x00000000e8500000, 0x00000000e8500000, 0x00000000e8600000|  0%| F|  |TAMS 0x00000000e8500000| PB 0x00000000e8500000| Untracked |  0
| 134|0x00000000e8600000, 0x00000000e8600000, 0x00000000e8700000|  0%| F|  |TAMS 0x00000000e8600000| PB 0x00000000e8600000| Untracked |  0
| 135|0x00000000e8700000, 0x00000000e8700000, 0x00000000e8800000|  0%| F|  |TAMS 0x00000000e8700000| PB 0x00000000e8700000| Untracked |  0
| 136|0x00000000e8800000, 0x00000000e8800000, 0x00000000e8900000|  0%| F|  |TAMS 0x00000000e8800000| PB 0x00000000e8800000| Untracked |  0
| 137|0x00000000e8900000, 0x00000000e8900000, 0x00000000e8a00000|  0%| F|  |TAMS 0x00000000e8900000| PB 0x00000000e8900000| Untracked |  0
| 138|0x00000000e8a00000, 0x00000000e8a00000, 0x00000000e8b00000|  0%| F|  |TAMS 0x00000000e8a00000| PB 0x00000000e8a00000| Untracked |  0
| 139|0x00000000e8b00000, 0x00000000e8b00000, 0x00000000e8c00000|  0%| F|  |TAMS 0x00000000e8b00000| PB 0x00000000e8b00000| Untracked |  0
| 140|0x00000000e8c00000, 0x00000000e8c00000, 0x00000000e8d00000|  0%| F|  |TAMS 0x00000000e8c00000| PB 0x00000000e8c00000| Untracked |  0
| 141|0x00000000e8d00000, 0x00000000e8d00000, 0x00000000e8e00000|  0%| F|  |TAMS 0x00000000e8d00000| PB 0x00000000e8d00000| Untracked |  0
| 142|0x00000000e8e00000, 0x00000000e8e00000, 0x00000000e8f00000|  0%| F|  |TAMS 0x00000000e8e00000| PB 0x00000000e8e00000| Untracked |  0
| 143|0x00000000e8f00000, 0x00000000e8f00000, 0x00000000e9000000|  0%| F|  |TAMS 0x00000000e8f00000| PB 0x00000000e8f00000| Untracked |  0
| 144|0x00000000e9000000, 0x00000000e9000000, 0x00000000e9100000|  0%| F|  |TAMS 0x00000000e9000000| PB 0x00000000e9000000| Untracked |  0
| 145|0x00000000e9100000, 0x00000000e9100000, 0x00000000e9200000|  0%| F|  |TAMS 0x00000000e9100000| PB 0x00000000e9100000| Untracked |  0
| 146|0x00000000e9200000, 0x00000000e9200000, 0x00000000e9300000|  0%| F|  |TAMS 0x00000000e9200000| PB 0x00000000e9200000| Untracked |  0
| 147|0x00000000e9300000, 0x00000000e9300000, 0x00000000e9400000|  0%| F|  |TAMS 0x00000000e9300000| PB 0x00000000e9300000| Untracked |  0
| 148|0x00000000e9400000, 0x00000000e9400000, 0x00000000e9500000|  0%| F|  |TAMS 0x00000000e9400000| PB 0x00000000e9400000| Untracked |  0
| 149|0x00000000e9500000, 0x00000000e9500000, 0x00000000e9600000|  0%| F|  |TAMS 0x00000000e9500000| PB 0x00000000e9500000| Untracked |  0
| 150|0x00000000e9600000, 0x00000000e9600000, 0x00000000e9700000|  0%| F|  |TAMS 0x00000000e9600000| PB 0x00000000e9600000| Untracked |  0
| 151|0x00000000e9700000, 0x00000000e9700000, 0x00000000e9800000|  0%| F|  |TAMS 0x00000000e9700000| PB 0x00000000e9700000| Untracked |  0
| 152|0x00000000e9800000, 0x00000000e9800000, 0x00000000e9900000|  0%| F|  |TAMS 0x00000000e9800000| PB 0x00000000e9800000| Untracked |  0
| 153|0x00000000e9900000, 0x00000000e9900000, 0x00000000e9a00000|  0%| F|  |TAMS 0x00000000e9900000| PB 0x00000000e9900000| Untracked |  0
| 154|0x00000000e9a00000, 0x00000000e9a00000, 0x00000000e9b00000|  0%| F|  |TAMS 0x00000000e9a00000| PB 0x00000000e9a00000| Untracked |  0
| 155|0x00000000e9b00000, 0x00000000e9b00000, 0x00000000e9c00000|  0%| F|  |TAMS 0x00000000e9b00000| PB 0x00000000e9b00000| Untracked |  0
| 156|0x00000000e9c00000, 0x00000000e9c00000, 0x00000000e9d00000|  0%| F|  |TAMS 0x00000000e9c00000| PB 0x00000000e9c00000| Untracked |  0
| 157|0x00000000e9d00000, 0x00000000e9d00000, 0x00000000e9e00000|  0%| F|  |TAMS 0x00000000e9d00000| PB 0x00000000e9d00000| Untracked |  0
| 158|0x00000000e9e00000, 0x00000000e9e00000, 0x00000000e9f00000|  0%| F|  |TAMS 0x00000000e9e00000| PB 0x00000000e9e00000| Untracked |  0
| 159|0x00000000e9f00000, 0x00000000e9f00000, 0x00000000ea000000|  0%| F|  |TAMS 0x00000000e9f00000| PB 0x00000000e9f00000| Untracked |  0
| 160|0x00000000ea000000, 0x00000000ea000000, 0x00000000ea100000|  0%| F|  |TAMS 0x00000000ea000000| PB 0x00000000ea000000| Untracked |  0
| 161|0x00000000ea100000, 0x00000000ea100000, 0x00000000ea200000|  0%| F|  |TAMS 0x00000000ea100000| PB 0x00000000ea100000| Untracked |  0
| 162|0x00000000ea200000, 0x00000000ea200000, 0x00000000ea300000|  0%| F|  |TAMS 0x00000000ea200000| PB 0x00000000ea200000| Untracked |  0
| 163|0x00000000ea300000, 0x00000000ea300000, 0x00000000ea400000|  0%| F|  |TAMS 0x00000000ea300000| PB 0x00000000ea300000| Untracked |  0
| 164|0x00000000ea400000, 0x00000000ea400000, 0x00000000ea500000|  0%| F|  |TAMS 0x00000000ea400000| PB 0x00000000ea400000| Untracked |  0
| 165|0x00000000ea500000, 0x00000000ea500000, 0x00000000ea600000|  0%| F|  |TAMS 0x00000000ea500000| PB 0x00000000ea500000| Untracked |  0
| 166|0x00000000ea600000, 0x00000000ea600000, 0x00000000ea700000|  0%| F|  |TAMS 0x00000000ea600000| PB 0x00000000ea600000| Untracked |  0
| 167|0x00000000ea700000, 0x00000000ea700000, 0x00000000ea800000|  0%| F|  |TAMS 0x00000000ea700000| PB 0x00000000ea700000| Untracked |  0
| 168|0x00000000ea800000, 0x00000000ea800000, 0x00000000ea900000|  0%| F|  |TAMS 0x00000000ea800000| PB 0x00000000ea800000| Untracked |  0
| 169|0x00000000ea900000, 0x00000000ea900000, 0x00000000eaa00000|  0%| F|  |TAMS 0x00000000ea900000| PB 0x00000000ea900000| Untracked |  0
| 170|0x00000000eaa00000, 0x00000000eaa00000, 0x00000000eab00000|  0%| F|  |TAMS 0x00000000eaa00000| PB 0x00000000eaa00000| Untracked |  0
| 171|0x00000000eab00000, 0x00000000eab00000, 0x00000000eac00000|  0%| F|  |TAMS 0x00000000eab00000| PB 0x00000000eab00000| Untracked |  0
| 172|0x00000000eac00000, 0x00000000eac00000, 0x00000000ead00000|  0%| F|  |TAMS 0x00000000eac00000| PB 0x00000000eac00000| Untracked |  0
| 173|0x00000000ead00000, 0x00000000ead00000, 0x00000000eae00000|  0%| F|  |TAMS 0x00000000ead00000| PB 0x00000000ead00000| Untracked |  0
| 174|0x00000000eae00000, 0x00000000eae00000, 0x00000000eaf00000|  0%| F|  |TAMS 0x00000000eae00000| PB 0x00000000eae00000| Untracked |  0
| 175|0x00000000eaf00000, 0x00000000eaf00000, 0x00000000eb000000|  0%| F|  |TAMS 0x00000000eaf00000| PB 0x00000000eaf00000| Untracked |  0
| 176|0x00000000eb000000, 0x00000000eb000000, 0x00000000eb100000|  0%| F|  |TAMS 0x00000000eb000000| PB 0x00000000eb000000| Untracked |  0
| 177|0x00000000eb100000, 0x00000000eb100000, 0x00000000eb200000|  0%| F|  |TAMS 0x00000000eb100000| PB 0x00000000eb100000| Untracked |  0
| 178|0x00000000eb200000, 0x00000000eb200000, 0x00000000eb300000|  0%| F|  |TAMS 0x00000000eb200000| PB 0x00000000eb200000| Untracked |  0
| 179|0x00000000eb300000, 0x00000000eb300000, 0x00000000eb400000|  0%| F|  |TAMS 0x00000000eb300000| PB 0x00000000eb300000| Untracked |  0
| 180|0x00000000eb400000, 0x00000000eb400000, 0x00000000eb500000|  0%| F|  |TAMS 0x00000000eb400000| PB 0x00000000eb400000| Untracked |  0
| 181|0x00000000eb500000, 0x00000000eb500000, 0x00000000eb600000|  0%| F|  |TAMS 0x00000000eb500000| PB 0x00000000eb500000| Untracked |  0
| 182|0x00000000eb600000, 0x00000000eb600000, 0x00000000eb700000|  0%| F|  |TAMS 0x00000000eb600000| PB 0x00000000eb600000| Untracked |  0
| 183|0x00000000eb700000, 0x00000000eb700000, 0x00000000eb800000|  0%| F|  |TAMS 0x00000000eb700000| PB 0x00000000eb700000| Untracked |  0
| 184|0x00000000eb800000, 0x00000000eb800000, 0x00000000eb900000|  0%| F|  |TAMS 0x00000000eb800000| PB 0x00000000eb800000| Untracked |  0
| 185|0x00000000eb900000, 0x00000000eb900000, 0x00000000eba00000|  0%| F|  |TAMS 0x00000000eb900000| PB 0x00000000eb900000| Untracked |  0
| 186|0x00000000eba00000, 0x00000000eba00000, 0x00000000ebb00000|  0%| F|  |TAMS 0x00000000eba00000| PB 0x00000000eba00000| Untracked |  0
| 187|0x00000000ebb00000, 0x00000000ebc00000, 0x00000000ebc00000|100%| E|  |TAMS 0x00000000ebb00000| PB 0x00000000ebb00000| Complete |  0
| 188|0x00000000ebc00000, 0x00000000ebd00000, 0x00000000ebd00000|100%| E|CS|TAMS 0x00000000ebc00000| PB 0x00000000ebc00000| Complete |  0
| 189|0x00000000ebd00000, 0x00000000ebe00000, 0x00000000ebe00000|100%| E|CS|TAMS 0x00000000ebd00000| PB 0x00000000ebd00000| Complete |  0
| 190|0x00000000ebe00000, 0x00000000ebf00000, 0x00000000ebf00000|100%| E|CS|TAMS 0x00000000ebe00000| PB 0x00000000ebe00000| Complete |  0
| 191|0x00000000ebf00000, 0x00000000ec000000, 0x00000000ec000000|100%| E|CS|TAMS 0x00000000ebf00000| PB 0x00000000ebf00000| Complete |  0
| 192|0x00000000ec000000, 0x00000000ec100000, 0x00000000ec100000|100%| E|CS|TAMS 0x00000000ec000000| PB 0x00000000ec000000| Complete |  0
| 193|0x00000000ec100000, 0x00000000ec200000, 0x00000000ec200000|100%| E|CS|TAMS 0x00000000ec100000| PB 0x00000000ec100000| Complete |  0
| 194|0x00000000ec200000, 0x00000000ec300000, 0x00000000ec300000|100%| E|  |TAMS 0x00000000ec200000| PB 0x00000000ec200000| Complete |  0
| 195|0x00000000ec300000, 0x00000000ec400000, 0x00000000ec400000|100%| E|CS|TAMS 0x00000000ec300000| PB 0x00000000ec300000| Complete |  0
| 196|0x00000000ec400000, 0x00000000ec500000, 0x00000000ec500000|100%| E|CS|TAMS 0x00000000ec400000| PB 0x00000000ec400000| Complete |  0
| 197|0x00000000ec500000, 0x00000000ec600000, 0x00000000ec600000|100%| E|CS|TAMS 0x00000000ec500000| PB 0x00000000ec500000| Complete |  0
| 198|0x00000000ec600000, 0x00000000ec700000, 0x00000000ec700000|100%| E|CS|TAMS 0x00000000ec600000| PB 0x00000000ec600000| Complete |  0
| 199|0x00000000ec700000, 0x00000000ec800000, 0x00000000ec800000|100%| E|CS|TAMS 0x00000000ec700000| PB 0x00000000ec700000| Complete |  0
| 200|0x00000000ec800000, 0x00000000ec900000, 0x00000000ec900000|100%| E|CS|TAMS 0x00000000ec800000| PB 0x00000000ec800000| Complete |  0
| 201|0x00000000ec900000, 0x00000000eca00000, 0x00000000eca00000|100%| E|CS|TAMS 0x00000000ec900000| PB 0x00000000ec900000| Complete |  0
| 202|0x00000000eca00000, 0x00000000ecb00000, 0x00000000ecb00000|100%| E|CS|TAMS 0x00000000eca00000| PB 0x00000000eca00000| Complete |  0
| 203|0x00000000ecb00000, 0x00000000ecc00000, 0x00000000ecc00000|100%| E|CS|TAMS 0x00000000ecb00000| PB 0x00000000ecb00000| Complete |  0
| 204|0x00000000ecc00000, 0x00000000ecd00000, 0x00000000ecd00000|100%| E|CS|TAMS 0x00000000ecc00000| PB 0x00000000ecc00000| Complete |  0
| 205|0x00000000ecd00000, 0x00000000ece00000, 0x00000000ece00000|100%| E|CS|TAMS 0x00000000ecd00000| PB 0x00000000ecd00000| Complete |  0
| 206|0x00000000ece00000, 0x00000000ecf00000, 0x00000000ecf00000|100%| E|CS|TAMS 0x00000000ece00000| PB 0x00000000ece00000| Complete |  0
| 207|0x00000000ecf00000, 0x00000000ed000000, 0x00000000ed000000|100%| E|CS|TAMS 0x00000000ecf00000| PB 0x00000000ecf00000| Complete |  0
| 208|0x00000000ed000000, 0x00000000ed100000, 0x00000000ed100000|100%| E|CS|TAMS 0x00000000ed000000| PB 0x00000000ed000000| Complete |  0
| 209|0x00000000ed100000, 0x00000000ed200000, 0x00000000ed200000|100%| E|CS|TAMS 0x00000000ed100000| PB 0x00000000ed100000| Complete |  0
| 210|0x00000000ed200000, 0x00000000ed300000, 0x00000000ed300000|100%| E|CS|TAMS 0x00000000ed200000| PB 0x00000000ed200000| Complete |  0
| 211|0x00000000ed300000, 0x00000000ed400000, 0x00000000ed400000|100%| E|CS|TAMS 0x00000000ed300000| PB 0x00000000ed300000| Complete |  0
| 212|0x00000000ed400000, 0x00000000ed500000, 0x00000000ed500000|100%| E|CS|TAMS 0x00000000ed400000| PB 0x00000000ed400000| Complete |  0
| 213|0x00000000ed500000, 0x00000000ed524848, 0x00000000ed600000| 14%| S|CS|TAMS 0x00000000ed500000| PB 0x00000000ed500000| Complete |  0
| 214|0x00000000ed600000, 0x00000000ed700000, 0x00000000ed700000|100%| S|CS|TAMS 0x00000000ed600000| PB 0x00000000ed600000| Complete |  0
| 215|0x00000000ed700000, 0x00000000ed800000, 0x00000000ed800000|100%| S|CS|TAMS 0x00000000ed700000| PB 0x00000000ed700000| Complete |  0
| 216|0x00000000ed800000, 0x00000000ed900000, 0x00000000ed900000|100%| S|CS|TAMS 0x00000000ed800000| PB 0x00000000ed800000| Complete |  0
| 217|0x00000000ed900000, 0x00000000eda00000, 0x00000000eda00000|100%| S|CS|TAMS 0x00000000ed900000| PB 0x00000000ed900000| Complete |  0
| 218|0x00000000eda00000, 0x00000000edb00000, 0x00000000edb00000|100%| S|CS|TAMS 0x00000000eda00000| PB 0x00000000eda00000| Complete |  0
| 219|0x00000000edb00000, 0x00000000edc00000, 0x00000000edc00000|100%| S|CS|TAMS 0x00000000edb00000| PB 0x00000000edb00000| Complete |  0
| 220|0x00000000edc00000, 0x00000000edd00000, 0x00000000edd00000|100%| S|CS|TAMS 0x00000000edc00000| PB 0x00000000edc00000| Complete |  0
| 221|0x00000000edd00000, 0x00000000ede00000, 0x00000000ede00000|100%| E|CS|TAMS 0x00000000edd00000| PB 0x00000000edd00000| Complete |  0
| 222|0x00000000ede00000, 0x00000000edf00000, 0x00000000edf00000|100%| E|CS|TAMS 0x00000000ede00000| PB 0x00000000ede00000| Complete |  0
| 223|0x00000000edf00000, 0x00000000ee000000, 0x00000000ee000000|100%| E|CS|TAMS 0x00000000edf00000| PB 0x00000000edf00000| Complete |  0
| 224|0x00000000ee000000, 0x00000000ee100000, 0x00000000ee100000|100%| E|CS|TAMS 0x00000000ee000000| PB 0x00000000ee000000| Complete |  0
| 225|0x00000000ee100000, 0x00000000ee200000, 0x00000000ee200000|100%| E|CS|TAMS 0x00000000ee100000| PB 0x00000000ee100000| Complete |  0
| 226|0x00000000ee200000, 0x00000000ee300000, 0x00000000ee300000|100%| E|CS|TAMS 0x00000000ee200000| PB 0x00000000ee200000| Complete |  0
| 227|0x00000000ee300000, 0x00000000ee400000, 0x00000000ee400000|100%| E|CS|TAMS 0x00000000ee300000| PB 0x00000000ee300000| Complete |  0
| 228|0x00000000ee400000, 0x00000000ee500000, 0x00000000ee500000|100%| E|CS|TAMS 0x00000000ee400000| PB 0x00000000ee400000| Complete |  0
| 229|0x00000000ee500000, 0x00000000ee600000, 0x00000000ee600000|100%| E|CS|TAMS 0x00000000ee500000| PB 0x00000000ee500000| Complete |  0
| 230|0x00000000ee600000, 0x00000000ee700000, 0x00000000ee700000|100%| E|CS|TAMS 0x00000000ee600000| PB 0x00000000ee600000| Complete |  0
| 231|0x00000000ee700000, 0x00000000ee800000, 0x00000000ee800000|100%| E|CS|TAMS 0x00000000ee700000| PB 0x00000000ee700000| Complete |  0
| 232|0x00000000ee800000, 0x00000000ee900000, 0x00000000ee900000|100%| E|CS|TAMS 0x00000000ee800000| PB 0x00000000ee800000| Complete |  0
| 233|0x00000000ee900000, 0x00000000eea00000, 0x00000000eea00000|100%| E|CS|TAMS 0x00000000ee900000| PB 0x00000000ee900000| Complete |  0
| 234|0x00000000eea00000, 0x00000000eeb00000, 0x00000000eeb00000|100%| E|CS|TAMS 0x00000000eea00000| PB 0x00000000eea00000| Complete |  0
| 235|0x00000000eeb00000, 0x00000000eec00000, 0x00000000eec00000|100%| E|CS|TAMS 0x00000000eeb00000| PB 0x00000000eeb00000| Complete |  0
| 236|0x00000000eec00000, 0x00000000eed00000, 0x00000000eed00000|100%| E|CS|TAMS 0x00000000eec00000| PB 0x00000000eec00000| Complete |  0
| 237|0x00000000eed00000, 0x00000000eee00000, 0x00000000eee00000|100%| E|CS|TAMS 0x00000000eed00000| PB 0x00000000eed00000| Complete |  0
| 238|0x00000000eee00000, 0x00000000eef00000, 0x00000000eef00000|100%| E|CS|TAMS 0x00000000eee00000| PB 0x00000000eee00000| Complete |  0
| 239|0x00000000eef00000, 0x00000000ef000000, 0x00000000ef000000|100%| E|CS|TAMS 0x00000000eef00000| PB 0x00000000eef00000| Complete |  0
| 240|0x00000000ef000000, 0x00000000ef100000, 0x00000000ef100000|100%| E|CS|TAMS 0x00000000ef000000| PB 0x00000000ef000000| Complete |  0
| 241|0x00000000ef100000, 0x00000000ef200000, 0x00000000ef200000|100%| E|CS|TAMS 0x00000000ef100000| PB 0x00000000ef100000| Complete |  0
| 242|0x00000000ef200000, 0x00000000ef300000, 0x00000000ef300000|100%| E|CS|TAMS 0x00000000ef200000| PB 0x00000000ef200000| Complete |  0
| 243|0x00000000ef300000, 0x00000000ef400000, 0x00000000ef400000|100%| E|CS|TAMS 0x00000000ef300000| PB 0x00000000ef300000| Complete |  0
| 244|0x00000000ef400000, 0x00000000ef500000, 0x00000000ef500000|100%| E|CS|TAMS 0x00000000ef400000| PB 0x00000000ef400000| Complete |  0
| 245|0x00000000ef500000, 0x00000000ef600000, 0x00000000ef600000|100%| E|CS|TAMS 0x00000000ef500000| PB 0x00000000ef500000| Complete |  0
| 246|0x00000000ef600000, 0x00000000ef700000, 0x00000000ef700000|100%| E|CS|TAMS 0x00000000ef600000| PB 0x00000000ef600000| Complete |  0
| 247|0x00000000ef700000, 0x00000000ef800000, 0x00000000ef800000|100%| E|CS|TAMS 0x00000000ef700000| PB 0x00000000ef700000| Complete |  0
| 248|0x00000000ef800000, 0x00000000ef900000, 0x00000000ef900000|100%| E|CS|TAMS 0x00000000ef800000| PB 0x00000000ef800000| Complete |  0
| 249|0x00000000ef900000, 0x00000000efa00000, 0x00000000efa00000|100%| E|CS|TAMS 0x00000000ef900000| PB 0x00000000ef900000| Complete |  0
| 250|0x00000000efa00000, 0x00000000efb00000, 0x00000000efb00000|100%| E|CS|TAMS 0x00000000efa00000| PB 0x00000000efa00000| Complete |  0
| 251|0x00000000efb00000, 0x00000000efc00000, 0x00000000efc00000|100%| E|CS|TAMS 0x00000000efb00000| PB 0x00000000efb00000| Complete |  0
| 252|0x00000000efc00000, 0x00000000efd00000, 0x00000000efd00000|100%| E|CS|TAMS 0x00000000efc00000| PB 0x00000000efc00000| Complete |  0
| 253|0x00000000efd00000, 0x00000000efe00000, 0x00000000efe00000|100%| E|CS|TAMS 0x00000000efd00000| PB 0x00000000efd00000| Complete |  0
| 254|0x00000000efe00000, 0x00000000eff00000, 0x00000000eff00000|100%| E|CS|TAMS 0x00000000efe00000| PB 0x00000000efe00000| Complete |  0
| 255|0x00000000eff00000, 0x00000000f0000000, 0x00000000f0000000|100%| E|CS|TAMS 0x00000000eff00000| PB 0x00000000eff00000| Complete |  0

Card table byte_map: [0x0000028acf6a0000,0x0000028acf7a0000] _byte_map_base: 0x0000028acefa0000

Marking Bits: (CMBitMap*) 0x0000028ab7a622a0
 Bits: [0x0000028acf7a0000, 0x0000028acffa0000)

Polling page: 0x0000028ab5990000

Metaspace:

Usage:
  Non-class:     25.38 MB used.
      Class:      4.42 MB used.
       Both:     29.80 MB used.

Virtual space:
  Non-class space:       64.00 MB reserved,      25.88 MB ( 40%) committed,  1 nodes.
      Class space:      320.00 MB reserved,       4.88 MB (  2%) committed,  1 nodes.
             Both:      384.00 MB reserved,      30.75 MB (  8%) committed. 

Chunk freelists:
   Non-Class:  5.97 MB
       Class:  11.09 MB
        Both:  17.06 MB

MaxMetaspaceSize: 384.00 MB
CompressedClassSpaceSize: 320.00 MB
Initial GC threshold: 21.00 MB
Current GC threshold: 35.12 MB
CDS: on
 - commit_granule_bytes: 65536.
 - commit_granule_words: 8192.
 - virtual_space_node_default_size: 8388608.
 - enlarge_chunks_in_place: 1.
 - use_allocation_guard: 0.


Internal statistics:

num_allocs_failed_limit: 3.
num_arena_births: 1560.
num_arena_deaths: 0.
num_vsnodes_births: 2.
num_vsnodes_deaths: 0.
num_space_committed: 492.
num_space_uncommitted: 0.
num_chunks_returned_to_freelist: 3.
num_chunks_taken_from_freelist: 2756.
num_chunk_merges: 3.
num_chunk_splits: 1797.
num_chunks_enlarged: 1187.
num_inconsistent_stats: 0.

CodeHeap 'non-profiled nmethods': size=120064Kb used=1576Kb max_used=1576Kb free=118487Kb
 bounds [0x0000028ac7c20000, 0x0000028ac7e90000, 0x0000028acf160000]
CodeHeap 'profiled nmethods': size=120000Kb used=6068Kb max_used=6068Kb free=113931Kb
 bounds [0x0000028ac0160000, 0x0000028ac0750000, 0x0000028ac7690000]
CodeHeap 'non-nmethods': size=5696Kb used=1667Kb max_used=1699Kb free=4028Kb
 bounds [0x0000028ac7690000, 0x0000028ac7900000, 0x0000028ac7c20000]
CodeCache: size=245760Kb, used=9311Kb, max_used=9343Kb, free=236446Kb
 total_blobs=4576, nmethods=3968, adapters=513, full_count=0
Compilation: enabled, stopped_count=0, restarted_count=0

Compilation events (20 events):
Event: 4.514 Thread 0x0000028ad2a10ed0 3777       3       jdk.internal.loader.URLClassPath$JarLoader::findResource (18 bytes)
Event: 4.515 Thread 0x0000028ad2a10ed0 nmethod 3777 0x0000028ac0709688 code [0x0000028ac07097c0, 0x0000028ac0709a28]
Event: 4.516 Thread 0x0000028ad2a10ed0 3779       3       java.lang.Character::isJavaIdentifierPart (9 bytes)
Event: 4.517 Thread 0x0000028ad2a10ed0 nmethod 3779 0x0000028ac0709a88 code [0x0000028ac0709bc0, 0x0000028ac0709db8]
Event: 4.517 Thread 0x0000028ad2a10ed0 3780       3       java.lang.CharacterDataLatin1::isJavaIdentifierPart (20 bytes)
Event: 4.517 Thread 0x0000028ad2a10ed0 nmethod 3780 0x0000028ac0709e08 code [0x0000028ac0709f20, 0x0000028ac070a110]
Event: 4.517 Thread 0x0000028ad2a10ed0 3782       3       sun.nio.cs.UTF_8$Decoder::decodeLoop (28 bytes)
Event: 4.517 Thread 0x0000028ad2a10ed0 nmethod 3782 0x0000028ac070a188 code [0x0000028ac070a2e0, 0x0000028ac070a698]
Event: 4.517 Thread 0x0000028ad2a10ed0 3783       3       sun.nio.cs.UTF_8$Decoder::decodeArrayLoop (688 bytes)
Event: 4.520 Thread 0x0000028ad2a10ed0 nmethod 3783 0x0000028ac070a708 code [0x0000028ac070af20, 0x0000028ac070fe50]
Event: 4.523 Thread 0x0000028ad2a10ed0 3784       3       jdk.internal.perf.PerfCounter::getParentDelegationTime (4 bytes)
Event: 4.523 Thread 0x0000028ad2a10ed0 nmethod 3784 0x0000028ac070ff88 code [0x0000028ac07100a0, 0x0000028ac0710198]
Event: 4.523 Thread 0x0000028ad2a10ed0 3785       3       jdk.internal.perf.PerfCounter::addTime (6 bytes)
Event: 4.523 Thread 0x0000028ad2a10ed0 nmethod 3785 0x0000028ac0710288 code [0x0000028ac07103a0, 0x0000028ac07104e0]
Event: 4.523 Thread 0x0000028ad2a10ed0 3786       3       jdk.internal.perf.PerfCounter::getFindClassTime (4 bytes)
Event: 4.523 Thread 0x0000028ad2a10ed0 nmethod 3786 0x0000028ac0710588 code [0x0000028ac07106a0, 0x0000028ac0710798]
Event: 4.523 Thread 0x0000028ad2a10ed0 3787       3       jdk.internal.perf.PerfCounter::getFindClasses (4 bytes)
Event: 4.523 Thread 0x0000028ad2a10ed0 nmethod 3787 0x0000028ac0710888 code [0x0000028ac07109a0, 0x0000028ac0710a98]
Event: 4.525 Thread 0x0000028ad2a10ed0 3788   !   3       java.net.URLClassLoader::defineClass (224 bytes)
Event: 4.526 Thread 0x0000028ad2a10ed0 nmethod 3788 0x0000028ac0710b88 code [0x0000028ac0710f20, 0x0000028ac0712b88]

GC Heap History (10 events):
Event: 0.657 GC heap before
{Heap before GC invocations=0 (full 0):
 garbage-first heap   total reserved 524288K, committed 262144K, used 23552K [0x00000000e0000000, 0x0000000100000000)
  region size 1024K, 24 young (24576K), 0 survivors (0K)
 Metaspace       used 1140K, committed 1280K, reserved 393216K
  class space    used 84K, committed 128K, reserved 327680K
}
Event: 0.667 GC heap after
{Heap after GC invocations=1 (full 0):
 garbage-first heap   total reserved 524288K, committed 262144K, used 4896K [0x00000000e0000000, 0x0000000100000000)
  region size 1024K, 3 young (3072K), 3 survivors (3072K)
 Metaspace       used 1140K, committed 1280K, reserved 393216K
  class space    used 84K, committed 128K, reserved 327680K
}
Event: 1.224 GC heap before
{Heap before GC invocations=1 (full 0):
 garbage-first heap   total reserved 524288K, committed 262144K, used 30496K [0x00000000e0000000, 0x0000000100000000)
  region size 1024K, 26 young (26624K), 3 survivors (3072K)
 Metaspace       used 4630K, committed 4800K, reserved 393216K
  class space    used 603K, committed 704K, reserved 327680K
}
Event: 1.230 GC heap after
{Heap after GC invocations=2 (full 0):
 garbage-first heap   total reserved 524288K, committed 262144K, used 11623K [0x00000000e0000000, 0x0000000100000000)
  region size 1024K, 4 young (4096K), 4 survivors (4096K)
 Metaspace       used 4630K, committed 4800K, reserved 393216K
  class space    used 603K, committed 704K, reserved 327680K
}
Event: 2.164 GC heap before
{Heap before GC invocations=2 (full 0):
 garbage-first heap   total reserved 524288K, committed 262144K, used 56679K [0x00000000e0000000, 0x0000000100000000)
  region size 1024K, 47 young (48128K), 4 survivors (4096K)
 Metaspace       used 4758K, committed 4992K, reserved 393216K
  class space    used 605K, committed 704K, reserved 327680K
}
Event: 2.168 GC heap after
{Heap after GC invocations=3 (full 0):
 garbage-first heap   total reserved 524288K, committed 262144K, used 17150K [0x00000000e0000000, 0x0000000100000000)
  region size 1024K, 5 young (5120K), 5 survivors (5120K)
 Metaspace       used 4758K, committed 4992K, reserved 393216K
  class space    used 605K, committed 704K, reserved 327680K
}
Event: 3.429 GC heap before
{Heap before GC invocations=3 (full 0):
 garbage-first heap   total reserved 524288K, committed 262144K, used 83710K [0x00000000e0000000, 0x0000000100000000)
  region size 1024K, 70 young (71680K), 5 survivors (5120K)
 Metaspace       used 16598K, committed 17152K, reserved 393216K
  class space    used 2365K, committed 2624K, reserved 327680K
}
Event: 3.436 GC heap after
{Heap after GC invocations=4 (full 0):
 garbage-first heap   total reserved 524288K, committed 262144K, used 22415K [0x00000000e0000000, 0x0000000100000000)
  region size 1024K, 9 young (9216K), 9 survivors (9216K)
 Metaspace       used 16598K, committed 17152K, reserved 393216K
  class space    used 2365K, committed 2624K, reserved 327680K
}
Event: 3.914 GC heap before
{Heap before GC invocations=4 (full 0):
 garbage-first heap   total reserved 524288K, committed 262144K, used 57231K [0x00000000e0000000, 0x0000000100000000)
  region size 1024K, 44 young (45056K), 9 survivors (9216K)
 Metaspace       used 20831K, committed 21504K, reserved 393216K
  class space    used 3121K, committed 3456K, reserved 327680K
}
Event: 3.919 GC heap after
{Heap after GC invocations=5 (full 0):
 garbage-first heap   total reserved 524288K, committed 262144K, used 24787K [0x00000000e0000000, 0x0000000100000000)
  region size 1024K, 8 young (8192K), 8 survivors (8192K)
 Metaspace       used 20831K, committed 21504K, reserved 393216K
  class space    used 3121K, committed 3456K, reserved 327680K
}

Dll operation events (15 events):
Event: 0.020 Loaded shared library C:\Users\alla0\.jdks\openjdk-23.0.1\bin\java.dll
Event: 0.065 Loaded shared library C:\Users\alla0\.jdks\openjdk-23.0.1\bin\jsvml.dll
Event: 0.106 Loaded shared library C:\Users\alla0\.jdks\openjdk-23.0.1\bin\zip.dll
Event: 0.111 Loaded shared library C:\Users\alla0\.jdks\openjdk-23.0.1\bin\instrument.dll
Event: 0.116 Loaded shared library C:\Users\alla0\.jdks\openjdk-23.0.1\bin\net.dll
Event: 0.121 Loaded shared library C:\Users\alla0\.jdks\openjdk-23.0.1\bin\nio.dll
Event: 0.124 Loaded shared library C:\Users\alla0\.jdks\openjdk-23.0.1\bin\zip.dll
Event: 0.528 Loaded shared library C:\Users\alla0\.jdks\openjdk-23.0.1\bin\jimage.dll
Event: 0.730 Loaded shared library C:\Users\alla0\.jdks\openjdk-23.0.1\bin\verify.dll
Event: 0.904 Loaded shared library C:\Users\alla0\.gradle\native\1def1411415f61bf3af743bc5b6707747c0891f09f0c88961ee8f79bc544acac\windows-amd64\native-platform.dll
Event: 0.915 Loaded shared library C:\Users\alla0\.gradle\native\0.2.6\x86_64-windows-gnu\gradle-fileevents.dll
Event: 2.419 Loaded shared library C:\Users\alla0\.jdks\openjdk-23.0.1\bin\management.dll
Event: 2.423 Loaded shared library C:\Users\alla0\.jdks\openjdk-23.0.1\bin\management_ext.dll
Event: 2.542 Loaded shared library C:\Users\alla0\.jdks\openjdk-23.0.1\bin\extnet.dll
Event: 2.780 Loaded shared library C:\Users\alla0\.jdks\openjdk-23.0.1\bin\sunmscapi.dll

Deoptimization events (20 events):
Event: 4.475 Thread 0x0000028aed860230 Uncommon trap: trap_request=0xffffff45 fr.pc=0x0000028ac7d7bf08 relative=0x00000000000031e8
Event: 4.475 Thread 0x0000028aed860230 Uncommon trap: reason=unstable_if action=reinterpret pc=0x0000028ac7d7bf08 method=java.lang.String.regionMatches(ZILjava/lang/String;II)Z @ 36 c2
Event: 4.475 Thread 0x0000028aed860230 DEOPT PACKING pc=0x0000028ac7d7bf08 sp=0x000000ec0e0fa7c0
Event: 4.475 Thread 0x0000028aed860230 DEOPT UNPACKING pc=0x0000028ac76e7982 sp=0x000000ec0e0fa6d0 mode 2
Event: 4.475 Thread 0x0000028aed860230 Uncommon trap: trap_request=0xffffffde fr.pc=0x0000028ac7c7df20 relative=0x0000000000000720
Event: 4.475 Thread 0x0000028aed860230 Uncommon trap: reason=class_check action=maybe_recompile pc=0x0000028ac7c7df20 method=jdk.internal.loader.URLClassPath.getLoader(I)Ljdk/internal/loader/URLClassPath$Loader; @ 88 c2
Event: 4.475 Thread 0x0000028aed860230 DEOPT PACKING pc=0x0000028ac7c7df20 sp=0x000000ec0e0faad0
Event: 4.475 Thread 0x0000028aed860230 DEOPT UNPACKING pc=0x0000028ac76e7982 sp=0x000000ec0e0faa90 mode 2
Event: 4.475 Thread 0x0000028aed860230 Uncommon trap: trap_request=0xffffffde fr.pc=0x0000028ac7d69734 relative=0x0000000000004874
Event: 4.475 Thread 0x0000028aed860230 Uncommon trap: reason=class_check action=maybe_recompile pc=0x0000028ac7d69734 method=jdk.internal.loader.URLClassPath.getResource(Ljava/lang/String;Z)Ljdk/internal/loader/Resource; @ 53 c2
Event: 4.475 Thread 0x0000028aed860230 DEOPT PACKING pc=0x0000028ac7d69734 sp=0x000000ec0e0fab60
Event: 4.475 Thread 0x0000028aed860230 DEOPT UNPACKING pc=0x0000028ac76e7982 sp=0x000000ec0e0fa980 mode 2
Event: 4.477 Thread 0x0000028aed860230 Uncommon trap: trap_request=0xffffff45 fr.pc=0x0000028ac7d05208 relative=0x00000000000000e8
Event: 4.477 Thread 0x0000028aed860230 Uncommon trap: reason=unstable_if action=reinterpret pc=0x0000028ac7d05208 method=java.lang.ClassLoader.getClassLoadingLock(Ljava/lang/String;)Ljava/lang/Object; @ 6 c2
Event: 4.477 Thread 0x0000028aed860230 DEOPT PACKING pc=0x0000028ac7d05208 sp=0x000000ec0e0f9160
Event: 4.477 Thread 0x0000028aed860230 DEOPT UNPACKING pc=0x0000028ac76e7982 sp=0x000000ec0e0f90f0 mode 2
Event: 4.478 Thread 0x0000028aed860230 Uncommon trap: trap_request=0xffffff45 fr.pc=0x0000028ac7d5a1b4 relative=0x0000000000000914
Event: 4.478 Thread 0x0000028aed860230 Uncommon trap: reason=unstable_if action=reinterpret pc=0x0000028ac7d5a1b4 method=java.lang.Class.getPackageName()Ljava/lang/String; @ 55 c2
Event: 4.478 Thread 0x0000028aed860230 DEOPT PACKING pc=0x0000028ac7d5a1b4 sp=0x000000ec0e0fa730
Event: 4.478 Thread 0x0000028aed860230 DEOPT UNPACKING pc=0x0000028ac76e7982 sp=0x000000ec0e0fa700 mode 2

Classes loaded (20 events):
Event: 4.486 Loading class java/beans/Transient
Event: 4.486 Loading class java/beans/Transient done
Event: 4.492 Loading class java/util/stream/IntPipeline$1
Event: 4.493 Loading class java/util/stream/IntPipeline$1 done
Event: 4.493 Loading class java/util/stream/Nodes$FixedNodeBuilder
Event: 4.493 Loading class java/util/stream/Nodes$ArrayNode
Event: 4.493 Loading class java/util/stream/Nodes$ArrayNode done
Event: 4.493 Loading class java/util/stream/Nodes$FixedNodeBuilder done
Event: 4.493 Loading class java/util/stream/IntPipeline$1$1
Event: 4.494 Loading class java/util/stream/Sink$ChainedInt
Event: 4.494 Loading class java/util/stream/Sink$OfInt
Event: 4.494 Loading class java/util/stream/Sink$OfInt done
Event: 4.494 Loading class java/util/stream/Sink$ChainedInt done
Event: 4.494 Loading class java/util/stream/IntPipeline$1$1 done
Event: 4.503 Loading class java/lang/IllegalAccessError
Event: 4.503 Loading class java/lang/IllegalAccessError done
Event: 4.506 Loading class java/lang/Process
Event: 4.507 Loading class java/lang/Process done
Event: 4.507 Loading class java/lang/ProcessBuilder
Event: 4.507 Loading class java/lang/ProcessBuilder done

Classes unloaded (0 events):
No events

Classes redefined (0 events):
No events

Internal exceptions (20 events):
Event: 4.063 Thread 0x0000028aed860230 Exception <a 'java/lang/NoSuchMethodError'{0x00000000ef4bd3f8}: 'java.lang.Object java.lang.invoke.DirectMethodHandle$Holder.invokeStaticInit(java.lang.Object, java.lang.Object, java.lang.Object, java.lang.Object)'> (0x00000000ef4bd3f8) 
thrown [s\open\src\hotspot\share\interpreter\linkResolver.cpp, line 796]
Event: 4.081 Thread 0x0000028aed860230 Exception <a 'java/lang/NoSuchMethodError'{0x00000000ef28dc10}: 'void java.lang.invoke.DirectMethodHandle$Holder.invokeStatic(java.lang.Object, java.lang.Object, java.lang.Object, java.lang.Object)'> (0x00000000ef28dc10) 
thrown [s\open\src\hotspot\share\interpreter\linkResolver.cpp, line 796]
Event: 4.091 Thread 0x0000028aed860230 Exception <a 'java/lang/NoSuchMethodError'{0x00000000ef119960}: 'java.lang.Object java.lang.invoke.DirectMethodHandle$Holder.invokeVirtual(java.lang.Object, java.lang.Object, java.lang.Object, java.lang.Object, java.lang.Object, java.lang.Object, java.lang.Object, java.lang.Object, java.lang.Object, java.lang.Object, java.lang.Object, java.lang.Object, java.lang.Object)'> (0x00000000ef119960) 
thrown [s\open\src\hotspot\share\interpreter\linkResolver.cpp, line 796]
Event: 4.091 Thread 0x0000028aed860230 Exception <a 'java/lang/NoSuchMethodError'{0x00000000ef11eba0}: 'java.lang.Object java.lang.invoke.DirectMethodHandle$Holder.invokeSpecial(java.lang.Object, java.lang.Object, java.lang.Object, java.lang.Object, java.lang.Object, java.lang.Object, java.lang.Object, java.lang.Object, java.lang.Object, java.lang.Object, java.lang.Object, java.lang.Object, java.lang.Object, java.lang.Object)'> (0x00000000ef11eba0) 
thrown [s\open\src\hotspot\share\interpreter\linkResolver.cpp, line 796]
Event: 4.091 Thread 0x0000028aed860230 Exception <a 'java/lang/NoSuchMethodError'{0x00000000ef1238f8}: 'java.lang.Object java.lang.invoke.DelegatingMethodHandle$Holder.reinvoke_L(java.lang.Object, java.lang.Object, java.lang.Object, java.lang.Object, java.lang.Object, java.lang.Object, java.lang.Object, java.lang.Object, java.lang.Object, java.lang.Object, java.lang.Object, java.lang.Object, java.lang.Object)'> (0x00000000ef1238f8) 
thrown [s\open\src\hotspot\share\interpreter\linkResolver.cpp, line 796]
Event: 4.109 Thread 0x0000028aed860230 Exception <a 'java/lang/NoSuchMethodError'{0x00000000ef0cec00}: 'void java.lang.invoke.DirectMethodHandle$Holder.invokeStaticInit(java.lang.Object, java.lang.Object)'> (0x00000000ef0cec00) 
thrown [s\open\src\hotspot\share\interpreter\linkResolver.cpp, line 796]
Event: 4.204 Thread 0x0000028aed860230 Exception <a 'java/lang/NoSuchMethodError'{0x00000000ee8509a8}: 'int java.lang.invoke.DirectMethodHandle$Holder.invokeVirtual(java.lang.Object, java.lang.Object)'> (0x00000000ee8509a8) 
thrown [s\open\src\hotspot\share\interpreter\linkResolver.cpp, line 796]
Event: 4.239 Thread 0x0000028aed860230 Exception <a 'java/lang/NoSuchMethodError'{0x00000000ee571e10}: 'void java.lang.invoke.DirectMethodHandle$Holder.invokeInterface(java.lang.Object, java.lang.Object, java.lang.Object, java.lang.Object, java.lang.Object)'> (0x00000000ee571e10) 
thrown [s\open\src\hotspot\share\interpreter\linkResolver.cpp, line 796]
Event: 4.365 Thread 0x0000028aed860230 Exception <a 'java/lang/IncompatibleClassChangeError'{0x00000000eddc43a0}: Found class java.lang.Object, but interface was expected> (0x00000000eddc43a0) 
thrown [s\open\src\hotspot\share\interpreter\linkResolver.cpp, line 863]
Event: 4.376 Thread 0x0000028aed860230 Exception <a 'java/lang/NoSuchMethodError'{0x00000000ed4d3810}: 'java.lang.Object java.lang.invoke.DirectMethodHandle$Holder.newInvokeSpecial(java.lang.Object, java.lang.Object, long)'> (0x00000000ed4d3810) 
thrown [s\open\src\hotspot\share\interpreter\linkResolver.cpp, line 796]
Event: 4.376 Thread 0x0000028aed860230 Exception <a 'java/lang/NoSuchMethodError'{0x00000000ed4d7bf0}: 'java.lang.Object java.lang.invoke.Invokers$Holder.linkToTargetMethod(java.lang.Object, long, java.lang.Object)'> (0x00000000ed4d7bf0) 
thrown [s\open\src\hotspot\share\interpreter\linkResolver.cpp, line 796]
Event: 4.405 Thread 0x0000028aed860230 Exception <a 'java/lang/NoSuchMethodError'{0x00000000ed2eb890}: 'int java.lang.invoke.DirectMethodHandle$Holder.invokeInterface(java.lang.Object, java.lang.Object)'> (0x00000000ed2eb890) 
thrown [s\open\src\hotspot\share\interpreter\linkResolver.cpp, line 796]
Event: 4.412 Thread 0x0000028aed860230 Exception <a 'java/lang/NoSuchMethodError'{0x00000000ed1743c0}: 'java.lang.Object java.lang.invoke.DirectMethodHandle$Holder.invokeVirtual(java.lang.Object, java.lang.Object, int)'> (0x00000000ed1743c0) 
thrown [s\open\src\hotspot\share\interpreter\linkResolver.cpp, line 796]
Event: 4.427 Thread 0x0000028aed860230 Exception <a 'java/lang/NoSuchMethodError'{0x00000000ed02e9c8}: 'java.lang.Object java.lang.invoke.DirectMethodHandle$Holder.invokeStatic(java.lang.Object, java.lang.Object, int, java.lang.Object)'> (0x00000000ed02e9c8) 
thrown [s\open\src\hotspot\share\interpreter\linkResolver.cpp, line 796]
Event: 4.428 Thread 0x0000028aed860230 Exception <a 'java/lang/NoSuchMethodError'{0x00000000ed035e30}: 'java.lang.Object java.lang.invoke.DirectMethodHandle$Holder.newInvokeSpecial(java.lang.Object, java.lang.Object, int, java.lang.Object)'> (0x00000000ed035e30) 
thrown [s\open\src\hotspot\share\interpreter\linkResolver.cpp, line 796]
Event: 4.428 Thread 0x0000028aed860230 Exception <a 'java/lang/NoSuchMethodError'{0x00000000ed03a5f0}: 'java.lang.Object java.lang.invoke.DirectMethodHandle$Holder.invokeSpecial(java.lang.Object, java.lang.Object, java.lang.Object, int, java.lang.Object)'> (0x00000000ed03a5f0) 
thrown [s\open\src\hotspot\share\interpreter\linkResolver.cpp, line 796]
Event: 4.472 Thread 0x0000028aed860230 Exception <a 'java/lang/NoSuchMethodError'{0x00000000ecd781e0}: 'void java.lang.invoke.DirectMethodHandle$Holder.invokeInterface(java.lang.Object, java.lang.Object, java.lang.Object, java.lang.Object, java.lang.Object, java.lang.Object, java.lang.Object)'> (0x00000000ecd781e0) 
thrown [s\open\src\hotspot\share\interpreter\linkResolver.cpp, line 796]
Event: 4.473 Thread 0x0000028aed860230 Exception <a 'java/lang/NoSuchMethodError'{0x00000000ecd7cb60}: 'void java.lang.invoke.DelegatingMethodHandle$Holder.reinvoke_L(java.lang.Object, java.lang.Object, java.lang.Object, java.lang.Object, java.lang.Object, java.lang.Object, java.lang.Object)'> (0x00000000ecd7cb60) 
thrown [s\open\src\hotspot\share\interpreter\linkResolver.cpp, line 796]
Event: 4.506 Thread 0x0000028aed860230 Exception <a 'java/lang/NoSuchMethodError'{0x00000000ecbcb2d8}: 'java.lang.Object java.lang.invoke.DirectMethodHandle$Holder.invokeStaticInit(java.lang.Object, java.lang.Object, java.lang.Object, java.lang.Object, java.lang.Object, java.lang.Object, java.lang.Object)'> (0x00000000ecbcb2d8) 
thrown [s\open\src\hotspot\share\interpreter\linkResolver.cpp, line 796]
Event: 4.509 Thread 0x0000028aed860230 Exception <a 'java/lang/NoSuchMethodError'{0x00000000ecbf1328}: 'java.lang.Object java.lang.invoke.DirectMethodHandle$Holder.invokeSpecial(java.lang.Object, java.lang.Object, java.lang.Object, int, java.lang.Object, java.lang.Object)'> (0x00000000ecbf1328) 
thrown [s\open\src\hotspot\share\interpreter\linkResolver.cpp, line 796]

VM Operations (20 events):
Event: 3.455 Executing VM operation: HandshakeAllThreads (Deoptimize)
Event: 3.455 Executing VM operation: HandshakeAllThreads (Deoptimize) done
Event: 3.914 Executing VM operation: CollectForMetadataAllocation (Metadata GC Threshold)
Event: 3.919 Executing VM operation: CollectForMetadataAllocation (Metadata GC Threshold) done
Event: 3.929 Executing VM operation: G1PauseRemark
Event: 3.931 Executing VM operation: G1PauseRemark done
Event: 3.933 Executing VM operation: G1PauseCleanup
Event: 3.933 Executing VM operation: G1PauseCleanup done
Event: 4.222 Executing VM operation: HandshakeAllThreads (Deoptimize)
Event: 4.222 Executing VM operation: HandshakeAllThreads (Deoptimize) done
Event: 4.364 Executing VM operation: HandshakeAllThreads (Deoptimize)
Event: 4.364 Executing VM operation: HandshakeAllThreads (Deoptimize) done
Event: 4.367 Executing VM operation: HandshakeAllThreads (Deoptimize)
Event: 4.367 Executing VM operation: HandshakeAllThreads (Deoptimize) done
Event: 4.386 Executing VM operation: HandshakeAllThreads (Deoptimize)
Event: 4.386 Executing VM operation: HandshakeAllThreads (Deoptimize) done
Event: 4.475 Executing VM operation: HandshakeAllThreads (Deoptimize)
Event: 4.476 Executing VM operation: HandshakeAllThreads (Deoptimize) done
Event: 4.476 Executing VM operation: HandshakeAllThreads (Deoptimize)
Event: 4.476 Executing VM operation: HandshakeAllThreads (Deoptimize) done

Memory protections (0 events):
No events

Nmethod flushes (0 events):
No events

Events (20 events):
Event: 2.372 Thread 0x0000028ad2a10ed0 Thread added: 0x0000028aed7c4bb0
Event: 2.454 Thread 0x0000028ab57526d0 Thread added: 0x0000028aed726c40
Event: 2.691 Thread 0x0000028ab57526d0 Thread added: 0x0000028aed964700
Event: 2.735 Thread 0x0000028ab57526d0 Thread added: 0x0000028aed846000
Event: 2.809 Thread 0x0000028aed964700 Thread added: 0x0000028aed924060
Event: 2.813 Thread 0x0000028aed924060 Thread added: 0x0000028aed9286e0
Event: 2.852 Thread 0x0000028aed924060 Thread added: 0x0000028aed849f90
Event: 2.860 Thread 0x0000028aed924060 Thread added: 0x0000028aed860230
Event: 2.872 Thread 0x0000028aed860230 Thread added: 0x0000028aed8992e0
Event: 2.876 Thread 0x0000028aed860230 Thread added: 0x0000028aed89a690
Event: 2.879 Thread 0x0000028aed860230 Thread added: 0x0000028aed89a000
Event: 3.231 Thread 0x0000028aed860230 Thread added: 0x0000028aed897f30
Event: 3.239 Thread 0x0000028aed860230 Thread added: 0x0000028aed898c50
Event: 3.271 Thread 0x0000028aed860230 Thread added: 0x0000028aed897210
Event: 4.025 Thread 0x0000028aed860230 Thread added: 0x0000028aed899970
Event: 4.037 Thread 0x0000028aed860230 Thread added: 0x0000028aef647270
Event: 4.198 Thread 0x0000028aed860230 Thread added: 0x0000028aef647900
Event: 4.204 Thread 0x0000028aed860230 Thread added: 0x0000028aef64a6f0
Event: 4.429 Thread 0x0000028aed860230 Thread added: 0x0000028aef649340
Event: 4.464 Thread 0x0000028aed860230 Thread added: 0x0000028aef648620


Dynamic libraries:
0x00007ff6eba00000 - 0x00007ff6eba0e000 	C:\Users\alla0\.jdks\openjdk-23.0.1\bin\java.exe
0x00007ffaadc30000 - 0x00007ffaade47000 	C:\WINDOWS\SYSTEM32\ntdll.dll
0x00007ffa7c1a0000 - 0x00007ffa7c1ba000 	C:\Program Files\Avast Software\Avast\aswhook.dll
0x00007ffaabb90000 - 0x00007ffaabc54000 	C:\WINDOWS\System32\KERNEL32.DLL
0x00007ffaab420000 - 0x00007ffaab7da000 	C:\WINDOWS\System32\KERNELBASE.dll
0x00007ffaab300000 - 0x00007ffaab411000 	C:\WINDOWS\System32\ucrtbase.dll
0x00007ffa82df0000 - 0x00007ffa82e0b000 	C:\Users\alla0\.jdks\openjdk-23.0.1\bin\VCRUNTIME140.dll
0x00007ffa891d0000 - 0x00007ffa891e7000 	C:\Users\alla0\.jdks\openjdk-23.0.1\bin\jli.dll
0x00007ffaac320000 - 0x00007ffaac4ce000 	C:\WINDOWS\System32\USER32.dll
0x00007ffaab180000 - 0x00007ffaab1a6000 	C:\WINDOWS\System32\win32u.dll
0x00007ffaaba50000 - 0x00007ffaaba79000 	C:\WINDOWS\System32\GDI32.dll
0x00007ffa87af0000 - 0x00007ffa87d82000 	C:\WINDOWS\WinSxS\amd64_microsoft.windows.common-controls_6595b64144ccf1df_6.0.22621.4541_none_2710d1c57384c085\COMCTL32.dll
0x00007ffaab1e0000 - 0x00007ffaab2fb000 	C:\WINDOWS\System32\gdi32full.dll
0x00007ffaabae0000 - 0x00007ffaabb87000 	C:\WINDOWS\System32\msvcrt.dll
0x00007ffaaaf70000 - 0x00007ffaab00a000 	C:\WINDOWS\System32\msvcp_win.dll
0x00007ffaace00000 - 0x00007ffaace31000 	C:\WINDOWS\System32\IMM32.DLL
0x00007ffaa58f0000 - 0x00007ffaa58fc000 	C:\Users\alla0\.jdks\openjdk-23.0.1\bin\vcruntime140_1.dll
0x00007ffa5b890000 - 0x00007ffa5b91e000 	C:\Users\alla0\.jdks\openjdk-23.0.1\bin\msvcp140.dll
0x00007ffa4f770000 - 0x00007ffa504bf000 	C:\Users\alla0\.jdks\openjdk-23.0.1\bin\server\jvm.dll
0x00007ffaadac0000 - 0x00007ffaadb72000 	C:\WINDOWS\System32\ADVAPI32.dll
0x00007ffaac9b0000 - 0x00007ffaaca57000 	C:\WINDOWS\System32\sechost.dll
0x00007ffaab1b0000 - 0x00007ffaab1d8000 	C:\WINDOWS\System32\bcrypt.dll
0x00007ffaad860000 - 0x00007ffaad974000 	C:\WINDOWS\System32\RPCRT4.dll
0x00007ffaabc60000 - 0x00007ffaabcd1000 	C:\WINDOWS\System32\WS2_32.dll
0x00007ffaaa980000 - 0x00007ffaaa9cd000 	C:\WINDOWS\SYSTEM32\POWRPROF.dll
0x00007ffaa61c0000 - 0x00007ffaa61f4000 	C:\WINDOWS\SYSTEM32\WINMM.dll
0x00007ffaa0f60000 - 0x00007ffaa0f6a000 	C:\WINDOWS\SYSTEM32\VERSION.dll
0x00007ffaaa800000 - 0x00007ffaaa813000 	C:\WINDOWS\SYSTEM32\UMPDC.dll
0x00007ffaa9f30000 - 0x00007ffaa9f48000 	C:\WINDOWS\SYSTEM32\kernel.appcore.dll
0x00007ffa8ffb0000 - 0x00007ffa8ffba000 	C:\Users\alla0\.jdks\openjdk-23.0.1\bin\jimage.dll
0x00007ffaa8350000 - 0x00007ffaa8582000 	C:\WINDOWS\SYSTEM32\DBGHELP.DLL
0x00007ffaaca60000 - 0x00007ffaacdf1000 	C:\WINDOWS\System32\combase.dll
0x00007ffaacf00000 - 0x00007ffaacfd7000 	C:\WINDOWS\System32\OLEAUT32.dll
0x00007ffaa0910000 - 0x00007ffaa0942000 	C:\WINDOWS\SYSTEM32\dbgcore.DLL
0x00007ffaab8a0000 - 0x00007ffaab91b000 	C:\WINDOWS\System32\bcryptPrimitives.dll
0x00007ffa8f5c0000 - 0x00007ffa8f5cf000 	C:\Users\alla0\.jdks\openjdk-23.0.1\bin\instrument.dll
0x00007ffa8d450000 - 0x00007ffa8d46e000 	C:\Users\alla0\.jdks\openjdk-23.0.1\bin\java.dll
0x00007ffaac530000 - 0x00007ffaac6d5000 	C:\WINDOWS\System32\ole32.dll
0x00007ffaacfe0000 - 0x00007ffaad859000 	C:\WINDOWS\System32\SHELL32.dll
0x00007ffaa8e30000 - 0x00007ffaa9739000 	C:\WINDOWS\SYSTEM32\windows.storage.dll
0x00007ffaa8cf0000 - 0x00007ffaa8e2f000 	C:\WINDOWS\SYSTEM32\wintypes.dll
0x00007ffaab920000 - 0x00007ffaaba1a000 	C:\WINDOWS\System32\SHCORE.dll
0x00007ffaac4d0000 - 0x00007ffaac52e000 	C:\WINDOWS\System32\shlwapi.dll
0x00007ffaaae20000 - 0x00007ffaaae4b000 	C:\WINDOWS\SYSTEM32\profapi.dll
0x00007ffa5f8e0000 - 0x00007ffa5f9b7000 	C:\Users\alla0\.jdks\openjdk-23.0.1\bin\jsvml.dll
0x00007ffa81ac0000 - 0x00007ffa81ad7000 	C:\Users\alla0\.jdks\openjdk-23.0.1\bin\zip.dll
0x00007ffa8f590000 - 0x00007ffa8f5a0000 	C:\Users\alla0\.jdks\openjdk-23.0.1\bin\net.dll
0x00007ffaaa3b0000 - 0x00007ffaaa419000 	C:\WINDOWS\system32\mswsock.dll
0x00007ffa81aa0000 - 0x00007ffa81ab6000 	C:\Users\alla0\.jdks\openjdk-23.0.1\bin\nio.dll
0x00007ffa8ee60000 - 0x00007ffa8ee70000 	C:\Users\alla0\.jdks\openjdk-23.0.1\bin\verify.dll
0x00007ffa81530000 - 0x00007ffa81557000 	C:\Users\alla0\.gradle\native\1def1411415f61bf3af743bc5b6707747c0891f09f0c88961ee8f79bc544acac\windows-amd64\native-platform.dll
0x00007ffa5f860000 - 0x00007ffa5f8d8000 	C:\Users\alla0\.gradle\native\0.2.6\x86_64-windows-gnu\gradle-fileevents.dll
0x00007ffa8f6e0000 - 0x00007ffa8f6ea000 	C:\Users\alla0\.jdks\openjdk-23.0.1\bin\management.dll
0x00007ffa8f6d0000 - 0x00007ffa8f6db000 	C:\Users\alla0\.jdks\openjdk-23.0.1\bin\management_ext.dll
0x00007ffaace40000 - 0x00007ffaace48000 	C:\WINDOWS\System32\PSAPI.DLL
0x00007ffaa9990000 - 0x00007ffaa99bd000 	C:\WINDOWS\SYSTEM32\IPHLPAPI.DLL
0x00007ffaac9a0000 - 0x00007ffaac9a9000 	C:\WINDOWS\System32\NSI.dll
0x00007ffa8eb60000 - 0x00007ffa8eb69000 	C:\Users\alla0\.jdks\openjdk-23.0.1\bin\extnet.dll
0x00007ffaaa670000 - 0x00007ffaaa68b000 	C:\WINDOWS\SYSTEM32\CRYPTSP.dll
0x00007ffaa9e90000 - 0x00007ffaa9ec5000 	C:\WINDOWS\system32\rsaenh.dll
0x00007ffaaa4a0000 - 0x00007ffaaa4c8000 	C:\WINDOWS\SYSTEM32\USERENV.dll
0x00007ffaaa690000 - 0x00007ffaaa69c000 	C:\WINDOWS\SYSTEM32\CRYPTBASE.dll
0x00007ffa8d440000 - 0x00007ffa8d44e000 	C:\Users\alla0\.jdks\openjdk-23.0.1\bin\sunmscapi.dll
0x00007ffaab010000 - 0x00007ffaab176000 	C:\WINDOWS\System32\CRYPT32.dll
0x00007ffaaa860000 - 0x00007ffaaa88d000 	C:\WINDOWS\SYSTEM32\ncrypt.dll
0x00007ffaaa820000 - 0x00007ffaaa857000 	C:\WINDOWS\SYSTEM32\NTASN1.dll
0x00007ffa82dd0000 - 0x00007ffa82dd8000 	C:\WINDOWS\system32\wshunix.dll

dbghelp: loaded successfully - version: 4.0.5 - missing functions: none
symbol engine: initialized successfully - sym options: 0x614 - pdb path: .;C:\Users\alla0\.jdks\openjdk-23.0.1\bin;C:\WINDOWS\SYSTEM32;C:\Program Files\Avast Software\Avast;C:\WINDOWS\WinSxS\amd64_microsoft.windows.common-controls_6595b64144ccf1df_6.0.22621.4541_none_2710d1c57384c085;C:\Users\alla0\.jdks\openjdk-23.0.1\bin\server;C:\Users\alla0\.gradle\native\1def1411415f61bf3af743bc5b6707747c0891f09f0c88961ee8f79bc544acac\windows-amd64;C:\Users\alla0\.gradle\native\0.2.6\x86_64-windows-gnu

VM Arguments:
jvm_args: --add-opens=java.base/java.lang=ALL-UNNAMED --add-opens=java.base/java.lang.invoke=ALL-UNNAMED --add-opens=java.base/java.util=ALL-UNNAMED --add-opens=java.prefs/java.util.prefs=ALL-UNNAMED --add-exports=jdk.compiler/com.sun.tools.javac.api=ALL-UNNAMED --add-exports=jdk.compiler/com.sun.tools.javac.util=ALL-UNNAMED --add-opens=java.base/java.util=ALL-UNNAMED --add-opens=java.prefs/java.util.prefs=ALL-UNNAMED --add-opens=java.base/java.nio.charset=ALL-UNNAMED --add-opens=java.base/java.net=ALL-UNNAMED --add-opens=java.base/java.util.concurrent.atomic=ALL-UNNAMED --add-opens=java.xml/javax.xml.namespace=ALL-UNNAMED -XX:MaxMetaspaceSize=384m -XX:+HeapDumpOnOutOfMemoryError -Xms256m -Xmx512m -Dfile.encoding=UTF-8 -Duser.country=KR -Duser.language=ko -Duser.variant -javaagent:C:\Users\alla0\.gradle\wrapper\dists\gradle-8.12.1-bin\eumc4uhoysa37zql93vfjkxy0\gradle-8.12.1\lib\agents\gradle-instrumentation-agent-8.12.1.jar 
java_command: org.gradle.launcher.daemon.bootstrap.GradleDaemon 8.12.1
java_class_path (initial): C:\Users\alla0\.gradle\wrapper\dists\gradle-8.12.1-bin\eumc4uhoysa37zql93vfjkxy0\gradle-8.12.1\lib\gradle-daemon-main-8.12.1.jar
Launcher Type: SUN_STANDARD

[Global flags]
     intx CICompilerCount                          = 4                                         {product} {ergonomic}
   size_t CompressedClassSpaceSize                 = 335544320                                 {product} {ergonomic}
     uint ConcGCThreads                            = 2                                         {product} {ergonomic}
     uint G1ConcRefinementThreads                  = 8                                         {product} {ergonomic}
   size_t G1HeapRegionSize                         = 1048576                                   {product} {ergonomic}
     bool HeapDumpOnOutOfMemoryError               = true                                   {manageable} {command line}
   size_t InitialHeapSize                          = 268435456                                 {product} {command line}
   size_t MarkStackSize                            = 4194304                                   {product} {ergonomic}
   size_t MarkStackSizeMax                         = 536870912                                 {product} {ergonomic}
   size_t MaxHeapSize                              = 536870912                                 {product} {command line}
   size_t MaxMetaspaceSize                         = 402653184                                 {product} {command line}
   size_t MaxNewSize                               = 321912832                                 {product} {ergonomic}
   size_t MinHeapDeltaBytes                        = 1048576                                   {product} {ergonomic}
   size_t MinHeapSize                              = 268435456                                 {product} {command line}
    uintx NonNMethodCodeHeapSize                   = 5832704                                {pd product} {ergonomic}
    uintx NonProfiledCodeHeapSize                  = 122945536                              {pd product} {ergonomic}
    uintx ProfiledCodeHeapSize                     = 122880000                              {pd product} {ergonomic}
    uintx ReservedCodeCacheSize                    = 251658240                              {pd product} {ergonomic}
     bool SegmentedCodeCache                       = true                                      {product} {ergonomic}
   size_t SoftMaxHeapSize                          = 536870912                              {manageable} {ergonomic}
     bool UseCompressedOops                        = true                           {product lp64_product} {ergonomic}
     bool UseG1GC                                  = true                                      {product} {ergonomic}
     bool UseLargePagesIndividualAllocation        = false                                  {pd product} {ergonomic}

Logging:
Log output configuration:
 #0: stdout all=warning uptime,level,tags foldmultilines=false
 #1: stderr all=off uptime,level,tags foldmultilines=false

Environment Variables:
PATH=C:\Program Files\Common Files\Oracle\Java\javapath;C:\WINDOWS\system32;C:\WINDOWS;C:\WINDOWS\System32\Wbem;C:\WINDOWS\System32\WindowsPowerShell\v1.0\;C:\WINDOWS\System32\OpenSSH\;C:\Program Files (x86)\IVI Foundation\VISA\WinNT\Bin;C:\Users\alla0\OneDrive\ \gradle-8.7-all;C:\Users\alla0\OneDrive\ \gradle-8.7-all\gradle-8.7;C:\Users\alla0\OneDrive\ \gradle-8.7-all\gradle-8.7\bin;C:\Program Files\Git\cmd;C:\Users\alla0\AppData\Local\Microsoft\WindowsApps;C:\Users\alla0\AppData\Local\Programs\Microsoft VS Code\bin;C:\MinGW\bin;C:\Program Files\MySQL\MySQL Server 8.0\bin;;C:\Program Files\JetBrains\IntelliJ IDEA 2024.3.1.1\bin;
USERNAME=alla0
OS=Windows_NT
PROCESSOR_IDENTIFIER=Intel64 Family 6 Model 140 Stepping 1, GenuineIntel
TMP=C:\Users\alla0\AppData\Local\Temp
TEMP=C:\Users\alla0\AppData\Local\Temp




Periodic native trim disabled

---------------  S Y S T E M  ---------------

OS:
 Windows 11 , 64 bit Build 22621 (10.0.22621.4391)
OS uptime: 6 days 17:44 hours

CPU: total 8 (initial active 8) (4 cores per cpu, 2 threads per core) family 6 model 140 stepping 1 microcode 0x8a, cx8, cmov, fxsr, ht, mmx, 3dnowpref, sse, sse2, sse3, ssse3, sse4.1, sse4.2, popcnt, lzcnt, tsc, tscinvbit, avx, avx2, aes, erms, clmul, bmi1, bmi2, adx, avx512f, avx512dq, avx512cd, avx512bw, avx512vl, sha, fma, vzeroupper, avx512_vpopcntdq, avx512_vpclmulqdq, avx512_vaes, avx512_vnni, clflush, clflushopt, clwb, avx512_vbmi2, avx512_vbmi, rdtscp, rdpid, fsrm, gfni, avx512_bitalg, f16c, pku, cet_ibt, cet_ss, avx512_ifma
Processor Information for the first 8 processors :
  Max Mhz: 2419, Current Mhz: 2419, Mhz Limit: 2419

Memory: 4k page, system-wide physical 7900M (402M free)
TotalPageFile size 32476M (AvailPageFile size 0M)
current process WorkingSet (physical memory assigned to process): 250M, peak: 250M
current process commit charge ("private bytes"): 453M, peak: 453M

vm_info: OpenJDK 64-Bit Server VM (23.0.1+11-39) for windows-amd64 JRE (23.0.1+11-39), built on 2024-09-30T07:20:43Z with MS VC++ 17.6 (VS2022)

END.
